2026-01-28 09:16:32,261 | INFO | Stock alert service started
2026-01-28 09:16:32,261 | INFO | Market is open — starting monitoring
2026-01-28 09:16:32,262 | INFO | Checking stock prices...
2026-01-28 09:16:52,345 | INFO | ALERT | Eternal | LOW | Last Exit Price: 294 | Price: 254.9499969482422 | Alert: 264.6
2026-01-28 09:17:04,838 | INFO | Checking Completed. Sleeping...
2026-01-28 09:18:04,839 | INFO | Checking stock prices...
2026-01-28 09:18:16,378 | INFO | ALERT | Eternal | LOW | Last Exit Price: 294 | Price: 253.4499969482422 | Alert: 264.6
2026-01-28 09:20:29,043 | INFO | Stock alert service started
2026-01-28 09:20:29,044 | INFO | Market is open — starting monitoring
2026-01-28 09:20:29,045 | INFO | Checking stock prices...
2026-01-28 09:21:00,574 | INFO | ALERT | Eternal | LOW | Last Exit Price: 294 | Price: 255.4499969482422 | Alert: 264.6
2026-01-28 09:21:13,356 | INFO | Checking Completed. Sleeping...
2026-01-28 09:22:13,357 | INFO | Checking stock prices...
2026-01-28 09:22:18,223 | INFO | ALERT | Eternal | LOW | Last Exit Price: 294 | Price: 254.6999969482422 | Alert: 264.6
2026-01-28 09:22:30,626 | INFO | Checking Completed. Sleeping...
2026-01-28 09:23:30,627 | INFO | Checking stock prices...
2026-01-28 09:23:38,625 | INFO | Checking Completed. Sleeping...
2026-01-28 09:24:38,626 | INFO | Checking stock prices...
2026-01-28 09:24:45,284 | INFO | Checking Completed. Sleeping...
2026-01-28 09:25:45,285 | INFO | Checking stock prices...
2026-01-28 09:25:51,307 | INFO | Checking Completed. Sleeping...
2026-01-28 09:26:51,308 | INFO | Checking stock prices...
2026-01-28 09:26:58,098 | INFO | Checking Completed. Sleeping...
2026-01-28 09:27:58,099 | INFO | Checking stock prices...
2026-01-28 09:28:04,381 | INFO | Checking Completed. Sleeping...
2026-01-28 09:29:04,382 | INFO | Checking stock prices...
2026-01-28 09:29:10,959 | INFO | Checking Completed. Sleeping...
2026-01-28 09:30:10,959 | INFO | Checking stock prices...
2026-01-28 09:30:17,694 | INFO | Checking Completed. Sleeping...
2026-01-28 09:31:17,695 | INFO | Checking stock prices...
2026-01-28 09:31:24,459 | INFO | Checking Completed. Sleeping...
2026-01-28 09:32:24,466 | INFO | Checking stock prices...
2026-01-28 09:32:31,669 | INFO | Checking Completed. Sleeping...
2026-01-28 09:33:31,670 | INFO | Checking stock prices...
2026-01-28 09:33:38,548 | INFO | Checking Completed. Sleeping...
2026-01-28 09:34:38,549 | INFO | Checking stock prices...
2026-01-28 09:34:46,018 | INFO | Checking Completed. Sleeping...
2026-01-28 09:35:46,019 | INFO | Checking stock prices...
2026-01-28 09:35:52,761 | INFO | Checking Completed. Sleeping...
2026-01-28 09:36:52,762 | INFO | Checking stock prices...
2026-01-28 09:36:59,941 | INFO | Checking Completed. Sleeping...
2026-01-28 09:37:59,942 | INFO | Checking stock prices...
2026-01-28 09:38:06,918 | INFO | Checking Completed. Sleeping...
2026-01-28 09:39:06,919 | INFO | Checking stock prices...
2026-01-28 09:39:12,925 | INFO | Checking Completed. Sleeping...
2026-01-28 09:40:12,925 | INFO | Checking stock prices...
2026-01-28 09:40:19,889 | INFO | Checking Completed. Sleeping...
2026-01-28 09:41:19,890 | INFO | Checking stock prices...
2026-01-28 09:41:26,324 | INFO | Checking Completed. Sleeping...
2026-01-28 09:42:26,325 | INFO | Checking stock prices...
2026-01-28 09:42:33,382 | INFO | Checking Completed. Sleeping...
2026-01-28 09:43:33,383 | INFO | Checking stock prices...
2026-01-28 09:43:40,660 | INFO | Checking Completed. Sleeping...
2026-01-28 09:44:40,661 | INFO | Checking stock prices...
2026-01-28 09:44:47,252 | INFO | Checking Completed. Sleeping...
2026-01-28 09:45:47,253 | INFO | Checking stock prices...
2026-01-28 09:45:53,411 | INFO | Checking Completed. Sleeping...
2026-01-28 09:46:53,412 | INFO | Checking stock prices...
2026-01-28 09:46:59,696 | INFO | Checking Completed. Sleeping...
2026-01-28 09:47:59,697 | INFO | Checking stock prices...
2026-01-28 09:48:06,532 | INFO | Checking Completed. Sleeping...
2026-01-28 09:49:06,533 | INFO | Checking stock prices...
2026-01-28 09:49:13,239 | INFO | Checking Completed. Sleeping...
2026-01-28 09:50:13,240 | INFO | Checking stock prices...
2026-01-28 09:50:19,516 | INFO | Checking Completed. Sleeping...
2026-01-28 09:51:19,517 | INFO | Checking stock prices...
2026-01-28 09:51:26,280 | INFO | Checking Completed. Sleeping...
2026-01-28 09:52:26,281 | INFO | Checking stock prices...
2026-01-28 09:52:32,528 | INFO | Checking Completed. Sleeping...
2026-01-28 09:53:32,529 | INFO | Checking stock prices...
2026-01-28 09:53:38,989 | INFO | Checking Completed. Sleeping...
2026-01-28 09:54:38,990 | INFO | Checking stock prices...
2026-01-28 09:54:46,429 | INFO | Checking Completed. Sleeping...
2026-01-28 09:55:46,430 | INFO | Checking stock prices...
2026-01-28 09:55:53,505 | INFO | Checking Completed. Sleeping...
2026-01-28 09:56:53,505 | INFO | Checking stock prices...
2026-01-28 09:57:00,561 | INFO | Checking Completed. Sleeping...
2026-01-28 09:58:00,561 | INFO | Checking stock prices...
2026-01-28 09:58:07,092 | INFO | Checking Completed. Sleeping...
2026-01-28 09:59:07,092 | INFO | Checking stock prices...
2026-01-28 09:59:14,160 | INFO | Checking Completed. Sleeping...
2026-01-28 10:00:14,161 | INFO | Checking stock prices...
2026-01-28 10:00:22,257 | INFO | Checking Completed. Sleeping...
2026-01-28 10:01:22,258 | INFO | Checking stock prices...
2026-01-28 10:01:29,331 | INFO | Checking Completed. Sleeping...
2026-01-28 10:02:29,332 | INFO | Checking stock prices...
2026-01-28 10:02:35,893 | INFO | Checking Completed. Sleeping...
2026-01-28 10:03:35,894 | INFO | Checking stock prices...
2026-01-28 10:03:43,433 | INFO | Checking Completed. Sleeping...
2026-01-28 10:04:43,433 | INFO | Checking stock prices...
2026-01-28 10:04:50,859 | INFO | Checking Completed. Sleeping...
2026-01-28 10:05:50,860 | INFO | Checking stock prices...
2026-01-28 10:05:57,043 | INFO | Checking Completed. Sleeping...
2026-01-28 10:06:57,044 | INFO | Checking stock prices...
2026-01-28 10:07:03,077 | INFO | Checking Completed. Sleeping...
2026-01-28 10:08:03,078 | INFO | Checking stock prices...
2026-01-28 10:08:09,387 | INFO | Checking Completed. Sleeping...
2026-01-28 10:09:09,388 | INFO | Checking stock prices...
2026-01-28 10:09:15,234 | INFO | Checking Completed. Sleeping...
2026-01-28 10:10:15,235 | INFO | Checking stock prices...
2026-01-28 10:10:22,029 | INFO | Checking Completed. Sleeping...
2026-01-28 10:11:22,030 | INFO | Checking stock prices...
2026-01-28 10:11:28,141 | INFO | Checking Completed. Sleeping...
2026-01-28 10:12:28,142 | INFO | Checking stock prices...
2026-01-28 10:12:35,254 | INFO | Checking Completed. Sleeping...
2026-01-28 10:13:35,255 | INFO | Checking stock prices...
2026-01-28 10:13:42,340 | INFO | Checking Completed. Sleeping...
2026-01-28 10:14:42,341 | INFO | Checking stock prices...
2026-01-28 10:14:49,607 | INFO | Checking Completed. Sleeping...
2026-01-28 10:15:49,608 | INFO | Checking stock prices...
2026-01-28 10:15:57,602 | INFO | Checking Completed. Sleeping...
2026-01-28 10:16:57,603 | INFO | Checking stock prices...
2026-01-28 10:17:04,471 | INFO | Checking Completed. Sleeping...
2026-01-28 10:37:57,842 | INFO | Checking stock prices...
2026-01-28 10:38:05,816 | INFO | Checking Completed. Sleeping...
2026-01-28 10:39:05,817 | INFO | Checking stock prices...
2026-01-28 10:39:12,722 | INFO | Checking Completed. Sleeping...
2026-01-28 10:40:12,723 | INFO | Checking stock prices...
2026-01-28 10:40:18,777 | INFO | Checking Completed. Sleeping...
2026-01-28 10:41:18,777 | INFO | Checking stock prices...
2026-01-28 10:41:24,685 | INFO | Checking Completed. Sleeping...
2026-01-28 10:42:24,686 | INFO | Checking stock prices...
2026-01-28 10:42:31,080 | INFO | Checking Completed. Sleeping...
2026-01-28 10:43:31,085 | INFO | Checking stock prices...
2026-01-28 10:43:37,792 | INFO | Checking Completed. Sleeping...
2026-01-28 10:44:37,793 | INFO | Checking stock prices...
2026-01-28 10:44:43,974 | INFO | Checking Completed. Sleeping...
2026-01-28 10:45:43,975 | INFO | Checking stock prices...
2026-01-28 10:45:50,023 | INFO | Checking Completed. Sleeping...
2026-01-28 10:46:50,025 | INFO | Checking stock prices...
2026-01-28 10:46:56,550 | INFO | Checking Completed. Sleeping...
2026-01-28 10:47:56,551 | INFO | Checking stock prices...
2026-01-28 10:48:02,842 | INFO | Checking Completed. Sleeping...
2026-01-28 10:49:02,843 | INFO | Checking stock prices...
2026-01-28 10:49:09,033 | INFO | Checking Completed. Sleeping...
2026-01-28 10:50:09,034 | INFO | Checking stock prices...
2026-01-28 10:50:15,393 | INFO | Checking Completed. Sleeping...
2026-01-28 10:51:15,394 | INFO | Checking stock prices...
2026-01-28 10:51:22,135 | INFO | Checking Completed. Sleeping...
2026-01-28 10:52:22,136 | INFO | Checking stock prices...
2026-01-28 10:52:28,476 | INFO | Checking Completed. Sleeping...
2026-01-28 10:53:28,477 | INFO | Checking stock prices...
2026-01-28 10:53:35,175 | INFO | Checking Completed. Sleeping...
2026-01-28 10:54:35,175 | INFO | Checking stock prices...
2026-01-28 10:54:42,299 | INFO | Checking Completed. Sleeping...
2026-01-28 10:55:42,299 | INFO | Checking stock prices...
2026-01-28 10:55:49,514 | INFO | Checking Completed. Sleeping...
2026-01-28 10:56:49,515 | INFO | Checking stock prices...
2026-01-28 10:56:56,106 | INFO | Checking Completed. Sleeping...
2026-01-28 10:57:56,107 | INFO | Checking stock prices...
2026-01-28 10:58:02,749 | INFO | Checking Completed. Sleeping...
2026-01-28 10:59:02,750 | INFO | Checking stock prices...
2026-01-28 10:59:10,024 | INFO | Checking Completed. Sleeping...
2026-01-28 11:00:10,025 | INFO | Checking stock prices...
2026-01-28 11:00:16,505 | INFO | Checking Completed. Sleeping...
2026-01-28 11:01:16,506 | INFO | Checking stock prices...
2026-01-28 11:01:23,188 | INFO | Checking Completed. Sleeping...
2026-01-28 11:02:23,189 | INFO | Checking stock prices...
2026-01-28 11:02:29,358 | INFO | Checking Completed. Sleeping...
2026-01-28 11:03:29,359 | INFO | Checking stock prices...
2026-01-28 11:03:36,018 | INFO | Checking Completed. Sleeping...
2026-01-28 11:04:36,019 | INFO | Checking stock prices...
2026-01-28 11:04:43,041 | INFO | Checking Completed. Sleeping...
2026-01-28 11:05:43,042 | INFO | Checking stock prices...
2026-01-28 11:05:49,509 | INFO | Checking Completed. Sleeping...
2026-01-28 11:06:49,509 | INFO | Checking stock prices...
2026-01-28 11:06:55,544 | INFO | Checking Completed. Sleeping...
2026-01-28 11:07:55,545 | INFO | Checking stock prices...
2026-01-28 11:08:02,029 | INFO | Checking Completed. Sleeping...
2026-01-28 11:09:02,030 | INFO | Checking stock prices...
2026-01-28 11:09:08,399 | INFO | Checking Completed. Sleeping...
2026-01-28 11:10:08,399 | INFO | Checking stock prices...
2026-01-28 11:10:15,047 | INFO | Checking Completed. Sleeping...
2026-01-28 11:11:15,048 | INFO | Checking stock prices...
2026-01-28 11:11:21,434 | INFO | Checking Completed. Sleeping...
2026-01-28 11:12:21,435 | INFO | Checking stock prices...
2026-01-28 11:12:28,133 | INFO | Checking Completed. Sleeping...
2026-01-28 11:13:28,135 | INFO | Checking stock prices...
2026-01-28 11:13:34,487 | INFO | Checking Completed. Sleeping...
2026-01-28 11:14:34,488 | INFO | Checking stock prices...
2026-01-28 11:14:41,057 | INFO | Checking Completed. Sleeping...
2026-01-28 11:15:41,058 | INFO | Checking stock prices...
2026-01-28 11:15:47,748 | INFO | Checking Completed. Sleeping...
2026-01-28 11:16:47,750 | INFO | Checking stock prices...
2026-01-28 11:16:54,327 | INFO | Checking Completed. Sleeping...
2026-01-28 11:17:54,330 | INFO | Checking stock prices...
2026-01-28 11:18:01,027 | INFO | Checking Completed. Sleeping...
2026-01-28 11:19:01,027 | INFO | Checking stock prices...
2026-01-28 11:19:09,226 | INFO | Checking Completed. Sleeping...
2026-01-28 11:20:09,227 | INFO | Checking stock prices...
2026-01-28 11:20:15,787 | INFO | Checking Completed. Sleeping...
2026-01-28 11:21:15,788 | INFO | Checking stock prices...
2026-01-28 11:21:22,734 | INFO | Checking Completed. Sleeping...
2026-01-28 11:22:22,735 | INFO | Checking stock prices...
2026-01-28 11:22:29,126 | INFO | Checking Completed. Sleeping...
2026-01-28 11:23:29,127 | INFO | Checking stock prices...
2026-01-28 11:23:35,534 | INFO | Checking Completed. Sleeping...
2026-01-28 11:24:35,535 | INFO | Checking stock prices...
2026-01-28 11:24:43,513 | INFO | Checking Completed. Sleeping...
2026-01-28 11:25:43,514 | INFO | Checking stock prices...
2026-01-28 11:25:50,238 | INFO | Checking Completed. Sleeping...
2026-01-28 11:26:50,239 | INFO | Checking stock prices...
2026-01-28 11:26:57,471 | INFO | Checking Completed. Sleeping...
2026-01-28 11:27:57,472 | INFO | Checking stock prices...
2026-01-28 11:28:05,014 | INFO | Checking Completed. Sleeping...
2026-01-28 11:29:05,015 | INFO | Checking stock prices...
2026-01-28 11:29:12,478 | INFO | Checking Completed. Sleeping...
2026-01-28 11:30:12,480 | INFO | Checking stock prices...
2026-01-28 11:30:20,574 | INFO | Checking Completed. Sleeping...
2026-01-28 11:31:20,575 | INFO | Checking stock prices...
2026-01-28 11:31:29,491 | INFO | Checking Completed. Sleeping...
2026-01-28 11:32:29,492 | INFO | Checking stock prices...
2026-01-28 11:32:36,666 | INFO | Checking Completed. Sleeping...
2026-01-28 11:33:36,667 | INFO | Checking stock prices...
2026-01-28 11:33:44,047 | INFO | Checking Completed. Sleeping...
2026-01-28 11:34:44,047 | INFO | Checking stock prices...
2026-01-28 11:34:51,427 | INFO | Checking Completed. Sleeping...
2026-01-28 11:35:51,428 | INFO | Checking stock prices...
2026-01-28 11:35:58,705 | INFO | Checking Completed. Sleeping...
2026-01-28 11:36:58,706 | INFO | Checking stock prices...
2026-01-28 11:37:05,236 | INFO | Checking Completed. Sleeping...
2026-01-28 11:38:05,237 | INFO | Checking stock prices...
2026-01-28 11:38:12,545 | INFO | Checking Completed. Sleeping...
2026-01-28 11:39:12,546 | INFO | Checking stock prices...
2026-01-28 11:39:20,130 | INFO | Checking Completed. Sleeping...
2026-01-28 11:40:20,131 | INFO | Checking stock prices...
2026-01-28 11:40:27,757 | INFO | Checking Completed. Sleeping...
2026-01-28 11:41:27,757 | INFO | Checking stock prices...
2026-01-28 11:41:35,098 | INFO | Checking Completed. Sleeping...
2026-01-28 11:42:35,098 | INFO | Checking stock prices...
2026-01-28 11:42:42,786 | INFO | Checking Completed. Sleeping...
2026-01-28 11:43:42,787 | INFO | Checking stock prices...
2026-01-28 11:43:50,882 | INFO | Checking Completed. Sleeping...
2026-01-28 11:44:50,883 | INFO | Checking stock prices...
2026-01-28 11:44:58,878 | INFO | Checking Completed. Sleeping...
2026-01-28 11:45:58,879 | INFO | Checking stock prices...
2026-01-28 11:46:08,005 | INFO | Checking Completed. Sleeping...
2026-01-28 11:47:08,006 | INFO | Checking stock prices...
2026-01-28 11:47:16,096 | INFO | Checking Completed. Sleeping...
2026-01-28 11:48:16,097 | INFO | Checking stock prices...
2026-01-28 11:48:22,532 | INFO | Checking Completed. Sleeping...
2026-01-28 11:49:22,533 | INFO | Checking stock prices...
2026-01-28 11:49:30,129 | INFO | Checking Completed. Sleeping...
2026-01-28 11:50:30,130 | INFO | Checking stock prices...
2026-01-28 11:50:36,804 | INFO | Checking Completed. Sleeping...
2026-01-28 11:51:36,805 | INFO | Checking stock prices...
2026-01-28 11:51:44,442 | INFO | Checking Completed. Sleeping...
2026-01-28 11:52:44,443 | INFO | Checking stock prices...
2026-01-28 11:52:51,672 | INFO | Checking Completed. Sleeping...
2026-01-28 11:53:51,673 | INFO | Checking stock prices...
2026-01-28 11:53:59,247 | INFO | Checking Completed. Sleeping...
2026-01-28 11:54:59,248 | INFO | Checking stock prices...
2026-01-28 11:55:05,423 | INFO | Checking Completed. Sleeping...
2026-01-28 11:56:05,424 | INFO | Checking stock prices...
2026-01-28 11:56:12,786 | INFO | Checking Completed. Sleeping...
2026-01-28 11:57:12,786 | INFO | Checking stock prices...
2026-01-28 11:57:19,929 | INFO | Checking Completed. Sleeping...
2026-01-28 11:58:19,930 | INFO | Checking stock prices...
2026-01-28 11:58:26,155 | INFO | Checking Completed. Sleeping...
2026-01-28 11:59:26,156 | INFO | Checking stock prices...
2026-01-28 11:59:33,392 | INFO | Checking Completed. Sleeping...
2026-01-28 12:00:33,392 | INFO | Checking stock prices...
2026-01-28 12:00:39,827 | INFO | Checking Completed. Sleeping...
2026-01-28 12:01:39,828 | INFO | Checking stock prices...
2026-01-28 12:01:47,847 | INFO | Checking Completed. Sleeping...
2026-01-28 12:02:47,847 | INFO | Checking stock prices...
2026-01-28 12:02:54,581 | INFO | Checking Completed. Sleeping...
2026-01-28 12:03:54,581 | INFO | Checking stock prices...
2026-01-28 12:04:01,265 | INFO | Checking Completed. Sleeping...
2026-01-28 12:05:01,266 | INFO | Checking stock prices...
2026-01-28 12:05:07,886 | INFO | Checking Completed. Sleeping...
2026-01-28 12:06:07,887 | INFO | Checking stock prices...
2026-01-28 12:06:13,801 | INFO | Checking Completed. Sleeping...
2026-01-28 12:07:13,801 | INFO | Checking stock prices...
2026-01-28 12:07:19,919 | INFO | Checking Completed. Sleeping...
2026-01-28 12:08:19,920 | INFO | Checking stock prices...
2026-01-28 12:08:27,056 | INFO | Checking Completed. Sleeping...
2026-01-28 12:09:27,056 | INFO | Checking stock prices...
2026-01-28 12:09:33,021 | INFO | Checking Completed. Sleeping...
2026-01-28 12:10:33,022 | INFO | Checking stock prices...
2026-01-28 12:10:39,362 | INFO | Checking Completed. Sleeping...
2026-01-28 12:11:39,363 | INFO | Checking stock prices...
2026-01-28 12:11:46,279 | INFO | Checking Completed. Sleeping...
2026-01-28 12:12:46,280 | INFO | Checking stock prices...
2026-01-28 12:12:52,921 | INFO | Checking Completed. Sleeping...
2026-01-28 12:13:52,922 | INFO | Checking stock prices...
2026-01-28 12:13:59,807 | INFO | Checking Completed. Sleeping...
2026-01-28 12:14:59,808 | INFO | Checking stock prices...
2026-01-28 12:15:06,053 | INFO | Checking Completed. Sleeping...
2026-01-28 12:16:06,053 | INFO | Checking stock prices...
2026-01-28 12:16:12,328 | INFO | Checking Completed. Sleeping...
2026-01-28 12:17:12,329 | INFO | Checking stock prices...
2026-01-28 12:17:18,986 | INFO | Checking Completed. Sleeping...
2026-01-28 12:18:18,987 | INFO | Checking stock prices...
2026-01-28 12:18:25,861 | INFO | Checking Completed. Sleeping...
2026-01-28 12:19:25,862 | INFO | Checking stock prices...
2026-01-28 12:19:33,656 | INFO | Checking Completed. Sleeping...
2026-01-28 12:20:33,656 | INFO | Checking stock prices...
2026-01-28 12:20:39,968 | INFO | Checking Completed. Sleeping...
2026-01-28 12:21:39,969 | INFO | Checking stock prices...
2026-01-28 12:21:45,916 | INFO | Checking Completed. Sleeping...
2026-01-28 12:22:45,917 | INFO | Checking stock prices...
2026-01-28 12:22:51,933 | INFO | Checking Completed. Sleeping...
2026-01-28 12:23:51,934 | INFO | Checking stock prices...
2026-01-28 12:23:58,284 | INFO | Checking Completed. Sleeping...
2026-01-28 12:24:58,285 | INFO | Checking stock prices...
2026-01-28 12:25:04,356 | INFO | Checking Completed. Sleeping...
2026-01-28 12:26:04,357 | INFO | Checking stock prices...
2026-01-28 12:26:10,717 | INFO | Checking Completed. Sleeping...
2026-01-28 12:27:10,718 | INFO | Checking stock prices...
2026-01-28 12:27:16,606 | INFO | Checking Completed. Sleeping...
2026-01-28 12:28:16,607 | INFO | Checking stock prices...
2026-01-28 12:28:22,912 | INFO | Checking Completed. Sleeping...
2026-01-28 12:29:22,913 | INFO | Checking stock prices...
2026-01-28 12:29:28,870 | INFO | Checking Completed. Sleeping...
2026-01-28 12:30:28,871 | INFO | Checking stock prices...
2026-01-28 12:30:36,684 | INFO | Checking Completed. Sleeping...
2026-01-28 12:31:36,685 | INFO | Checking stock prices...
2026-01-28 12:31:43,344 | INFO | Checking Completed. Sleeping...
2026-01-28 12:32:43,345 | INFO | Checking stock prices...
2026-01-28 12:32:50,666 | INFO | Checking Completed. Sleeping...
2026-01-28 12:33:50,667 | INFO | Checking stock prices...
2026-01-28 12:33:56,904 | INFO | Checking Completed. Sleeping...
2026-01-28 12:34:56,904 | INFO | Checking stock prices...
2026-01-28 12:35:03,337 | INFO | Checking Completed. Sleeping...
2026-01-28 12:36:03,338 | INFO | Checking stock prices...
2026-01-28 12:36:10,335 | INFO | Checking Completed. Sleeping...
2026-01-28 12:37:10,337 | INFO | Checking stock prices...
2026-01-28 12:37:18,012 | INFO | Checking Completed. Sleeping...
2026-01-28 12:38:18,013 | INFO | Checking stock prices...
2026-01-28 12:38:25,229 | INFO | Checking Completed. Sleeping...
2026-01-28 12:39:25,230 | INFO | Checking stock prices...
2026-01-28 12:39:31,966 | INFO | Checking Completed. Sleeping...
2026-01-28 12:40:31,967 | INFO | Checking stock prices...
2026-01-28 12:40:38,119 | INFO | Checking Completed. Sleeping...
2026-01-28 12:41:38,120 | INFO | Checking stock prices...
2026-01-28 12:41:45,004 | INFO | Checking Completed. Sleeping...
2026-01-28 12:42:45,005 | INFO | Checking stock prices...
2026-01-28 12:42:51,206 | INFO | Checking Completed. Sleeping...
2026-01-28 12:43:51,207 | INFO | Checking stock prices...
2026-01-28 12:43:58,403 | INFO | Checking Completed. Sleeping...
2026-01-28 12:44:58,404 | INFO | Checking stock prices...
2026-01-28 12:45:04,940 | INFO | Checking Completed. Sleeping...
2026-01-28 12:46:04,941 | INFO | Checking stock prices...
2026-01-28 12:46:11,392 | INFO | Checking Completed. Sleeping...
2026-01-28 12:47:11,392 | INFO | Checking stock prices...
2026-01-28 12:47:18,766 | INFO | Checking Completed. Sleeping...
2026-01-28 12:48:18,767 | INFO | Checking stock prices...
2026-01-28 12:48:25,584 | INFO | Checking Completed. Sleeping...
2026-01-28 12:49:25,585 | INFO | Checking stock prices...
2026-01-28 12:49:32,863 | INFO | Checking Completed. Sleeping...
2026-01-28 12:50:32,864 | INFO | Checking stock prices...
2026-01-28 12:50:40,690 | INFO | Checking Completed. Sleeping...
2026-01-28 12:51:40,691 | INFO | Checking stock prices...
2026-01-28 12:51:48,751 | INFO | Checking Completed. Sleeping...
2026-01-28 12:52:48,753 | INFO | Checking stock prices...
2026-01-28 12:52:55,686 | INFO | Checking Completed. Sleeping...
2026-01-28 12:53:55,687 | INFO | Checking stock prices...
2026-01-28 12:54:03,291 | INFO | Checking Completed. Sleeping...
2026-01-28 12:55:03,292 | INFO | Checking stock prices...
2026-01-28 12:55:10,045 | INFO | Checking Completed. Sleeping...
2026-01-28 12:56:10,046 | INFO | Checking stock prices...
2026-01-28 12:56:16,626 | INFO | Checking Completed. Sleeping...
2026-01-28 12:57:16,627 | INFO | Checking stock prices...
2026-01-28 12:57:23,885 | INFO | Checking Completed. Sleeping...
2026-01-28 12:58:23,886 | INFO | Checking stock prices...
2026-01-28 12:58:30,306 | INFO | Checking Completed. Sleeping...
2026-01-28 12:59:30,307 | INFO | Checking stock prices...
2026-01-28 12:59:37,138 | INFO | Checking Completed. Sleeping...
2026-01-28 13:00:37,139 | INFO | Checking stock prices...
2026-01-28 13:00:43,779 | INFO | Checking Completed. Sleeping...
2026-01-28 13:01:43,780 | INFO | Checking stock prices...
2026-01-28 13:01:50,650 | INFO | Checking Completed. Sleeping...
2026-01-28 13:02:50,652 | INFO | Checking stock prices...
2026-01-28 13:02:57,702 | INFO | Checking Completed. Sleeping...
2026-01-28 13:03:57,704 | INFO | Checking stock prices...
2026-01-28 13:04:04,817 | INFO | Checking Completed. Sleeping...
2026-01-28 13:05:04,818 | INFO | Checking stock prices...
2026-01-28 13:05:11,869 | INFO | Checking Completed. Sleeping...
2026-01-28 13:06:11,870 | INFO | Checking stock prices...
2026-01-28 13:06:19,124 | INFO | Checking Completed. Sleeping...
2026-01-28 13:07:19,125 | INFO | Checking stock prices...
2026-01-28 13:07:25,006 | INFO | Checking Completed. Sleeping...
2026-01-28 13:08:25,007 | INFO | Checking stock prices...
2026-01-28 13:08:32,067 | INFO | Checking Completed. Sleeping...
2026-01-28 13:09:32,068 | INFO | Checking stock prices...
2026-01-28 13:09:39,307 | INFO | Checking Completed. Sleeping...
2026-01-28 13:10:39,309 | INFO | Checking stock prices...
2026-01-28 13:10:46,337 | INFO | Checking Completed. Sleeping...
2026-01-28 13:11:46,338 | INFO | Checking stock prices...
2026-01-28 13:11:52,894 | INFO | Checking Completed. Sleeping...
2026-01-28 13:12:52,895 | INFO | Checking stock prices...
2026-01-28 13:12:59,685 | INFO | Checking Completed. Sleeping...
2026-01-28 13:13:59,686 | INFO | Checking stock prices...
2026-01-28 13:14:07,761 | INFO | Checking Completed. Sleeping...
2026-01-28 13:15:07,762 | INFO | Checking stock prices...
2026-01-28 13:15:13,806 | INFO | Checking Completed. Sleeping...
2026-01-28 13:16:13,807 | INFO | Checking stock prices...
2026-01-28 13:16:20,729 | INFO | Checking Completed. Sleeping...
2026-01-28 13:17:20,731 | INFO | Checking stock prices...
2026-01-28 13:17:28,060 | INFO | Checking Completed. Sleeping...
2026-01-28 13:18:28,061 | INFO | Checking stock prices...
2026-01-28 13:18:35,851 | INFO | Checking Completed. Sleeping...
2026-01-28 13:19:35,852 | INFO | Checking stock prices...
2026-01-28 13:19:43,952 | INFO | Checking Completed. Sleeping...
2026-01-28 13:20:43,955 | INFO | Checking stock prices...
2026-01-28 13:20:51,325 | INFO | Checking Completed. Sleeping...
2026-01-28 13:21:51,327 | INFO | Checking stock prices...
2026-01-28 13:21:59,368 | INFO | Checking Completed. Sleeping...
2026-01-28 13:22:59,368 | INFO | Checking stock prices...
2026-01-28 13:23:07,616 | INFO | Checking Completed. Sleeping...
2026-01-28 13:24:07,617 | INFO | Checking stock prices...
2026-01-28 13:24:15,077 | INFO | Checking Completed. Sleeping...
2026-01-28 13:25:15,078 | INFO | Checking stock prices...
2026-01-28 13:25:23,135 | INFO | Checking Completed. Sleeping...
2026-01-28 13:26:23,136 | INFO | Checking stock prices...
2026-01-28 13:26:30,642 | INFO | Checking Completed. Sleeping...
2026-01-28 13:27:30,643 | INFO | Checking stock prices...
2026-01-28 13:27:38,040 | INFO | Checking Completed. Sleeping...
2026-01-28 13:28:38,041 | INFO | Checking stock prices...
2026-01-28 13:28:45,208 | INFO | Checking Completed. Sleeping...
2026-01-28 13:29:45,209 | INFO | Checking stock prices...
2026-01-28 13:29:52,296 | INFO | Checking Completed. Sleeping...
2026-01-28 13:30:52,297 | INFO | Checking stock prices...
2026-01-28 13:30:59,481 | INFO | Checking Completed. Sleeping...
2026-01-28 13:31:59,482 | INFO | Checking stock prices...
2026-01-28 13:32:05,893 | INFO | Checking Completed. Sleeping...
2026-01-28 13:33:05,894 | INFO | Checking stock prices...
2026-01-28 13:33:12,989 | INFO | Checking Completed. Sleeping...
2026-01-28 13:34:12,990 | INFO | Checking stock prices...
2026-01-28 13:34:19,963 | INFO | Checking Completed. Sleeping...
2026-01-28 13:35:19,963 | INFO | Checking stock prices...
2026-01-28 13:35:28,300 | INFO | Checking Completed. Sleeping...
2026-01-28 13:36:28,302 | INFO | Checking stock prices...
2026-01-28 13:36:35,708 | INFO | Checking Completed. Sleeping...
2026-01-28 13:37:35,709 | INFO | Checking stock prices...
2026-01-28 13:37:42,383 | INFO | Checking Completed. Sleeping...
2026-01-28 13:38:42,384 | INFO | Checking stock prices...
2026-01-28 13:38:49,212 | INFO | Checking Completed. Sleeping...
2026-01-28 13:39:49,213 | INFO | Checking stock prices...
2026-01-28 13:39:56,697 | INFO | Checking Completed. Sleeping...
2026-01-28 13:40:56,698 | INFO | Checking stock prices...
2026-01-28 13:41:04,257 | INFO | Checking Completed. Sleeping...
2026-01-28 13:42:04,258 | INFO | Checking stock prices...
2026-01-28 13:42:11,560 | INFO | Checking Completed. Sleeping...
2026-01-28 13:43:11,561 | INFO | Checking stock prices...
2026-01-28 13:43:18,111 | INFO | Checking Completed. Sleeping...
2026-01-28 13:44:18,111 | INFO | Checking stock prices...
2026-01-28 13:44:24,844 | INFO | Checking Completed. Sleeping...
2026-01-28 13:45:24,845 | INFO | Checking stock prices...
2026-01-28 13:45:31,602 | INFO | Checking Completed. Sleeping...
2026-01-28 13:46:31,604 | INFO | Checking stock prices...
2026-01-28 13:46:38,001 | INFO | Checking Completed. Sleeping...
2026-01-28 13:47:38,002 | INFO | Checking stock prices...
2026-01-28 13:47:44,774 | INFO | Checking Completed. Sleeping...
2026-01-28 13:48:44,775 | INFO | Checking stock prices...
2026-01-28 13:48:52,874 | INFO | Checking Completed. Sleeping...
2026-01-28 13:49:52,875 | INFO | Checking stock prices...
2026-01-28 13:49:59,896 | INFO | Checking Completed. Sleeping...
2026-01-28 13:50:59,897 | INFO | Checking stock prices...
2026-01-28 13:51:07,735 | INFO | Checking Completed. Sleeping...
2026-01-28 13:52:07,736 | INFO | Checking stock prices...
2026-01-28 13:52:14,402 | INFO | Checking Completed. Sleeping...
2026-01-28 13:53:14,403 | INFO | Checking stock prices...
2026-01-28 13:53:21,168 | INFO | Checking Completed. Sleeping...
2026-01-28 13:54:21,169 | INFO | Checking stock prices...
2026-01-28 13:54:28,222 | INFO | Checking Completed. Sleeping...
2026-01-28 13:55:28,222 | INFO | Checking stock prices...
2026-01-28 13:55:34,820 | INFO | Checking Completed. Sleeping...
2026-01-28 13:56:34,821 | INFO | Checking stock prices...
2026-01-28 13:56:41,573 | INFO | Checking Completed. Sleeping...
2026-01-28 13:57:41,575 | INFO | Checking stock prices...
2026-01-28 13:57:48,338 | INFO | Checking Completed. Sleeping...
2026-01-28 13:58:48,339 | INFO | Checking stock prices...
2026-01-28 13:58:55,269 | INFO | Checking Completed. Sleeping...
2026-01-28 13:59:55,271 | INFO | Checking stock prices...
2026-01-28 14:00:01,940 | INFO | Checking Completed. Sleeping...
2026-01-28 14:01:01,941 | INFO | Checking stock prices...
2026-01-28 14:01:09,142 | INFO | Checking Completed. Sleeping...
2026-01-28 14:02:09,143 | INFO | Checking stock prices...
2026-01-28 14:02:16,936 | INFO | Checking Completed. Sleeping...
2026-01-28 14:03:16,937 | INFO | Checking stock prices...
2026-01-28 14:03:24,566 | INFO | Checking Completed. Sleeping...
2026-01-28 14:04:24,567 | INFO | Checking stock prices...
2026-01-28 14:04:32,171 | INFO | Checking Completed. Sleeping...
2026-01-28 14:05:32,172 | INFO | Checking stock prices...
2026-01-28 14:05:39,774 | INFO | Checking Completed. Sleeping...
2026-01-28 14:06:39,775 | INFO | Checking stock prices...
2026-01-28 14:06:46,766 | INFO | Checking Completed. Sleeping...
2026-01-28 14:07:46,767 | INFO | Checking stock prices...
2026-01-28 14:07:54,753 | INFO | Checking Completed. Sleeping...
2026-01-28 14:08:54,754 | INFO | Checking stock prices...
2026-01-28 14:09:01,514 | INFO | Checking Completed. Sleeping...
2026-01-28 14:10:01,515 | INFO | Checking stock prices...
2026-01-28 14:10:08,132 | INFO | Checking Completed. Sleeping...
2026-01-28 14:11:08,132 | INFO | Checking stock prices...
2026-01-28 14:11:15,571 | INFO | Checking Completed. Sleeping...
2026-01-28 14:12:15,572 | INFO | Checking stock prices...
2026-01-28 14:12:23,771 | INFO | Checking Completed. Sleeping...
2026-01-28 14:13:23,772 | INFO | Checking stock prices...
2026-01-28 14:13:30,122 | INFO | Checking Completed. Sleeping...
2026-01-28 14:14:30,123 | INFO | Checking stock prices...
2026-01-28 14:14:36,689 | INFO | Checking Completed. Sleeping...
2026-01-28 14:15:36,690 | INFO | Checking stock prices...
2026-01-28 14:15:43,638 | INFO | Checking Completed. Sleeping...
2026-01-28 14:16:43,639 | INFO | Checking stock prices...
2026-01-28 14:16:50,597 | INFO | Checking Completed. Sleeping...
2026-01-28 21:33:35,979 | INFO | Checking stock prices...
2026-01-28 21:33:35,991 | INFO | Market closed during runtime — shutting down
2026-01-28 21:33:35,993 | INFO | Stock alert service stopped
