2026-02-18 12:03:11,210 | INFO | Stock alert service started
2026-02-18 12:03:11,211 | INFO | Market is open — starting monitoring
2026-02-18 12:03:21,217 | INFO | Checking stock prices...
2026-02-18 12:03:30,093 | INFO | Checking Completed. Sleeping...
2026-02-18 13:38:39,566 | INFO | Checking stock prices...
2026-02-18 13:38:46,987 | INFO | Checking Completed. Sleeping...
2026-02-18 13:39:46,989 | INFO | Checking stock prices...
2026-02-18 13:39:53,554 | INFO | Checking Completed. Sleeping...
2026-02-18 13:40:53,555 | INFO | Checking stock prices...
2026-02-18 13:41:01,140 | INFO | Checking Completed. Sleeping...
2026-02-18 13:42:01,141 | INFO | Checking stock prices...
2026-02-18 13:42:08,092 | INFO | Checking Completed. Sleeping...
2026-02-18 13:43:08,093 | INFO | Checking stock prices...
2026-02-18 13:43:14,663 | INFO | Checking Completed. Sleeping...
2026-02-18 13:44:14,664 | INFO | Checking stock prices...
2026-02-18 13:44:21,209 | INFO | Checking Completed. Sleeping...
2026-02-18 13:45:21,210 | INFO | Checking stock prices...
2026-02-18 13:45:27,660 | INFO | Checking Completed. Sleeping...
2026-02-18 13:46:27,661 | INFO | Checking stock prices...
2026-02-18 13:46:34,260 | INFO | Checking Completed. Sleeping...
2026-02-18 13:47:34,261 | INFO | Checking stock prices...
2026-02-18 13:47:40,994 | INFO | Checking Completed. Sleeping...
2026-02-18 13:48:40,995 | INFO | Checking stock prices...
2026-02-18 13:48:48,359 | INFO | Checking Completed. Sleeping...
2026-02-18 13:49:48,360 | INFO | Checking stock prices...
2026-02-18 13:49:55,149 | INFO | Checking Completed. Sleeping...
2026-02-18 13:50:55,150 | INFO | Checking stock prices...
2026-02-18 13:51:02,336 | INFO | Checking Completed. Sleeping...
2026-02-18 13:52:02,337 | INFO | Checking stock prices...
2026-02-18 13:52:09,436 | INFO | Checking Completed. Sleeping...
2026-02-18 13:53:09,438 | INFO | Checking stock prices...
2026-02-18 13:53:16,129 | INFO | Checking Completed. Sleeping...
2026-02-18 13:54:16,130 | INFO | Checking stock prices...
2026-02-18 13:54:22,554 | INFO | Checking Completed. Sleeping...
2026-02-18 13:55:22,555 | INFO | Checking stock prices...
2026-02-18 13:55:34,123 | INFO | Checking Completed. Sleeping...
2026-02-18 13:56:34,124 | INFO | Checking stock prices...
2026-02-18 13:56:48,713 | INFO | Checking Completed. Sleeping...
2026-02-18 13:57:48,714 | INFO | Checking stock prices...
2026-02-18 13:57:55,604 | INFO | Checking Completed. Sleeping...
2026-02-18 13:58:55,605 | INFO | Checking stock prices...
2026-02-18 13:59:05,202 | INFO | Checking Completed. Sleeping...
2026-02-18 14:00:05,203 | INFO | Checking stock prices...
2026-02-18 14:00:14,362 | INFO | Checking Completed. Sleeping...
2026-02-18 14:01:14,363 | INFO | Checking stock prices...
2026-02-18 14:01:21,599 | INFO | Checking Completed. Sleeping...
2026-02-18 14:02:21,601 | INFO | Checking stock prices...
2026-02-18 14:02:28,585 | INFO | Checking Completed. Sleeping...
2026-02-18 14:03:28,585 | INFO | Checking stock prices...
2026-02-18 14:03:35,576 | INFO | Checking Completed. Sleeping...
2026-02-18 14:04:35,577 | INFO | Checking stock prices...
2026-02-18 14:04:42,357 | INFO | Checking Completed. Sleeping...
2026-02-18 14:05:42,358 | INFO | Checking stock prices...
2026-02-18 14:05:49,369 | INFO | Checking Completed. Sleeping...
2026-02-18 14:06:49,370 | INFO | Checking stock prices...
2026-02-18 14:06:55,750 | INFO | Checking Completed. Sleeping...
2026-02-18 14:07:55,752 | INFO | Checking stock prices...
2026-02-18 14:08:01,850 | INFO | Checking Completed. Sleeping...
2026-02-18 14:09:01,851 | INFO | Checking stock prices...
2026-02-18 14:09:07,971 | INFO | Checking Completed. Sleeping...
2026-02-18 14:10:07,972 | INFO | Checking stock prices...
2026-02-18 14:10:13,958 | INFO | Checking Completed. Sleeping...
2026-02-18 14:11:13,959 | INFO | Checking stock prices...
2026-02-18 14:11:20,534 | INFO | Checking Completed. Sleeping...
2026-02-18 14:12:20,536 | INFO | Checking stock prices...
2026-02-18 14:12:26,907 | INFO | Checking Completed. Sleeping...
2026-02-18 14:13:26,909 | INFO | Checking stock prices...
2026-02-18 14:13:33,274 | INFO | Checking Completed. Sleeping...
2026-02-18 14:14:33,275 | INFO | Checking stock prices...
2026-02-18 14:14:39,393 | INFO | Checking Completed. Sleeping...
2026-02-18 14:15:39,394 | INFO | Checking stock prices...
2026-02-18 14:15:45,523 | INFO | Checking Completed. Sleeping...
2026-02-18 14:16:45,524 | INFO | Checking stock prices...
2026-02-18 14:16:51,933 | INFO | Checking Completed. Sleeping...
2026-02-18 14:17:51,934 | INFO | Checking stock prices...
2026-02-18 14:17:58,681 | INFO | Checking Completed. Sleeping...
2026-02-18 14:18:58,681 | INFO | Checking stock prices...
2026-02-18 14:19:05,157 | INFO | Checking Completed. Sleeping...
2026-02-18 14:20:05,158 | INFO | Checking stock prices...
2026-02-18 14:20:11,400 | INFO | Checking Completed. Sleeping...
2026-02-18 14:21:11,401 | INFO | Checking stock prices...
2026-02-18 14:21:18,301 | INFO | Checking Completed. Sleeping...
2026-02-18 14:22:18,303 | INFO | Checking stock prices...
2026-02-18 14:22:25,364 | INFO | Checking Completed. Sleeping...
2026-02-18 14:23:25,366 | INFO | Checking stock prices...
2026-02-18 14:23:31,882 | INFO | Checking Completed. Sleeping...
2026-02-18 14:24:31,883 | INFO | Checking stock prices...
2026-02-18 14:24:38,066 | INFO | Checking Completed. Sleeping...
2026-02-18 14:25:38,067 | INFO | Checking stock prices...
2026-02-18 14:25:44,761 | INFO | Checking Completed. Sleeping...
2026-02-18 14:26:44,761 | INFO | Checking stock prices...
2026-02-18 14:26:50,706 | INFO | Checking Completed. Sleeping...
2026-02-18 14:27:50,707 | INFO | Checking stock prices...
2026-02-18 14:27:57,233 | INFO | Checking Completed. Sleeping...
2026-02-18 14:28:57,234 | INFO | Checking stock prices...
2026-02-18 14:29:03,390 | INFO | Checking Completed. Sleeping...
2026-02-18 14:30:03,391 | INFO | Checking stock prices...
2026-02-18 14:30:09,821 | INFO | Checking Completed. Sleeping...
2026-02-18 14:31:09,822 | INFO | Checking stock prices...
2026-02-18 14:31:15,808 | INFO | Checking Completed. Sleeping...
2026-02-18 14:32:15,809 | INFO | Checking stock prices...
2026-02-18 14:32:22,108 | INFO | Checking Completed. Sleeping...
2026-02-18 14:33:22,108 | INFO | Checking stock prices...
2026-02-18 14:33:28,696 | INFO | Checking Completed. Sleeping...
2026-02-18 14:34:28,697 | INFO | Checking stock prices...
2026-02-18 14:34:34,926 | INFO | Checking Completed. Sleeping...
2026-02-18 14:35:34,927 | INFO | Checking stock prices...
2026-02-18 14:35:41,548 | INFO | Checking Completed. Sleeping...
2026-02-18 14:36:41,549 | INFO | Checking stock prices...
2026-02-18 14:36:47,563 | INFO | Checking Completed. Sleeping...
2026-02-18 14:37:47,564 | INFO | Checking stock prices...
2026-02-18 14:37:56,650 | INFO | Checking Completed. Sleeping...
2026-02-18 14:38:56,651 | INFO | Checking stock prices...
2026-02-18 14:39:03,067 | INFO | Checking Completed. Sleeping...
2026-02-18 14:40:03,068 | INFO | Checking stock prices...
2026-02-18 14:40:09,309 | INFO | Checking Completed. Sleeping...
2026-02-18 14:41:09,311 | INFO | Checking stock prices...
2026-02-18 14:41:15,454 | INFO | Checking Completed. Sleeping...
2026-02-18 14:42:15,454 | INFO | Checking stock prices...
2026-02-18 14:42:21,870 | INFO | Checking Completed. Sleeping...
2026-02-18 14:43:21,871 | INFO | Checking stock prices...
2026-02-18 14:43:28,089 | INFO | Checking Completed. Sleeping...
2026-02-18 14:44:28,090 | INFO | Checking stock prices...
2026-02-18 14:44:34,225 | INFO | Checking Completed. Sleeping...
2026-02-18 14:45:34,226 | INFO | Checking stock prices...
2026-02-18 14:45:40,669 | INFO | Checking Completed. Sleeping...
2026-02-18 14:46:40,670 | INFO | Checking stock prices...
2026-02-18 14:46:47,178 | INFO | Checking Completed. Sleeping...
2026-02-18 14:47:47,180 | INFO | Checking stock prices...
2026-02-18 14:47:53,243 | INFO | Checking Completed. Sleeping...
2026-02-18 14:48:53,243 | INFO | Checking stock prices...
2026-02-18 14:48:59,443 | INFO | Checking Completed. Sleeping...
2026-02-18 14:49:59,444 | INFO | Checking stock prices...
2026-02-18 14:50:05,254 | INFO | Checking Completed. Sleeping...
2026-02-18 14:51:05,255 | INFO | Checking stock prices...
2026-02-18 14:51:11,355 | INFO | Checking Completed. Sleeping...
2026-02-18 14:52:11,356 | INFO | Checking stock prices...
2026-02-18 14:52:17,569 | INFO | Checking Completed. Sleeping...
2026-02-18 14:53:17,571 | INFO | Checking stock prices...
2026-02-18 14:53:23,880 | INFO | Checking Completed. Sleeping...
2026-02-18 14:54:23,881 | INFO | Checking stock prices...
2026-02-18 14:54:30,322 | INFO | Checking Completed. Sleeping...
2026-02-18 14:55:30,323 | INFO | Checking stock prices...
2026-02-18 14:55:36,659 | INFO | Checking Completed. Sleeping...
2026-02-18 14:56:36,660 | INFO | Checking stock prices...
2026-02-18 14:56:42,828 | INFO | Checking Completed. Sleeping...
2026-02-18 14:57:42,829 | INFO | Checking stock prices...
2026-02-18 14:57:49,195 | INFO | Checking Completed. Sleeping...
2026-02-18 14:58:49,196 | INFO | Checking stock prices...
2026-02-18 14:58:55,461 | INFO | Checking Completed. Sleeping...
2026-02-18 14:59:55,462 | INFO | Checking stock prices...
2026-02-18 15:00:01,791 | INFO | Checking Completed. Sleeping...
2026-02-18 15:01:01,792 | INFO | Checking stock prices...
2026-02-18 15:01:08,229 | INFO | Checking Completed. Sleeping...
2026-02-18 15:02:08,230 | INFO | Checking stock prices...
2026-02-18 15:02:14,884 | INFO | Checking Completed. Sleeping...
2026-02-18 15:03:14,885 | INFO | Checking stock prices...
2026-02-18 15:03:21,264 | INFO | Checking Completed. Sleeping...
2026-02-18 15:04:21,265 | INFO | Checking stock prices...
2026-02-18 15:04:27,706 | INFO | Checking Completed. Sleeping...
2026-02-18 15:05:27,706 | INFO | Checking stock prices...
2026-02-18 15:05:35,508 | INFO | Checking Completed. Sleeping...
2026-02-18 15:06:35,509 | INFO | Checking stock prices...
2026-02-18 15:06:42,008 | INFO | Checking Completed. Sleeping...
2026-02-18 15:07:42,009 | INFO | Checking stock prices...
2026-02-18 15:07:48,606 | INFO | Checking Completed. Sleeping...
2026-02-18 15:08:48,607 | INFO | Checking stock prices...
2026-02-18 15:08:56,392 | INFO | Checking Completed. Sleeping...
2026-02-18 15:09:56,393 | INFO | Checking stock prices...
2026-02-18 15:10:02,864 | INFO | Checking Completed. Sleeping...
2026-02-18 15:11:02,865 | INFO | Checking stock prices...
2026-02-18 15:11:09,212 | INFO | Checking Completed. Sleeping...
2026-02-18 15:12:09,213 | INFO | Checking stock prices...
2026-02-18 15:12:15,421 | INFO | Checking Completed. Sleeping...
2026-02-18 15:13:15,422 | INFO | Checking stock prices...
2026-02-18 15:13:21,526 | INFO | Checking Completed. Sleeping...
2026-02-18 15:14:21,527 | INFO | Checking stock prices...
2026-02-18 15:14:27,848 | INFO | Checking Completed. Sleeping...
2026-02-18 15:15:27,849 | INFO | Checking stock prices...
2026-02-18 15:15:34,525 | INFO | Checking Completed. Sleeping...
2026-02-18 15:16:34,526 | INFO | Checking stock prices...
2026-02-18 15:16:45,629 | INFO | Checking Completed. Sleeping...
2026-02-18 15:17:45,631 | INFO | Checking stock prices...
2026-02-18 15:17:52,076 | INFO | Checking Completed. Sleeping...
2026-02-18 15:18:52,077 | INFO | Checking stock prices...
2026-02-18 15:18:58,344 | INFO | Checking Completed. Sleeping...
2026-02-18 15:19:58,345 | INFO | Checking stock prices...
2026-02-18 15:20:04,450 | INFO | Checking Completed. Sleeping...
2026-02-18 15:21:04,451 | INFO | Checking stock prices...
2026-02-18 15:21:10,879 | INFO | Checking Completed. Sleeping...
2026-02-18 15:22:10,880 | INFO | Checking stock prices...
2026-02-18 15:22:17,020 | INFO | Checking Completed. Sleeping...
2026-02-18 15:23:17,021 | INFO | Checking stock prices...
2026-02-18 15:23:23,674 | INFO | Checking Completed. Sleeping...
2026-02-18 15:24:23,675 | INFO | Checking stock prices...
2026-02-18 15:24:29,899 | INFO | Checking Completed. Sleeping...
2026-02-18 15:25:29,900 | INFO | Checking stock prices...
2026-02-18 15:25:36,368 | INFO | Checking Completed. Sleeping...
2026-02-18 15:26:36,369 | INFO | Checking stock prices...
2026-02-18 15:26:42,762 | INFO | Checking Completed. Sleeping...
2026-02-18 15:27:42,763 | INFO | Checking stock prices...
2026-02-18 15:27:49,210 | INFO | Checking Completed. Sleeping...
2026-02-18 15:28:49,211 | INFO | Checking stock prices...
2026-02-18 15:28:58,330 | INFO | Checking Completed. Sleeping...
2026-02-18 15:29:58,331 | INFO | Checking stock prices...
2026-02-18 15:30:04,610 | INFO | Checking Completed. Sleeping...
2026-02-18 15:31:04,611 | INFO | Checking stock prices...
2026-02-18 15:31:04,611 | INFO | Market closed during runtime — shutting down
2026-02-18 15:31:04,613 | INFO | Stock alert service stopped
