2026-01-20 11:01:46,975 | INFO | Stock alert service started
2026-01-20 11:01:46,975 | INFO | Market is open — starting monitoring
2026-01-20 11:01:46,975 | INFO | Checking stock prices...
2026-01-20 11:01:54,845 | INFO | Checking Completed. Sleeping...
2026-01-20 11:04:56,274 | INFO | Checking stock prices...
2026-01-20 11:05:02,434 | ERROR | Row error : Unsupported exchange: 
2026-01-20 11:05:03,014 | INFO | Checking Completed. Sleeping...
2026-01-20 11:08:03,016 | INFO | Checking stock prices...
2026-01-20 11:08:08,041 | ERROR | Row error : Unsupported exchange: 
2026-01-20 11:08:08,573 | INFO | Checking Completed. Sleeping...
2026-01-20 11:11:08,578 | INFO | Checking stock prices...
2026-01-20 11:11:13,744 | ERROR | Row error : Unsupported exchange: 
2026-01-20 11:11:14,498 | INFO | Checking Completed. Sleeping...
2026-01-20 11:14:14,499 | INFO | Checking stock prices...
2026-01-20 11:14:20,056 | ERROR | Row error : Unsupported exchange: 
2026-01-20 11:14:20,620 | INFO | Checking Completed. Sleeping...
2026-01-20 11:17:20,621 | INFO | Checking stock prices...
2026-01-20 11:17:25,850 | ERROR | Row error : Unsupported exchange: 
2026-01-20 11:17:26,372 | INFO | Checking Completed. Sleeping...
2026-01-20 11:20:26,373 | INFO | Checking stock prices...
2026-01-20 11:20:31,649 | ERROR | Row error : Unsupported exchange: 
2026-01-20 11:20:32,213 | INFO | Checking Completed. Sleeping...
2026-01-20 11:23:32,217 | INFO | Checking stock prices...
2026-01-20 11:23:37,847 | ERROR | Row error : Unsupported exchange: 
2026-01-20 11:23:38,410 | INFO | Checking Completed. Sleeping...
2026-01-20 11:26:38,416 | INFO | Checking stock prices...
2026-01-20 11:26:43,689 | ERROR | Row error : Unsupported exchange: 
2026-01-20 11:26:44,192 | INFO | Checking Completed. Sleeping...
2026-01-20 11:28:32,120 | INFO | Stock alert service started
2026-01-20 11:28:32,120 | INFO | Market is open — starting monitoring
2026-01-20 11:28:32,120 | INFO | Checking stock prices...
2026-01-20 11:28:37,790 | ERROR | Row error : Unsupported exchange: 
2026-01-20 11:28:38,375 | INFO | Checking Completed. Sleeping...
2026-01-20 11:30:33,832 | INFO | Stock alert service started
2026-01-20 11:30:33,832 | INFO | Market is open — starting monitoring
2026-01-20 11:30:33,832 | INFO | Checking stock prices...
2026-01-20 11:30:39,647 | ERROR | Row error : Unsupported exchange: 
2026-01-20 11:30:39,647 | ERROR | Row error : Unsupported exchange: 
2026-01-20 11:30:39,647 | ERROR | Row error : Unsupported exchange: 
2026-01-20 11:30:39,647 | ERROR | Row error : Unsupported exchange: 
2026-01-20 11:30:40,165 | INFO | Checking Completed. Sleeping...
2026-01-20 11:31:16,551 | INFO | Stock alert service started
2026-01-20 11:31:16,551 | INFO | Market is open — starting monitoring
2026-01-20 11:31:16,551 | INFO | Checking stock prices...
2026-01-20 11:31:22,697 | INFO | Checking Completed. Sleeping...
2026-01-20 11:34:18,858 | INFO | Stock alert service started
2026-01-20 11:34:18,858 | INFO | Market is open — starting monitoring
2026-01-20 11:34:18,858 | INFO | Checking stock prices...
2026-01-20 11:34:22,382 | WARNING | [TMCV.NS] Price fetch failed (attempt 1): 'NoneType' object is not subscriptable
2026-01-20 11:34:27,889 | INFO | Checking Completed. Sleeping...
2026-01-20 11:34:37,460 | INFO | Stock alert service started
2026-01-20 11:34:37,460 | INFO | Market is open — starting monitoring
2026-01-20 11:34:37,460 | INFO | Checking stock prices...
2026-01-20 11:34:44,203 | INFO | Checking Completed. Sleeping...
2026-01-20 11:35:44,204 | INFO | Checking stock prices...
2026-01-20 11:35:50,448 | INFO | Checking Completed. Sleeping...
2026-01-20 11:36:50,449 | INFO | Checking stock prices...
2026-01-20 11:36:56,415 | INFO | Checking Completed. Sleeping...
2026-01-20 11:37:56,417 | INFO | Checking stock prices...
2026-01-20 11:38:02,914 | INFO | Checking Completed. Sleeping...
2026-01-20 11:39:02,915 | INFO | Checking stock prices...
2026-01-20 11:39:08,914 | INFO | Checking Completed. Sleeping...
2026-01-20 11:40:08,922 | INFO | Checking stock prices...
2026-01-20 11:40:15,205 | INFO | Checking Completed. Sleeping...
2026-01-20 11:41:15,211 | INFO | Checking stock prices...
2026-01-20 11:41:21,312 | INFO | Checking Completed. Sleeping...
2026-01-20 11:42:21,320 | INFO | Checking stock prices...
2026-01-20 11:42:27,221 | INFO | Checking Completed. Sleeping...
2026-01-20 11:43:27,225 | INFO | Checking stock prices...
2026-01-20 11:43:32,730 | INFO | Checking Completed. Sleeping...
2026-01-20 11:44:32,737 | INFO | Checking stock prices...
2026-01-20 11:44:39,122 | INFO | Checking Completed. Sleeping...
2026-01-20 11:45:39,124 | INFO | Checking stock prices...
2026-01-20 11:45:45,565 | INFO | Checking Completed. Sleeping...
2026-01-20 11:46:45,581 | INFO | Checking stock prices...
2026-01-20 11:46:52,248 | INFO | Checking Completed. Sleeping...
2026-01-20 11:47:52,258 | INFO | Checking stock prices...
2026-01-20 11:47:59,192 | INFO | Checking Completed. Sleeping...
2026-01-20 11:48:59,196 | INFO | Checking stock prices...
2026-01-20 11:49:05,643 | INFO | Checking Completed. Sleeping...
2026-01-20 11:50:05,645 | INFO | Checking stock prices...
2026-01-20 11:50:12,392 | INFO | Checking Completed. Sleeping...
2026-01-20 11:51:12,400 | INFO | Checking stock prices...
2026-01-20 11:51:19,311 | INFO | Checking Completed. Sleeping...
2026-01-20 11:52:19,318 | INFO | Checking stock prices...
2026-01-20 11:52:25,168 | INFO | Checking Completed. Sleeping...
2026-01-20 11:53:25,170 | INFO | Checking stock prices...
2026-01-20 11:53:32,220 | INFO | Checking Completed. Sleeping...
2026-01-20 11:54:32,234 | INFO | Checking stock prices...
2026-01-20 11:54:38,309 | INFO | Checking Completed. Sleeping...
2026-01-20 11:55:38,312 | INFO | Checking stock prices...
2026-01-20 11:55:45,524 | INFO | Checking Completed. Sleeping...
2026-01-20 11:56:45,527 | INFO | Checking stock prices...
2026-01-20 11:56:52,178 | INFO | Checking Completed. Sleeping...
2026-01-20 11:57:52,183 | INFO | Checking stock prices...
2026-01-20 11:57:58,209 | INFO | Checking Completed. Sleeping...
2026-01-20 11:58:58,211 | INFO | Checking stock prices...
2026-01-20 11:59:04,198 | INFO | Checking Completed. Sleeping...
2026-01-20 12:00:04,199 | INFO | Checking stock prices...
2026-01-20 12:00:10,179 | INFO | Checking Completed. Sleeping...
2026-01-20 12:01:10,180 | INFO | Checking stock prices...
2026-01-20 12:01:15,799 | INFO | Checking Completed. Sleeping...
2026-01-20 12:02:15,808 | INFO | Checking stock prices...
2026-01-20 12:02:22,190 | INFO | Checking Completed. Sleeping...
2026-01-20 12:03:22,207 | INFO | Checking stock prices...
2026-01-20 12:03:27,864 | INFO | Checking Completed. Sleeping...
2026-01-20 12:04:27,877 | INFO | Checking stock prices...
2026-01-20 12:04:34,191 | INFO | Checking Completed. Sleeping...
2026-01-20 12:05:34,195 | INFO | Checking stock prices...
2026-01-20 12:05:39,811 | INFO | Checking Completed. Sleeping...
2026-01-20 12:06:39,822 | INFO | Checking stock prices...
2026-01-20 12:06:46,506 | INFO | Checking Completed. Sleeping...
2026-01-20 12:07:46,516 | INFO | Checking stock prices...
2026-01-20 12:07:52,562 | INFO | Checking Completed. Sleeping...
2026-01-20 12:08:52,564 | INFO | Checking stock prices...
2026-01-20 12:08:58,760 | INFO | Checking Completed. Sleeping...
2026-01-20 12:09:58,776 | INFO | Checking stock prices...
2026-01-20 12:10:05,236 | INFO | Checking Completed. Sleeping...
2026-01-20 12:11:05,237 | INFO | Checking stock prices...
2026-01-20 12:11:11,058 | INFO | Checking Completed. Sleeping...
2026-01-20 12:12:11,067 | INFO | Checking stock prices...
2026-01-20 12:12:17,052 | INFO | Checking Completed. Sleeping...
2026-01-20 12:13:17,054 | INFO | Checking stock prices...
2026-01-20 12:13:23,134 | INFO | Checking Completed. Sleeping...
2026-01-20 12:14:23,142 | INFO | Checking stock prices...
2026-01-20 12:14:28,798 | INFO | Checking Completed. Sleeping...
2026-01-20 12:15:28,808 | INFO | Checking stock prices...
2026-01-20 12:15:34,719 | INFO | Checking Completed. Sleeping...
2026-01-20 12:16:34,735 | INFO | Checking stock prices...
2026-01-20 12:16:40,405 | INFO | Checking Completed. Sleeping...
2026-01-20 12:17:40,408 | INFO | Checking stock prices...
2026-01-20 12:17:46,546 | INFO | Checking Completed. Sleeping...
2026-01-20 12:18:46,547 | INFO | Checking stock prices...
2026-01-20 12:18:52,971 | INFO | Checking Completed. Sleeping...
2026-01-20 12:19:52,975 | INFO | Checking stock prices...
2026-01-20 12:19:58,728 | INFO | Checking Completed. Sleeping...
2026-01-20 12:20:58,731 | INFO | Checking stock prices...
2026-01-20 12:21:05,138 | INFO | Checking Completed. Sleeping...
2026-01-20 12:22:05,144 | INFO | Checking stock prices...
2026-01-20 12:22:11,145 | INFO | Checking Completed. Sleeping...
2026-01-20 12:23:11,147 | INFO | Checking stock prices...
2026-01-20 12:23:17,708 | INFO | Checking Completed. Sleeping...
2026-01-20 12:24:17,710 | INFO | Checking stock prices...
2026-01-20 12:24:23,986 | INFO | Checking Completed. Sleeping...
2026-01-20 12:25:23,986 | INFO | Checking stock prices...
2026-01-20 12:25:30,571 | INFO | Checking Completed. Sleeping...
2026-01-20 12:26:30,572 | INFO | Checking stock prices...
2026-01-20 12:26:36,364 | INFO | Checking Completed. Sleeping...
2026-01-20 12:27:36,366 | INFO | Checking stock prices...
2026-01-20 12:27:41,704 | INFO | Checking Completed. Sleeping...
2026-01-20 12:28:41,705 | INFO | Checking stock prices...
2026-01-20 12:28:47,622 | INFO | Checking Completed. Sleeping...
2026-01-20 12:29:47,623 | INFO | Checking stock prices...
2026-01-20 12:29:53,715 | INFO | Checking Completed. Sleeping...
2026-01-20 12:30:53,715 | INFO | Checking stock prices...
2026-01-20 12:30:59,341 | INFO | Checking Completed. Sleeping...
2026-01-20 12:31:59,342 | INFO | Checking stock prices...
2026-01-20 12:32:13,948 | INFO | Checking Completed. Sleeping...
2026-01-20 12:33:13,949 | INFO | Checking stock prices...
2026-01-20 12:33:20,469 | INFO | Checking Completed. Sleeping...
2026-01-20 12:34:20,470 | INFO | Checking stock prices...
2026-01-20 12:34:26,749 | INFO | Checking Completed. Sleeping...
2026-01-20 12:35:26,751 | INFO | Checking stock prices...
2026-01-20 12:35:32,951 | INFO | Checking Completed. Sleeping...
2026-01-20 12:36:32,956 | INFO | Checking stock prices...
2026-01-20 12:36:39,417 | INFO | Checking Completed. Sleeping...
2026-01-20 12:37:39,419 | INFO | Checking stock prices...
2026-01-20 12:37:46,517 | INFO | Checking Completed. Sleeping...
2026-01-20 12:38:46,519 | INFO | Checking stock prices...
2026-01-20 12:38:52,398 | INFO | Checking Completed. Sleeping...
2026-01-20 12:39:52,400 | INFO | Checking stock prices...
2026-01-20 12:39:59,028 | INFO | Checking Completed. Sleeping...
2026-01-20 12:40:59,029 | INFO | Checking stock prices...
2026-01-20 12:41:06,682 | INFO | Checking Completed. Sleeping...
2026-01-20 12:42:06,683 | INFO | Checking stock prices...
2026-01-20 12:42:12,784 | INFO | Checking Completed. Sleeping...
2026-01-20 12:43:12,785 | INFO | Checking stock prices...
2026-01-20 12:43:18,876 | INFO | Checking Completed. Sleeping...
2026-01-20 12:44:18,878 | INFO | Checking stock prices...
2026-01-20 12:44:24,449 | INFO | Checking Completed. Sleeping...
2026-01-20 12:45:24,450 | INFO | Checking stock prices...
2026-01-20 12:45:30,209 | INFO | Checking Completed. Sleeping...
2026-01-20 12:46:30,210 | INFO | Checking stock prices...
2026-01-20 12:46:36,227 | INFO | Checking Completed. Sleeping...
2026-01-20 12:47:36,229 | INFO | Checking stock prices...
2026-01-20 12:47:42,000 | INFO | Checking Completed. Sleeping...
2026-01-20 12:48:42,001 | INFO | Checking stock prices...
2026-01-20 12:48:47,883 | INFO | Checking Completed. Sleeping...
2026-01-20 12:49:47,884 | INFO | Checking stock prices...
2026-01-20 12:49:53,572 | INFO | Checking Completed. Sleeping...
2026-01-20 12:50:53,573 | INFO | Checking stock prices...
2026-01-20 12:50:59,742 | INFO | Checking Completed. Sleeping...
2026-01-20 12:51:59,743 | INFO | Checking stock prices...
2026-01-20 12:52:05,683 | INFO | Checking Completed. Sleeping...
2026-01-20 12:53:05,685 | INFO | Checking stock prices...
2026-01-20 12:53:11,064 | INFO | Checking Completed. Sleeping...
2026-01-20 12:54:11,065 | INFO | Checking stock prices...
2026-01-20 12:54:16,908 | INFO | Checking Completed. Sleeping...
2026-01-20 12:55:16,909 | INFO | Checking stock prices...
2026-01-20 12:55:22,930 | INFO | Checking Completed. Sleeping...
2026-01-20 12:56:22,931 | INFO | Checking stock prices...
2026-01-20 12:56:29,029 | INFO | Checking Completed. Sleeping...
2026-01-20 12:57:29,030 | INFO | Checking stock prices...
2026-01-20 12:57:35,186 | INFO | Checking Completed. Sleeping...
2026-01-20 12:58:35,188 | INFO | Checking stock prices...
2026-01-20 12:58:40,962 | INFO | Checking Completed. Sleeping...
2026-01-20 12:59:40,969 | INFO | Checking stock prices...
2026-01-20 12:59:47,724 | INFO | Checking Completed. Sleeping...
2026-01-20 13:00:47,725 | INFO | Checking stock prices...
2026-01-20 13:00:53,953 | INFO | Checking Completed. Sleeping...
2026-01-20 13:01:53,955 | INFO | Checking stock prices...
2026-01-20 13:01:59,883 | INFO | Checking Completed. Sleeping...
2026-01-20 13:02:59,884 | INFO | Checking stock prices...
2026-01-20 13:03:05,807 | INFO | Checking Completed. Sleeping...
2026-01-20 13:04:05,808 | INFO | Checking stock prices...
2026-01-20 13:04:11,704 | INFO | Checking Completed. Sleeping...
2026-01-20 13:05:11,709 | INFO | Checking stock prices...
2026-01-20 13:05:17,661 | INFO | Checking Completed. Sleeping...
2026-01-20 13:06:17,663 | INFO | Checking stock prices...
2026-01-20 13:06:23,736 | INFO | Checking Completed. Sleeping...
2026-01-20 13:07:23,738 | INFO | Checking stock prices...
2026-01-20 13:07:29,427 | INFO | Checking Completed. Sleeping...
2026-01-20 13:08:29,433 | INFO | Checking stock prices...
2026-01-20 13:08:35,102 | INFO | Checking Completed. Sleeping...
2026-01-20 13:09:35,110 | INFO | Checking stock prices...
2026-01-20 13:09:41,576 | INFO | Checking Completed. Sleeping...
2026-01-20 13:10:41,577 | INFO | Checking stock prices...
2026-01-20 13:10:47,595 | INFO | Checking Completed. Sleeping...
2026-01-20 13:11:47,602 | INFO | Checking stock prices...
2026-01-20 13:11:53,594 | INFO | Checking Completed. Sleeping...
2026-01-20 13:12:53,600 | INFO | Checking stock prices...
2026-01-20 13:12:59,271 | INFO | Checking Completed. Sleeping...
2026-01-20 13:13:59,272 | INFO | Checking stock prices...
2026-01-20 13:14:05,310 | INFO | Checking Completed. Sleeping...
2026-01-20 13:15:05,312 | INFO | Checking stock prices...
2026-01-20 13:15:11,314 | INFO | Checking Completed. Sleeping...
2026-01-20 13:16:11,315 | INFO | Checking stock prices...
2026-01-20 13:16:17,116 | INFO | Checking Completed. Sleeping...
2026-01-20 13:17:17,118 | INFO | Checking stock prices...
2026-01-20 13:17:22,772 | INFO | Checking Completed. Sleeping...
2026-01-20 13:18:22,775 | INFO | Checking stock prices...
2026-01-20 13:18:29,299 | INFO | Checking Completed. Sleeping...
2026-01-20 13:19:29,301 | INFO | Checking stock prices...
2026-01-20 13:19:35,252 | INFO | Checking Completed. Sleeping...
2026-01-20 13:20:35,257 | INFO | Checking stock prices...
2026-01-20 13:20:40,763 | INFO | Checking Completed. Sleeping...
2026-01-20 13:21:40,774 | INFO | Checking stock prices...
2026-01-20 13:21:46,540 | INFO | Checking Completed. Sleeping...
2026-01-20 13:22:46,550 | INFO | Checking stock prices...
2026-01-20 13:22:52,427 | INFO | Checking Completed. Sleeping...
2026-01-20 13:23:52,429 | INFO | Checking stock prices...
2026-01-20 13:23:58,297 | INFO | Checking Completed. Sleeping...
2026-01-20 13:24:58,301 | INFO | Checking stock prices...
2026-01-20 13:25:04,927 | INFO | Checking Completed. Sleeping...
2026-01-20 13:26:04,928 | INFO | Checking stock prices...
2026-01-20 13:26:11,021 | INFO | Checking Completed. Sleeping...
2026-01-20 13:27:11,022 | INFO | Checking stock prices...
2026-01-20 13:27:17,084 | INFO | Checking Completed. Sleeping...
2026-01-20 13:28:17,086 | INFO | Checking stock prices...
2026-01-20 13:28:23,162 | INFO | Checking Completed. Sleeping...
2026-01-20 13:29:23,164 | INFO | Checking stock prices...
2026-01-20 13:29:29,203 | INFO | Checking Completed. Sleeping...
2026-01-20 13:30:29,204 | INFO | Checking stock prices...
2026-01-20 13:30:35,494 | INFO | Checking Completed. Sleeping...
2026-01-20 13:31:35,495 | INFO | Checking stock prices...
2026-01-20 13:31:41,503 | INFO | Checking Completed. Sleeping...
2026-01-20 13:32:41,504 | INFO | Checking stock prices...
2026-01-20 13:32:47,333 | INFO | Checking Completed. Sleeping...
2026-01-20 13:33:47,334 | INFO | Checking stock prices...
2026-01-20 13:33:53,076 | INFO | Checking Completed. Sleeping...
2026-01-20 13:34:53,078 | INFO | Checking stock prices...
2026-01-20 13:34:58,672 | INFO | Checking Completed. Sleeping...
2026-01-20 13:35:58,672 | INFO | Checking stock prices...
2026-01-20 13:36:04,099 | INFO | Checking Completed. Sleeping...
2026-01-20 13:37:04,100 | INFO | Checking stock prices...
2026-01-20 13:37:09,496 | INFO | Checking Completed. Sleeping...
2026-01-20 13:38:09,497 | INFO | Checking stock prices...
2026-01-20 13:38:15,391 | INFO | Checking Completed. Sleeping...
2026-01-20 13:39:15,392 | INFO | Checking stock prices...
2026-01-20 13:39:23,691 | INFO | Checking Completed. Sleeping...
2026-01-20 13:40:23,693 | INFO | Checking stock prices...
2026-01-20 13:40:30,017 | INFO | Checking Completed. Sleeping...
2026-01-20 13:41:30,023 | INFO | Checking stock prices...
2026-01-20 13:41:36,540 | INFO | Checking Completed. Sleeping...
2026-01-20 13:42:36,541 | INFO | Checking stock prices...
2026-01-20 13:42:43,053 | INFO | Checking Completed. Sleeping...
2026-01-20 13:43:43,054 | INFO | Checking stock prices...
2026-01-20 13:43:49,363 | INFO | Checking Completed. Sleeping...
2026-01-20 13:44:49,364 | INFO | Checking stock prices...
2026-01-20 13:44:55,746 | INFO | Checking Completed. Sleeping...
2026-01-20 13:45:55,748 | INFO | Checking stock prices...
2026-01-20 13:46:02,254 | INFO | Checking Completed. Sleeping...
2026-01-20 13:47:02,255 | INFO | Checking stock prices...
2026-01-20 13:47:08,456 | INFO | Checking Completed. Sleeping...
2026-01-20 13:48:08,457 | INFO | Checking stock prices...
2026-01-20 13:48:14,413 | INFO | Checking Completed. Sleeping...
2026-01-20 13:49:14,414 | INFO | Checking stock prices...
2026-01-20 13:49:20,505 | INFO | Checking Completed. Sleeping...
2026-01-20 13:50:20,506 | INFO | Checking stock prices...
2026-01-20 13:50:25,972 | INFO | Checking Completed. Sleeping...
2026-01-20 13:51:25,973 | INFO | Checking stock prices...
2026-01-20 13:51:31,889 | INFO | Checking Completed. Sleeping...
2026-01-20 13:52:31,890 | INFO | Checking stock prices...
2026-01-20 13:52:37,943 | INFO | Checking Completed. Sleeping...
2026-01-20 13:53:37,944 | INFO | Checking stock prices...
2026-01-20 13:53:44,103 | INFO | Checking Completed. Sleeping...
2026-01-20 13:54:44,105 | INFO | Checking stock prices...
2026-01-20 13:54:50,016 | INFO | Checking Completed. Sleeping...
2026-01-20 13:55:50,017 | INFO | Checking stock prices...
2026-01-20 13:55:56,566 | INFO | Checking Completed. Sleeping...
2026-01-20 13:56:56,568 | INFO | Checking stock prices...
2026-01-20 13:57:02,557 | INFO | Checking Completed. Sleeping...
2026-01-20 13:58:02,558 | INFO | Checking stock prices...
2026-01-20 13:58:08,993 | INFO | Checking Completed. Sleeping...
2026-01-20 13:59:08,994 | INFO | Checking stock prices...
2026-01-20 13:59:15,173 | INFO | Checking Completed. Sleeping...
2026-01-20 14:00:15,174 | INFO | Checking stock prices...
2026-01-20 14:00:21,161 | INFO | Checking Completed. Sleeping...
2026-01-20 14:01:21,163 | INFO | Checking stock prices...
2026-01-20 14:01:26,937 | INFO | Checking Completed. Sleeping...
2026-01-20 14:02:26,939 | INFO | Checking stock prices...
2026-01-20 14:02:32,997 | INFO | Checking Completed. Sleeping...
2026-01-20 14:03:32,998 | INFO | Checking stock prices...
2026-01-20 14:03:38,618 | INFO | Checking Completed. Sleeping...
2026-01-20 14:04:38,620 | INFO | Checking stock prices...
2026-01-20 14:04:44,297 | INFO | Checking Completed. Sleeping...
2026-01-20 14:05:44,299 | INFO | Checking stock prices...
2026-01-20 14:05:50,776 | INFO | Checking Completed. Sleeping...
2026-01-20 14:06:50,777 | INFO | Checking stock prices...
2026-01-20 14:06:57,666 | INFO | Checking Completed. Sleeping...
2026-01-20 14:07:57,667 | INFO | Checking stock prices...
2026-01-20 14:08:03,902 | INFO | Checking Completed. Sleeping...
2026-01-20 14:09:03,903 | INFO | Checking stock prices...
2026-01-20 14:09:10,514 | INFO | Checking Completed. Sleeping...
2026-01-20 14:10:10,516 | INFO | Checking stock prices...
2026-01-20 14:10:16,935 | INFO | Checking Completed. Sleeping...
2026-01-20 14:11:16,936 | INFO | Checking stock prices...
2026-01-20 14:11:23,998 | INFO | Checking Completed. Sleeping...
2026-01-20 14:12:24,000 | INFO | Checking stock prices...
2026-01-20 14:12:30,158 | INFO | Checking Completed. Sleeping...
2026-01-20 14:13:30,159 | INFO | Checking stock prices...
2026-01-20 14:13:36,117 | INFO | Checking Completed. Sleeping...
2026-01-20 14:14:36,118 | INFO | Checking stock prices...
2026-01-20 14:14:43,054 | INFO | Checking Completed. Sleeping...
2026-01-20 14:15:43,055 | INFO | Checking stock prices...
2026-01-20 14:15:49,414 | INFO | Checking Completed. Sleeping...
2026-01-20 14:16:49,416 | INFO | Checking stock prices...
2026-01-20 14:16:55,507 | INFO | Checking Completed. Sleeping...
2026-01-20 14:17:55,509 | INFO | Checking stock prices...
2026-01-20 14:18:01,389 | INFO | Checking Completed. Sleeping...
2026-01-20 14:19:01,390 | INFO | Checking stock prices...
2026-01-20 14:19:08,254 | INFO | Checking Completed. Sleeping...
2026-01-20 14:20:08,255 | INFO | Checking stock prices...
2026-01-20 14:20:14,508 | INFO | Checking Completed. Sleeping...
2026-01-20 14:21:14,510 | INFO | Checking stock prices...
2026-01-20 14:21:21,114 | INFO | Checking Completed. Sleeping...
2026-01-20 14:22:21,115 | INFO | Checking stock prices...
2026-01-20 14:22:26,665 | INFO | Checking Completed. Sleeping...
2026-01-20 14:23:26,666 | INFO | Checking stock prices...
2026-01-20 14:23:33,053 | INFO | Checking Completed. Sleeping...
2026-01-20 14:24:33,055 | INFO | Checking stock prices...
2026-01-20 14:24:39,604 | INFO | Checking Completed. Sleeping...
2026-01-20 14:25:39,605 | INFO | Checking stock prices...
2026-01-20 14:25:45,861 | INFO | Checking Completed. Sleeping...
2026-01-20 14:26:45,862 | INFO | Checking stock prices...
2026-01-20 14:26:51,651 | INFO | Checking Completed. Sleeping...
2026-01-20 14:27:51,652 | INFO | Checking stock prices...
2026-01-20 14:27:57,920 | INFO | Checking Completed. Sleeping...
2026-01-20 14:28:57,922 | INFO | Checking stock prices...
2026-01-20 14:29:05,775 | INFO | Checking Completed. Sleeping...
2026-01-20 14:30:05,777 | INFO | Checking stock prices...
2026-01-20 14:30:11,668 | INFO | Checking Completed. Sleeping...
2026-01-20 14:31:11,669 | INFO | Checking stock prices...
2026-01-20 14:31:17,587 | INFO | Checking Completed. Sleeping...
2026-01-20 14:32:17,589 | INFO | Checking stock prices...
2026-01-20 14:32:23,575 | INFO | Checking Completed. Sleeping...
2026-01-20 14:33:23,577 | INFO | Checking stock prices...
2026-01-20 14:33:31,090 | INFO | Checking Completed. Sleeping...
2026-01-20 14:34:31,092 | INFO | Checking stock prices...
2026-01-20 14:34:37,493 | INFO | Checking Completed. Sleeping...
2026-01-20 14:35:37,494 | INFO | Checking stock prices...
2026-01-20 14:35:43,767 | INFO | Checking Completed. Sleeping...
2026-01-20 14:36:43,768 | INFO | Checking stock prices...
2026-01-20 14:36:50,122 | INFO | Checking Completed. Sleeping...
2026-01-20 14:37:50,124 | INFO | Checking stock prices...
2026-01-20 14:37:56,185 | INFO | Checking Completed. Sleeping...
2026-01-20 14:38:56,185 | INFO | Checking stock prices...
2026-01-20 14:39:02,524 | INFO | Checking Completed. Sleeping...
2026-01-20 14:40:02,524 | INFO | Checking stock prices...
2026-01-20 14:40:09,235 | INFO | Checking Completed. Sleeping...
2026-01-20 14:41:09,237 | INFO | Checking stock prices...
2026-01-20 14:41:15,511 | INFO | Checking Completed. Sleeping...
2026-01-20 14:42:15,513 | INFO | Checking stock prices...
2026-01-20 14:42:21,741 | INFO | Checking Completed. Sleeping...
2026-01-20 14:43:21,743 | INFO | Checking stock prices...
2026-01-20 14:43:28,570 | INFO | Checking Completed. Sleeping...
2026-01-20 14:44:28,571 | INFO | Checking stock prices...
2026-01-20 14:44:35,150 | INFO | Checking Completed. Sleeping...
2026-01-20 14:45:35,152 | INFO | Checking stock prices...
2026-01-20 14:45:41,820 | INFO | Checking Completed. Sleeping...
2026-01-20 14:46:41,822 | INFO | Checking stock prices...
2026-01-20 14:46:48,299 | INFO | Checking Completed. Sleeping...
2026-01-20 14:47:48,300 | INFO | Checking stock prices...
2026-01-20 14:47:54,710 | INFO | Checking Completed. Sleeping...
2026-01-20 14:48:54,711 | INFO | Checking stock prices...
2026-01-20 14:49:01,011 | INFO | Checking Completed. Sleeping...
2026-01-20 14:50:01,013 | INFO | Checking stock prices...
2026-01-20 14:50:07,712 | INFO | Checking Completed. Sleeping...
2026-01-20 14:51:07,713 | INFO | Checking stock prices...
2026-01-20 14:51:14,238 | INFO | Checking Completed. Sleeping...
2026-01-20 14:52:14,239 | INFO | Checking stock prices...
2026-01-20 14:52:20,342 | INFO | Checking Completed. Sleeping...
2026-01-20 14:53:20,343 | INFO | Checking stock prices...
2026-01-20 14:53:26,256 | INFO | Checking Completed. Sleeping...
2026-01-20 14:54:26,256 | INFO | Checking stock prices...
2026-01-20 14:54:32,588 | INFO | Checking Completed. Sleeping...
2026-01-20 14:55:32,589 | INFO | Checking stock prices...
2026-01-20 14:55:38,566 | INFO | Checking Completed. Sleeping...
2026-01-20 14:56:38,566 | INFO | Checking stock prices...
2026-01-20 14:56:44,856 | INFO | Checking Completed. Sleeping...
2026-01-20 14:57:44,858 | INFO | Checking stock prices...
2026-01-20 14:57:51,461 | INFO | Checking Completed. Sleeping...
2026-01-20 14:58:51,462 | INFO | Checking stock prices...
2026-01-20 14:58:57,941 | INFO | Checking Completed. Sleeping...
2026-01-20 14:59:57,942 | INFO | Checking stock prices...
2026-01-20 15:00:04,322 | INFO | Checking Completed. Sleeping...
2026-01-20 15:01:04,323 | INFO | Checking stock prices...
2026-01-20 15:01:10,885 | INFO | Checking Completed. Sleeping...
2026-01-20 15:02:10,887 | INFO | Checking stock prices...
2026-01-20 15:02:17,300 | INFO | Checking Completed. Sleeping...
2026-01-20 15:03:17,302 | INFO | Checking stock prices...
2026-01-20 15:03:24,232 | INFO | Checking Completed. Sleeping...
2026-01-20 15:04:24,232 | INFO | Checking stock prices...
2026-01-20 15:04:30,707 | INFO | Checking Completed. Sleeping...
2026-01-20 15:05:30,709 | INFO | Checking stock prices...
2026-01-20 15:05:38,211 | INFO | Checking Completed. Sleeping...
2026-01-20 15:06:38,212 | INFO | Checking stock prices...
2026-01-20 15:06:44,630 | INFO | Checking Completed. Sleeping...
2026-01-20 15:07:44,631 | INFO | Checking stock prices...
2026-01-20 15:07:50,701 | INFO | Checking Completed. Sleeping...
2026-01-20 15:08:50,702 | INFO | Checking stock prices...
2026-01-20 15:08:57,364 | INFO | Checking Completed. Sleeping...
2026-01-20 15:09:57,365 | INFO | Checking stock prices...
2026-01-20 15:10:03,620 | INFO | Checking Completed. Sleeping...
2026-01-20 15:11:03,621 | INFO | Checking stock prices...
2026-01-20 15:11:10,112 | INFO | Checking Completed. Sleeping...
2026-01-20 15:12:10,113 | INFO | Checking stock prices...
2026-01-20 15:12:16,624 | INFO | Checking Completed. Sleeping...
2026-01-20 15:13:16,626 | INFO | Checking stock prices...
2026-01-20 15:13:22,450 | INFO | Checking Completed. Sleeping...
2026-01-20 15:14:22,451 | INFO | Checking stock prices...
2026-01-20 15:14:29,633 | INFO | Checking Completed. Sleeping...
2026-01-20 15:15:29,635 | INFO | Checking stock prices...
2026-01-20 15:15:36,344 | INFO | Checking Completed. Sleeping...
2026-01-20 15:16:36,346 | INFO | Checking stock prices...
2026-01-20 15:16:42,809 | INFO | Checking Completed. Sleeping...
2026-01-20 15:17:42,810 | INFO | Checking stock prices...
2026-01-20 15:17:49,006 | INFO | Checking Completed. Sleeping...
2026-01-20 15:18:49,007 | INFO | Checking stock prices...
2026-01-20 15:18:55,277 | INFO | Checking Completed. Sleeping...
2026-01-20 15:19:55,278 | INFO | Checking stock prices...
2026-01-20 15:20:01,983 | INFO | Checking Completed. Sleeping...
2026-01-20 15:21:01,985 | INFO | Checking stock prices...
2026-01-20 15:21:07,948 | INFO | Checking Completed. Sleeping...
2026-01-20 15:22:07,949 | INFO | Checking stock prices...
2026-01-20 15:22:13,391 | INFO | Checking Completed. Sleeping...
2026-01-20 15:23:13,392 | INFO | Checking stock prices...
2026-01-20 15:23:18,909 | INFO | Checking Completed. Sleeping...
2026-01-20 15:24:18,911 | INFO | Checking stock prices...
2026-01-20 15:24:25,127 | INFO | Checking Completed. Sleeping...
2026-01-20 15:25:25,128 | INFO | Checking stock prices...
2026-01-20 15:25:30,852 | INFO | Checking Completed. Sleeping...
2026-01-20 15:26:30,853 | INFO | Checking stock prices...
2026-01-20 15:26:36,737 | INFO | Checking Completed. Sleeping...
2026-01-20 15:27:36,738 | INFO | Checking stock prices...
2026-01-20 15:27:42,396 | INFO | Checking Completed. Sleeping...
2026-01-20 15:28:42,398 | INFO | Checking stock prices...
2026-01-20 15:28:48,070 | INFO | Checking Completed. Sleeping...
2026-01-20 15:29:48,070 | INFO | Checking stock prices...
2026-01-20 15:29:54,084 | INFO | Checking Completed. Sleeping...
2026-01-20 15:30:54,084 | INFO | Checking stock prices...
2026-01-20 15:30:59,673 | INFO | Checking Completed. Sleeping...
2026-01-20 15:31:59,674 | INFO | Checking stock prices...
2026-01-20 15:32:05,185 | INFO | Checking Completed. Sleeping...
2026-01-20 15:33:05,186 | INFO | Checking stock prices...
2026-01-20 15:33:10,609 | INFO | Checking Completed. Sleeping...
2026-01-20 15:34:10,611 | INFO | Checking stock prices...
2026-01-20 15:34:16,174 | INFO | Checking Completed. Sleeping...
2026-01-20 15:35:16,175 | INFO | Checking stock prices...
2026-01-20 15:35:21,870 | INFO | Checking Completed. Sleeping...
2026-01-20 15:36:21,871 | INFO | Checking stock prices...
2026-01-20 15:36:27,266 | INFO | Checking Completed. Sleeping...
2026-01-20 15:37:27,267 | INFO | Checking stock prices...
2026-01-20 15:37:33,405 | INFO | Checking Completed. Sleeping...
2026-01-20 15:38:33,405 | INFO | Checking stock prices...
2026-01-20 15:38:38,901 | INFO | Checking Completed. Sleeping...
2026-01-20 15:39:38,902 | INFO | Checking stock prices...
2026-01-20 15:39:44,347 | INFO | Checking Completed. Sleeping...
2026-01-20 15:40:44,348 | INFO | Checking stock prices...
2026-01-20 15:40:50,466 | INFO | Checking Completed. Sleeping...
2026-01-20 15:41:50,467 | INFO | Checking stock prices...
2026-01-20 15:41:56,190 | INFO | Checking Completed. Sleeping...
2026-01-20 15:42:56,191 | INFO | Checking stock prices...
2026-01-20 15:43:02,140 | INFO | Checking Completed. Sleeping...
2026-01-20 16:17:08,405 | INFO | Checking stock prices...
2026-01-20 16:17:14,418 | INFO | Checking Completed. Sleeping...
2026-01-20 16:18:11,411 | INFO | Stock alert service started
2026-01-20 16:18:11,411 | INFO | Market is closed — shutting down application
