2026-02-09 12:56:41,654 | INFO | Stock alert service started
2026-02-09 12:56:41,654 | INFO | Market is open — starting monitoring
2026-02-09 12:56:51,660 | INFO | Checking stock prices...
2026-02-09 12:56:56,656 | INFO | ALERT | Varun Bevrages | LOW | Last Exit Price: 501 | Price: 450.6000061035156 | Alert: 450.9
2026-02-09 12:57:09,245 | INFO | Checking Completed. Sleeping...
2026-02-09 12:58:09,245 | INFO | Checking stock prices...
2026-02-09 12:58:16,104 | INFO | Checking Completed. Sleeping...
2026-02-09 12:59:16,106 | INFO | Checking stock prices...
2026-02-09 12:59:22,540 | INFO | Checking Completed. Sleeping...
2026-02-09 13:00:22,541 | INFO | Checking stock prices...
2026-02-09 13:00:29,367 | INFO | Checking Completed. Sleeping...
2026-02-09 13:01:29,369 | INFO | Checking stock prices...
2026-02-09 13:01:35,652 | INFO | Checking Completed. Sleeping...
2026-02-09 13:02:35,653 | INFO | Checking stock prices...
2026-02-09 13:02:42,114 | INFO | Checking Completed. Sleeping...
2026-02-09 13:03:42,115 | INFO | Checking stock prices...
2026-02-09 13:03:48,650 | INFO | Checking Completed. Sleeping...
2026-02-09 13:04:48,650 | INFO | Checking stock prices...
2026-02-09 13:04:55,830 | INFO | Checking Completed. Sleeping...
2026-02-09 13:05:55,831 | INFO | Checking stock prices...
2026-02-09 13:06:02,213 | INFO | Checking Completed. Sleeping...
2026-02-09 13:07:02,213 | INFO | Checking stock prices...
2026-02-09 13:07:08,705 | INFO | Checking Completed. Sleeping...
2026-02-09 13:08:08,707 | INFO | Checking stock prices...
2026-02-09 13:08:15,173 | INFO | Checking Completed. Sleeping...
2026-02-09 13:09:15,174 | INFO | Checking stock prices...
2026-02-09 13:09:21,849 | INFO | Checking Completed. Sleeping...
2026-02-09 13:10:21,850 | INFO | Checking stock prices...
2026-02-09 13:10:28,102 | INFO | Checking Completed. Sleeping...
2026-02-09 13:11:28,103 | INFO | Checking stock prices...
2026-02-09 13:11:34,215 | INFO | Checking Completed. Sleeping...
2026-02-09 13:12:34,215 | INFO | Checking stock prices...
2026-02-09 13:12:40,613 | INFO | Checking Completed. Sleeping...
2026-02-09 13:13:40,614 | INFO | Checking stock prices...
2026-02-09 13:13:46,745 | INFO | Checking Completed. Sleeping...
2026-02-09 13:14:46,746 | INFO | Checking stock prices...
2026-02-09 13:14:53,140 | INFO | Checking Completed. Sleeping...
2026-02-09 13:15:53,141 | INFO | Checking stock prices...
2026-02-09 13:15:59,288 | INFO | Checking Completed. Sleeping...
2026-02-09 13:16:59,289 | INFO | Checking stock prices...
2026-02-09 13:17:05,873 | INFO | Checking Completed. Sleeping...
2026-02-09 13:18:05,874 | INFO | Checking stock prices...
2026-02-09 13:18:11,770 | INFO | Checking Completed. Sleeping...
2026-02-09 13:19:11,772 | INFO | Checking stock prices...
2026-02-09 13:19:18,002 | INFO | Checking Completed. Sleeping...
2026-02-09 13:20:18,003 | INFO | Checking stock prices...
2026-02-09 13:20:24,191 | INFO | Checking Completed. Sleeping...
2026-02-09 13:21:24,192 | INFO | Checking stock prices...
2026-02-09 13:21:30,594 | INFO | Checking Completed. Sleeping...
2026-02-09 13:22:30,595 | INFO | Checking stock prices...
2026-02-09 13:22:36,916 | INFO | Checking Completed. Sleeping...
2026-02-09 13:23:36,917 | INFO | Checking stock prices...
2026-02-09 13:23:43,500 | INFO | Checking Completed. Sleeping...
2026-02-09 13:24:43,501 | INFO | Checking stock prices...
2026-02-09 13:24:50,234 | INFO | Checking Completed. Sleeping...
2026-02-09 13:25:50,235 | INFO | Checking stock prices...
2026-02-09 13:25:56,383 | INFO | Checking Completed. Sleeping...
2026-02-09 13:26:56,384 | INFO | Checking stock prices...
2026-02-09 13:27:02,829 | INFO | Checking Completed. Sleeping...
2026-02-09 13:28:02,830 | INFO | Checking stock prices...
2026-02-09 13:28:09,753 | INFO | Checking Completed. Sleeping...
2026-02-09 13:29:09,754 | INFO | Checking stock prices...
2026-02-09 13:29:16,535 | INFO | Checking Completed. Sleeping...
2026-02-09 13:30:16,536 | INFO | Checking stock prices...
2026-02-09 13:30:22,543 | INFO | Checking Completed. Sleeping...
2026-02-09 13:31:22,546 | INFO | Checking stock prices...
2026-02-09 13:31:29,557 | INFO | Checking Completed. Sleeping...
2026-02-09 13:32:29,558 | INFO | Checking stock prices...
2026-02-09 13:32:36,025 | INFO | Checking Completed. Sleeping...
2026-02-09 13:33:36,025 | INFO | Checking stock prices...
2026-02-09 13:33:42,904 | INFO | Checking Completed. Sleeping...
2026-02-09 13:34:42,905 | INFO | Checking stock prices...
2026-02-09 13:34:49,899 | INFO | Checking Completed. Sleeping...
2026-02-09 13:35:49,900 | INFO | Checking stock prices...
2026-02-09 13:35:56,887 | INFO | Checking Completed. Sleeping...
2026-02-09 13:36:56,887 | INFO | Checking stock prices...
2026-02-09 13:37:04,818 | INFO | Checking Completed. Sleeping...
2026-02-09 13:38:04,818 | INFO | Checking stock prices...
2026-02-09 13:38:11,042 | INFO | Checking Completed. Sleeping...
2026-02-09 13:39:11,043 | INFO | Checking stock prices...
2026-02-09 13:39:17,673 | INFO | Checking Completed. Sleeping...
2026-02-09 13:40:17,674 | INFO | Checking stock prices...
2026-02-09 13:40:24,256 | INFO | Checking Completed. Sleeping...
2026-02-09 13:41:24,257 | INFO | Checking stock prices...
2026-02-09 13:41:30,561 | INFO | Checking Completed. Sleeping...
2026-02-09 13:53:58,993 | INFO | Checking stock prices...
