2026-02-27 12:52:53,777 | INFO | Stock alert service started
2026-02-27 12:52:53,779 | INFO | Market is open — starting monitoring
2026-02-27 12:53:03,785 | INFO | Checking stock prices...
2026-02-27 12:53:08,599 | INFO | ALERT | Eternal | LOW | Last Exit Price: 294 | Price: 248.8000030517578 | Alert: 250.0
2026-02-27 12:53:21,122 | INFO | Checking Completed. Sleeping...
2026-02-27 12:54:21,124 | INFO | Checking stock prices...
2026-02-27 12:54:24,731 | INFO | ALERT | Eternal | LOW | Last Exit Price: 294 | Price: 248.6999969482422 | Alert: 250.0
2026-02-27 12:54:37,367 | INFO | Checking Completed. Sleeping...
2026-02-27 12:55:37,368 | INFO | Checking stock prices...
2026-02-27 12:55:41,007 | INFO | ALERT | Eternal | LOW | Last Exit Price: 294 | Price: 248.64999389648438 | Alert: 250.0
2026-02-27 12:55:53,755 | INFO | Checking Completed. Sleeping...
2026-02-27 12:56:53,756 | INFO | Checking stock prices...
2026-02-27 12:56:57,303 | INFO | ALERT | Eternal | LOW | Last Exit Price: 294 | Price: 248.35000610351562 | Alert: 250.0
2026-02-27 12:57:10,160 | INFO | Checking Completed. Sleeping...
2026-02-27 12:58:10,161 | INFO | Checking stock prices...
2026-02-27 12:58:14,013 | INFO | ALERT | Eternal | LOW | Last Exit Price: 294 | Price: 248.3000030517578 | Alert: 250.0
2026-02-27 12:58:26,576 | INFO | Checking Completed. Sleeping...
2026-02-27 12:59:26,577 | INFO | Checking stock prices...
2026-02-27 12:59:34,334 | INFO | Checking Completed. Sleeping...
2026-02-27 13:00:34,335 | INFO | Checking stock prices...
2026-02-27 13:00:40,775 | INFO | Checking Completed. Sleeping...
2026-02-27 13:01:40,776 | INFO | Checking stock prices...
2026-02-27 13:01:46,743 | INFO | Checking Completed. Sleeping...
2026-02-27 13:02:46,744 | INFO | Checking stock prices...
2026-02-27 13:02:52,784 | INFO | Checking Completed. Sleeping...
2026-02-27 13:03:52,785 | INFO | Checking stock prices...
2026-02-27 13:03:58,938 | INFO | Checking Completed. Sleeping...
2026-02-27 13:04:58,959 | INFO | Checking stock prices...
2026-02-27 13:05:06,247 | INFO | Checking Completed. Sleeping...
2026-02-27 13:06:06,248 | INFO | Checking stock prices...
2026-02-27 13:06:12,759 | INFO | Checking Completed. Sleeping...
2026-02-27 13:07:12,760 | INFO | Checking stock prices...
2026-02-27 13:07:19,096 | INFO | Checking Completed. Sleeping...
2026-02-27 13:08:19,097 | INFO | Checking stock prices...
2026-02-27 13:08:25,493 | INFO | Checking Completed. Sleeping...
2026-02-27 13:09:25,494 | INFO | Checking stock prices...
2026-02-27 13:09:31,883 | INFO | Checking Completed. Sleeping...
2026-02-27 13:10:31,884 | INFO | Checking stock prices...
2026-02-27 13:10:38,218 | INFO | Checking Completed. Sleeping...
2026-02-27 13:11:38,219 | INFO | Checking stock prices...
2026-02-27 13:11:44,696 | INFO | Checking Completed. Sleeping...
2026-02-27 13:12:44,697 | INFO | Checking stock prices...
2026-02-27 13:12:50,799 | INFO | Checking Completed. Sleeping...
2026-02-27 13:13:50,800 | INFO | Checking stock prices...
2026-02-27 13:13:57,374 | INFO | Checking Completed. Sleeping...
2026-02-27 13:14:57,375 | INFO | Checking stock prices...
2026-02-27 13:15:04,105 | INFO | Checking Completed. Sleeping...
2026-02-28 19:49:14,720 | INFO | Checking stock prices...
2026-02-28 19:49:14,729 | INFO | Market closed during runtime — shutting down
2026-02-28 19:49:14,730 | INFO | Stock alert service stopped
