2026-03-12 13:34:17,521 | INFO | Stock alert service started
2026-03-12 13:34:17,524 | INFO | Market is open — starting monitoring
2026-03-12 13:34:27,531 | INFO | Checking stock prices...
2026-03-12 13:34:32,567 | INFO | ALERT | Eternal | LOW | Last Exit Price: 294 | Price: 222.99000549316406 | Alert: 239.0
2026-03-12 13:34:43,026 | INFO | ALERT | Varun Bevrages | LOW | Last Exit Price: 501 | Price: 415.1499938964844 | Alert: 440.0
2026-03-12 13:34:54,316 | INFO | ALERT | Tata Power | HIGH | Last Exit Price: 0 | Price: 406.8999938964844 | Alert: 404.0
2026-03-12 13:35:05,315 | INFO | Checking Completed. Sleeping...
2026-03-12 13:36:05,316 | INFO | Checking stock prices...
2026-03-12 13:36:09,334 | INFO | ALERT | Eternal | LOW | Last Exit Price: 294 | Price: 223.19000244140625 | Alert: 239.0
2026-03-12 13:36:19,779 | INFO | ALERT | Varun Bevrages | LOW | Last Exit Price: 501 | Price: 415.5 | Alert: 440.0
2026-03-12 13:36:31,060 | INFO | ALERT | Tata Power | HIGH | Last Exit Price: 0 | Price: 406.95001220703125 | Alert: 404.0
2026-03-12 13:36:42,138 | INFO | Checking Completed. Sleeping...
2026-03-12 13:37:42,139 | INFO | Checking stock prices...
2026-03-12 13:37:45,964 | INFO | ALERT | Eternal | LOW | Last Exit Price: 294 | Price: 222.99000549316406 | Alert: 239.0
2026-03-12 13:37:56,398 | INFO | ALERT | Varun Bevrages | LOW | Last Exit Price: 501 | Price: 414.79998779296875 | Alert: 440.0
2026-03-12 13:38:07,687 | INFO | ALERT | Tata Power | HIGH | Last Exit Price: 0 | Price: 407.0 | Alert: 404.0
2026-03-12 13:38:18,676 | INFO | Checking Completed. Sleeping...
2026-03-12 13:39:18,676 | INFO | Checking stock prices...
2026-03-12 13:39:22,488 | INFO | ALERT | Eternal | LOW | Last Exit Price: 294 | Price: 222.85000610351562 | Alert: 239.0
2026-03-12 13:39:32,924 | INFO | ALERT | Varun Bevrages | LOW | Last Exit Price: 501 | Price: 414.8500061035156 | Alert: 440.0
2026-03-12 13:39:45,195 | INFO | Checking Completed. Sleeping...
2026-03-12 13:40:45,196 | INFO | Checking stock prices...
2026-03-12 13:40:49,418 | INFO | ALERT | Varun Bevrages | LOW | Last Exit Price: 501 | Price: 415.1000061035156 | Alert: 440.0
2026-03-12 13:41:01,751 | INFO | Checking Completed. Sleeping...
2026-03-12 13:42:01,752 | INFO | Checking stock prices...
2026-03-12 13:42:08,193 | INFO | Checking Completed. Sleeping...
2026-03-12 13:43:08,194 | INFO | Checking stock prices...
2026-03-12 13:43:14,566 | INFO | Checking Completed. Sleeping...
2026-03-12 13:44:14,567 | INFO | Checking stock prices...
2026-03-12 13:44:21,073 | INFO | Checking Completed. Sleeping...
2026-03-12 13:45:21,074 | INFO | Checking stock prices...
2026-03-12 13:45:27,566 | INFO | Checking Completed. Sleeping...
2026-03-12 13:46:27,567 | INFO | Checking stock prices...
2026-03-12 13:46:34,232 | INFO | Checking Completed. Sleeping...
2026-03-12 13:47:34,232 | INFO | Checking stock prices...
2026-03-12 13:47:39,870 | INFO | ALERT | Varun Bevrages | LOW | Last Exit Price: 501.0 | Price: 414.0 | Alert: 414.0
2026-03-12 13:47:50,756 | INFO | Checking Completed. Sleeping...
2026-03-12 13:48:50,757 | INFO | Checking stock prices...
2026-03-12 13:48:57,526 | INFO | Checking Completed. Sleeping...
2026-03-12 13:49:57,527 | INFO | Checking stock prices...
2026-03-12 13:50:03,980 | INFO | Checking Completed. Sleeping...
2026-03-12 13:51:03,981 | INFO | Checking stock prices...
2026-03-12 13:51:10,694 | INFO | Checking Completed. Sleeping...
2026-03-12 13:52:10,695 | INFO | Checking stock prices...
2026-03-12 13:52:18,321 | INFO | Checking Completed. Sleeping...
2026-03-12 13:53:18,322 | INFO | Checking stock prices...
2026-03-12 13:53:24,749 | INFO | Checking Completed. Sleeping...
2026-03-12 13:54:24,751 | INFO | Checking stock prices...
2026-03-12 13:54:31,335 | INFO | Checking Completed. Sleeping...
2026-03-12 13:55:31,337 | INFO | Checking stock prices...
2026-03-12 13:55:38,021 | INFO | Checking Completed. Sleeping...
2026-03-12 13:56:38,022 | INFO | Checking stock prices...
2026-03-12 13:56:44,736 | INFO | Checking Completed. Sleeping...
2026-03-12 13:57:44,737 | INFO | Checking stock prices...
2026-03-12 13:57:51,265 | INFO | Checking Completed. Sleeping...
2026-03-12 13:58:51,265 | INFO | Checking stock prices...
2026-03-12 13:58:57,690 | INFO | Checking Completed. Sleeping...
2026-03-12 13:59:57,691 | INFO | Checking stock prices...
2026-03-12 14:00:03,967 | INFO | Checking Completed. Sleeping...
2026-03-12 14:01:03,968 | INFO | Checking stock prices...
2026-03-12 14:01:10,606 | INFO | Checking Completed. Sleeping...
2026-03-12 14:02:10,608 | INFO | Checking stock prices...
2026-03-12 14:02:17,366 | INFO | Checking Completed. Sleeping...
2026-03-12 14:03:17,366 | INFO | Checking stock prices...
2026-03-12 14:03:23,678 | INFO | Checking Completed. Sleeping...
2026-03-12 14:04:23,679 | INFO | Checking stock prices...
2026-03-12 14:04:29,992 | INFO | Checking Completed. Sleeping...
2026-03-12 14:05:29,993 | INFO | Checking stock prices...
2026-03-12 14:05:37,043 | INFO | Checking Completed. Sleeping...
2026-03-12 14:06:37,044 | INFO | Checking stock prices...
2026-03-12 14:06:43,902 | INFO | Checking Completed. Sleeping...
2026-03-12 14:07:43,903 | INFO | Checking stock prices...
2026-03-12 14:07:50,451 | INFO | Checking Completed. Sleeping...
2026-03-12 14:08:50,452 | INFO | Checking stock prices...
2026-03-12 14:08:57,157 | INFO | Checking Completed. Sleeping...
2026-03-12 14:09:57,158 | INFO | Checking stock prices...
2026-03-12 14:10:03,410 | INFO | Checking Completed. Sleeping...
2026-03-12 14:11:03,411 | INFO | Checking stock prices...
2026-03-12 14:11:09,548 | INFO | Checking Completed. Sleeping...
2026-03-12 14:12:09,548 | INFO | Checking stock prices...
2026-03-12 14:12:14,788 | INFO | ALERT | Eternal | LOW | Last Exit Price: 294.0 | Price: 221.77999877929688 | Alert: 222.0
2026-03-12 14:12:25,912 | INFO | Checking Completed. Sleeping...
2026-03-12 14:13:25,913 | INFO | Checking stock prices...
2026-03-12 14:13:31,158 | INFO | ALERT | Eternal | LOW | Last Exit Price: 294.0 | Price: 221.8000030517578 | Alert: 222.0
2026-03-12 14:13:42,198 | INFO | Checking Completed. Sleeping...
2026-03-12 14:14:42,199 | INFO | Checking stock prices...
2026-03-12 14:14:48,392 | INFO | Checking Completed. Sleeping...
2026-03-12 14:15:48,392 | INFO | Checking stock prices...
2026-03-12 14:15:55,041 | INFO | Checking Completed. Sleeping...
2026-03-12 14:16:55,042 | INFO | Checking stock prices...
2026-03-12 14:17:01,328 | INFO | Checking Completed. Sleeping...
2026-03-12 14:18:01,329 | INFO | Checking stock prices...
2026-03-12 14:18:07,449 | INFO | Checking Completed. Sleeping...
2026-03-12 14:19:07,450 | INFO | Checking stock prices...
2026-03-12 14:19:13,744 | INFO | Checking Completed. Sleeping...
2026-03-12 14:20:13,745 | INFO | Checking stock prices...
2026-03-12 14:20:19,895 | INFO | Checking Completed. Sleeping...
2026-03-12 14:21:19,896 | INFO | Checking stock prices...
2026-03-12 14:21:26,333 | INFO | Checking Completed. Sleeping...
2026-03-12 14:22:26,334 | INFO | Checking stock prices...
2026-03-12 14:22:32,763 | INFO | Checking Completed. Sleeping...
2026-03-12 14:23:32,764 | INFO | Checking stock prices...
2026-03-12 14:23:39,751 | INFO | Checking Completed. Sleeping...
2026-03-12 14:24:39,752 | INFO | Checking stock prices...
2026-03-12 14:24:46,505 | INFO | Checking Completed. Sleeping...
2026-03-12 14:25:46,506 | INFO | Checking stock prices...
2026-03-12 14:25:52,716 | INFO | Checking Completed. Sleeping...
2026-03-12 14:26:52,717 | INFO | Checking stock prices...
2026-03-12 14:26:58,911 | INFO | Checking Completed. Sleeping...
2026-03-12 14:27:58,912 | INFO | Checking stock prices...
2026-03-12 14:28:05,819 | INFO | Checking Completed. Sleeping...
2026-03-12 14:29:05,820 | INFO | Checking stock prices...
2026-03-12 14:29:12,075 | INFO | Checking Completed. Sleeping...
2026-03-12 14:30:12,076 | INFO | Checking stock prices...
2026-03-12 14:30:18,500 | INFO | Checking Completed. Sleeping...
2026-03-12 14:31:18,501 | INFO | Checking stock prices...
2026-03-12 14:31:24,812 | INFO | Checking Completed. Sleeping...
2026-03-12 14:32:24,812 | INFO | Checking stock prices...
2026-03-12 14:32:31,233 | INFO | Checking Completed. Sleeping...
2026-03-12 14:33:31,234 | INFO | Checking stock prices...
2026-03-12 14:33:37,926 | INFO | Checking Completed. Sleeping...
2026-03-12 14:34:37,927 | INFO | Checking stock prices...
2026-03-12 14:34:44,561 | INFO | Checking Completed. Sleeping...
2026-03-12 14:35:44,562 | INFO | Checking stock prices...
2026-03-12 14:35:50,978 | INFO | Checking Completed. Sleeping...
2026-03-12 14:36:50,979 | INFO | Checking stock prices...
2026-03-12 14:36:57,442 | INFO | Checking Completed. Sleeping...
2026-03-12 14:37:57,443 | INFO | Checking stock prices...
2026-03-12 14:38:03,927 | INFO | Checking Completed. Sleeping...
2026-03-12 14:39:03,927 | INFO | Checking stock prices...
2026-03-12 14:39:10,940 | INFO | Checking Completed. Sleeping...
2026-03-12 14:40:10,941 | INFO | Checking stock prices...
2026-03-12 14:40:17,114 | INFO | Checking Completed. Sleeping...
2026-03-12 14:41:17,115 | INFO | Checking stock prices...
2026-03-12 14:41:23,777 | INFO | Checking Completed. Sleeping...
2026-03-12 14:42:23,777 | INFO | Checking stock prices...
2026-03-12 14:42:30,594 | INFO | Checking Completed. Sleeping...
2026-03-12 14:43:30,595 | INFO | Checking stock prices...
2026-03-12 14:43:36,929 | INFO | Checking Completed. Sleeping...
2026-03-12 14:44:36,930 | INFO | Checking stock prices...
2026-03-12 14:44:43,205 | INFO | Checking Completed. Sleeping...
2026-03-12 14:45:43,206 | INFO | Checking stock prices...
2026-03-12 14:45:49,574 | INFO | Checking Completed. Sleeping...
2026-03-12 14:46:49,575 | INFO | Checking stock prices...
2026-03-12 14:46:55,362 | ERROR | Row error : Unsupported exchange: 
2026-03-12 14:46:55,362 | ERROR | Row error : Unsupported exchange: 
2026-03-12 14:46:55,800 | INFO | Checking Completed. Sleeping...
2026-03-12 14:47:55,801 | INFO | Checking stock prices...
2026-03-12 14:48:01,784 | ERROR | Row error : Unsupported exchange: 
2026-03-12 14:48:01,784 | ERROR | Row error : Unsupported exchange: 
2026-03-12 14:48:02,288 | INFO | Checking Completed. Sleeping...
2026-03-12 14:49:02,288 | INFO | Checking stock prices...
2026-03-12 14:49:08,554 | ERROR | Row error : Unsupported exchange: 
2026-03-12 14:49:08,554 | ERROR | Row error : Unsupported exchange: 
2026-03-12 14:49:09,014 | INFO | Checking Completed. Sleeping...
2026-03-12 14:50:09,015 | INFO | Checking stock prices...
2026-03-12 14:50:15,428 | ERROR | Row error : Unsupported exchange: 
2026-03-12 14:50:15,429 | ERROR | Row error : Unsupported exchange: 
2026-03-12 14:50:15,878 | INFO | Checking Completed. Sleeping...
2026-03-12 14:51:15,879 | INFO | Checking stock prices...
2026-03-12 14:51:22,521 | ERROR | Row error : Unsupported exchange: 
2026-03-12 14:51:22,521 | ERROR | Row error : Unsupported exchange: 
2026-03-12 14:51:22,967 | INFO | Checking Completed. Sleeping...
2026-03-12 14:52:22,968 | INFO | Checking stock prices...
2026-03-12 14:52:29,062 | ERROR | Row error : Unsupported exchange: 
2026-03-12 14:52:29,062 | ERROR | Row error : Unsupported exchange: 
2026-03-12 14:52:29,542 | INFO | Checking Completed. Sleeping...
2026-03-12 14:53:29,543 | INFO | Checking stock prices...
2026-03-12 14:53:35,686 | ERROR | Row error : Unsupported exchange: 
2026-03-12 14:53:35,687 | ERROR | Row error : Unsupported exchange: 
2026-03-12 14:53:36,147 | INFO | Checking Completed. Sleeping...
2026-03-12 14:54:36,148 | INFO | Checking stock prices...
2026-03-12 14:54:42,671 | ERROR | Row error : Unsupported exchange: 
2026-03-12 14:54:42,671 | ERROR | Row error : Unsupported exchange: 
2026-03-12 14:54:43,185 | INFO | Checking Completed. Sleeping...
2026-03-12 14:55:43,185 | INFO | Checking stock prices...
2026-03-12 14:55:49,300 | ERROR | Row error : Unsupported exchange: 
2026-03-12 14:55:49,301 | ERROR | Row error : Unsupported exchange: 
2026-03-12 14:55:49,741 | INFO | Checking Completed. Sleeping...
2026-03-12 14:56:49,742 | INFO | Checking stock prices...
2026-03-12 14:56:56,127 | ERROR | Row error : Unsupported exchange: 
2026-03-12 14:56:56,127 | ERROR | Row error : Unsupported exchange: 
2026-03-12 14:56:56,672 | INFO | Checking Completed. Sleeping...
2026-03-12 14:57:56,672 | INFO | Checking stock prices...
2026-03-12 14:58:04,763 | ERROR | Row error : Unsupported exchange: 
2026-03-12 14:58:04,764 | ERROR | Row error : Unsupported exchange: 
2026-03-12 14:58:05,282 | INFO | Checking Completed. Sleeping...
2026-03-12 14:59:05,283 | INFO | Checking stock prices...
2026-03-12 14:59:12,388 | ERROR | Row error : Unsupported exchange: 
2026-03-12 14:59:12,389 | ERROR | Row error : Unsupported exchange: 
2026-03-12 14:59:13,018 | INFO | Checking Completed. Sleeping...
2026-03-12 15:00:13,018 | INFO | Checking stock prices...
2026-03-12 15:00:19,034 | ERROR | Row error : Unsupported exchange: 
2026-03-12 15:00:19,034 | ERROR | Row error : Unsupported exchange: 
2026-03-12 15:00:19,551 | INFO | Checking Completed. Sleeping...
2026-03-12 15:01:19,552 | INFO | Checking stock prices...
2026-03-12 15:01:25,426 | ERROR | Row error : Unsupported exchange: 
2026-03-12 15:01:25,427 | ERROR | Row error : Unsupported exchange: 
2026-03-12 15:01:25,970 | INFO | Checking Completed. Sleeping...
2026-03-12 15:02:25,971 | INFO | Checking stock prices...
2026-03-12 15:02:31,810 | ERROR | Row error : Unsupported exchange: 
2026-03-12 15:02:31,811 | ERROR | Row error : Unsupported exchange: 
2026-03-12 15:02:32,249 | INFO | Checking Completed. Sleeping...
2026-03-12 15:03:32,250 | INFO | Checking stock prices...
2026-03-12 15:03:38,078 | ERROR | Row error : Unsupported exchange: 
2026-03-12 15:03:38,078 | ERROR | Row error : Unsupported exchange: 
2026-03-12 15:03:38,622 | INFO | Checking Completed. Sleeping...
2026-03-12 15:04:38,623 | INFO | Checking stock prices...
2026-03-12 15:04:44,524 | ERROR | Row error : Unsupported exchange: 
2026-03-12 15:04:44,525 | ERROR | Row error : Unsupported exchange: 
2026-03-12 15:04:45,049 | INFO | Checking Completed. Sleeping...
2026-03-12 15:05:45,050 | INFO | Checking stock prices...
2026-03-12 15:05:50,834 | ERROR | Row error : Unsupported exchange: 
2026-03-12 15:05:50,834 | ERROR | Row error : Unsupported exchange: 
2026-03-12 15:05:51,353 | INFO | Checking Completed. Sleeping...
2026-03-12 15:06:51,354 | INFO | Checking stock prices...
2026-03-12 15:06:57,166 | ERROR | Row error : Unsupported exchange: 
2026-03-12 15:06:57,166 | ERROR | Row error : Unsupported exchange: 
2026-03-12 15:06:57,692 | INFO | Checking Completed. Sleeping...
2026-03-12 15:07:57,693 | INFO | Checking stock prices...
2026-03-12 15:08:03,903 | ERROR | Row error : Unsupported exchange: 
2026-03-12 15:08:03,903 | ERROR | Row error : Unsupported exchange: 
2026-03-12 15:08:04,351 | INFO | Checking Completed. Sleeping...
2026-03-12 15:09:04,351 | INFO | Checking stock prices...
2026-03-12 15:09:10,160 | ERROR | Row error : Unsupported exchange: 
2026-03-12 15:09:10,161 | ERROR | Row error : Unsupported exchange: 
2026-03-12 15:09:10,693 | INFO | Checking Completed. Sleeping...
2026-03-12 15:10:10,694 | INFO | Checking stock prices...
2026-03-12 15:10:16,610 | ERROR | Row error : Unsupported exchange: 
2026-03-12 15:10:16,611 | ERROR | Row error : Unsupported exchange: 
2026-03-12 15:10:17,135 | INFO | Checking Completed. Sleeping...
2026-03-12 15:11:17,136 | INFO | Checking stock prices...
2026-03-12 15:11:23,142 | ERROR | Row error : Unsupported exchange: 
2026-03-12 15:11:23,143 | ERROR | Row error : Unsupported exchange: 
2026-03-12 15:11:23,613 | INFO | Checking Completed. Sleeping...
2026-03-12 15:12:23,614 | INFO | Checking stock prices...
2026-03-12 15:12:30,092 | ERROR | Row error : Unsupported exchange: 
2026-03-12 15:12:30,093 | ERROR | Row error : Unsupported exchange: 
2026-03-12 15:12:30,643 | INFO | Checking Completed. Sleeping...
2026-03-12 15:13:30,644 | INFO | Checking stock prices...
2026-03-12 15:13:36,768 | ERROR | Row error : Unsupported exchange: 
2026-03-12 15:13:36,768 | ERROR | Row error : Unsupported exchange: 
2026-03-12 15:13:37,212 | INFO | Checking Completed. Sleeping...
2026-03-12 15:14:37,213 | INFO | Checking stock prices...
2026-03-12 15:14:43,435 | ERROR | Row error : Unsupported exchange: 
2026-03-12 15:14:43,436 | ERROR | Row error : Unsupported exchange: 
2026-03-12 15:14:43,896 | INFO | Checking Completed. Sleeping...
2026-03-12 15:15:43,896 | INFO | Checking stock prices...
2026-03-12 15:15:50,518 | ERROR | Row error : Unsupported exchange: 
2026-03-12 15:15:50,518 | ERROR | Row error : Unsupported exchange: 
2026-03-12 15:15:50,996 | INFO | Checking Completed. Sleeping...
2026-03-12 15:16:50,997 | INFO | Checking stock prices...
2026-03-12 15:16:57,739 | ERROR | Row error : Unsupported exchange: 
2026-03-12 15:16:57,739 | ERROR | Row error : Unsupported exchange: 
2026-03-12 15:16:58,298 | INFO | Checking Completed. Sleeping...
2026-03-12 15:17:58,299 | INFO | Checking stock prices...
2026-03-12 15:18:04,820 | ERROR | Row error : Unsupported exchange: 
2026-03-12 15:18:04,820 | ERROR | Row error : Unsupported exchange: 
2026-03-12 15:18:05,258 | INFO | Checking Completed. Sleeping...
2026-03-12 15:19:05,259 | INFO | Checking stock prices...
2026-03-12 15:19:11,611 | ERROR | Row error : Unsupported exchange: 
2026-03-12 15:19:11,611 | ERROR | Row error : Unsupported exchange: 
2026-03-12 15:19:12,132 | INFO | Checking Completed. Sleeping...
2026-03-12 15:20:12,132 | INFO | Checking stock prices...
2026-03-12 15:20:18,701 | ERROR | Row error : Unsupported exchange: 
2026-03-12 15:20:18,701 | ERROR | Row error : Unsupported exchange: 
2026-03-12 15:20:19,232 | INFO | Checking Completed. Sleeping...
2026-03-12 15:21:19,233 | INFO | Checking stock prices...
2026-03-12 15:21:25,473 | ERROR | Row error : Unsupported exchange: 
2026-03-12 15:21:25,473 | ERROR | Row error : Unsupported exchange: 
2026-03-12 15:21:26,017 | INFO | Checking Completed. Sleeping...
2026-03-12 15:22:26,018 | INFO | Checking stock prices...
2026-03-12 15:22:32,497 | ERROR | Row error : Unsupported exchange: 
2026-03-12 15:22:32,498 | ERROR | Row error : Unsupported exchange: 
2026-03-12 15:22:32,942 | INFO | Checking Completed. Sleeping...
2026-03-12 15:23:32,942 | INFO | Checking stock prices...
2026-03-12 15:23:39,297 | ERROR | Row error : Unsupported exchange: 
2026-03-12 15:23:39,297 | ERROR | Row error : Unsupported exchange: 
2026-03-12 15:23:39,779 | INFO | Checking Completed. Sleeping...
2026-03-12 15:24:39,780 | INFO | Checking stock prices...
2026-03-12 15:24:46,158 | ERROR | Row error : Unsupported exchange: 
2026-03-12 15:24:46,159 | ERROR | Row error : Unsupported exchange: 
2026-03-12 15:24:46,626 | INFO | Checking Completed. Sleeping...
2026-03-12 15:25:46,627 | INFO | Checking stock prices...
2026-03-12 15:25:53,075 | ERROR | Row error : Unsupported exchange: 
2026-03-12 15:25:53,076 | ERROR | Row error : Unsupported exchange: 
2026-03-12 15:25:53,509 | INFO | Checking Completed. Sleeping...
2026-03-12 15:26:53,510 | INFO | Checking stock prices...
2026-03-12 15:26:59,902 | ERROR | Row error : Unsupported exchange: 
2026-03-12 15:26:59,902 | ERROR | Row error : Unsupported exchange: 
2026-03-12 15:27:00,358 | INFO | Checking Completed. Sleeping...
2026-03-12 15:28:00,359 | INFO | Checking stock prices...
2026-03-12 15:28:06,944 | ERROR | Row error : Unsupported exchange: 
2026-03-12 15:28:06,945 | ERROR | Row error : Unsupported exchange: 
2026-03-12 15:28:07,470 | INFO | Checking Completed. Sleeping...
2026-03-12 15:29:07,471 | INFO | Checking stock prices...
2026-03-12 15:29:13,900 | ERROR | Row error : Unsupported exchange: 
2026-03-12 15:29:13,900 | ERROR | Row error : Unsupported exchange: 
2026-03-12 15:29:14,417 | INFO | Checking Completed. Sleeping...
2026-03-12 15:30:14,418 | INFO | Checking stock prices...
2026-03-12 15:30:14,419 | INFO | Market closed during runtime — shutting down
2026-03-12 15:30:14,420 | INFO | Stock alert service stopped
