2026-02-20 11:36:35,155 | INFO | Stock alert service started
2026-02-20 11:36:35,157 | INFO | Market is open — starting monitoring
2026-02-20 11:36:45,164 | INFO | Checking stock prices...
2026-02-20 11:36:51,827 | INFO | Checking Completed. Sleeping...
2026-02-20 11:37:51,827 | INFO | Checking stock prices...
2026-02-20 11:37:58,196 | INFO | Checking Completed. Sleeping...
2026-02-20 11:38:58,197 | INFO | Checking stock prices...
2026-02-20 11:39:04,737 | INFO | Checking Completed. Sleeping...
2026-02-20 11:40:04,738 | INFO | Checking stock prices...
2026-02-20 11:40:11,138 | INFO | Checking Completed. Sleeping...
2026-02-20 11:41:11,139 | INFO | Checking stock prices...
2026-02-20 11:41:17,201 | INFO | Checking Completed. Sleeping...
2026-02-20 11:42:17,203 | INFO | Checking stock prices...
2026-02-20 11:42:23,280 | INFO | Checking Completed. Sleeping...
2026-02-20 11:43:23,281 | INFO | Checking stock prices...
2026-02-20 11:43:29,741 | INFO | Checking Completed. Sleeping...
2026-02-20 11:44:29,742 | INFO | Checking stock prices...
2026-02-20 11:44:36,525 | INFO | Checking Completed. Sleeping...
2026-02-20 11:45:36,526 | INFO | Checking stock prices...
2026-02-20 11:45:42,974 | INFO | Checking Completed. Sleeping...
2026-02-20 11:46:42,974 | INFO | Checking stock prices...
2026-02-20 11:46:49,237 | INFO | Checking Completed. Sleeping...
2026-02-20 11:47:49,238 | INFO | Checking stock prices...
2026-02-20 11:47:55,985 | INFO | Checking Completed. Sleeping...
2026-02-20 11:48:55,986 | INFO | Checking stock prices...
2026-02-20 11:49:03,136 | INFO | Checking Completed. Sleeping...
2026-02-20 11:50:03,137 | INFO | Checking stock prices...
2026-02-20 11:50:11,639 | INFO | Checking Completed. Sleeping...
2026-02-20 11:51:11,640 | INFO | Checking stock prices...
2026-02-20 11:51:18,138 | INFO | Checking Completed. Sleeping...
2026-02-20 11:52:18,139 | INFO | Checking stock prices...
2026-02-20 11:52:24,961 | INFO | Checking Completed. Sleeping...
2026-02-20 11:53:24,962 | INFO | Checking stock prices...
2026-02-20 11:53:31,417 | INFO | Checking Completed. Sleeping...
2026-02-20 11:54:31,418 | INFO | Checking stock prices...
2026-02-20 11:54:39,003 | INFO | Checking Completed. Sleeping...
2026-02-20 11:55:39,003 | INFO | Checking stock prices...
2026-02-20 11:55:46,461 | INFO | Checking Completed. Sleeping...
2026-02-20 11:56:46,462 | INFO | Checking stock prices...
2026-02-20 11:56:53,919 | INFO | Checking Completed. Sleeping...
2026-02-20 11:57:53,920 | INFO | Checking stock prices...
2026-02-20 11:58:01,638 | INFO | Checking Completed. Sleeping...
2026-02-20 11:59:01,639 | INFO | Checking stock prices...
2026-02-20 11:59:09,259 | INFO | Checking Completed. Sleeping...
2026-02-20 12:00:09,260 | INFO | Checking stock prices...
2026-02-20 12:00:16,165 | INFO | Checking Completed. Sleeping...
2026-02-20 12:01:16,166 | INFO | Checking stock prices...
2026-02-20 12:01:22,711 | INFO | Checking Completed. Sleeping...
2026-02-20 12:02:22,712 | INFO | Checking stock prices...
2026-02-20 12:02:29,348 | INFO | Checking Completed. Sleeping...
2026-02-20 12:03:29,348 | INFO | Checking stock prices...
2026-02-20 12:03:36,107 | INFO | Checking Completed. Sleeping...
2026-02-20 12:04:36,108 | INFO | Checking stock prices...
2026-02-20 12:04:45,066 | INFO | Checking Completed. Sleeping...
2026-02-20 12:05:45,067 | INFO | Checking stock prices...
2026-02-20 12:05:53,015 | INFO | Checking Completed. Sleeping...
2026-02-20 12:06:53,015 | INFO | Checking stock prices...
2026-02-20 12:06:59,978 | INFO | Checking Completed. Sleeping...
2026-02-20 12:07:59,980 | INFO | Checking stock prices...
2026-02-20 12:08:08,751 | INFO | Checking Completed. Sleeping...
2026-02-20 12:09:08,752 | INFO | Checking stock prices...
2026-02-20 12:09:17,141 | INFO | Checking Completed. Sleeping...
2026-02-20 12:10:17,142 | INFO | Checking stock prices...
2026-02-20 12:10:23,531 | INFO | Checking Completed. Sleeping...
2026-02-20 12:11:23,531 | INFO | Checking stock prices...
2026-02-20 12:11:30,888 | INFO | Checking Completed. Sleeping...
2026-02-20 12:12:30,889 | INFO | Checking stock prices...
2026-02-20 12:12:38,270 | INFO | Checking Completed. Sleeping...
2026-02-20 12:13:38,270 | INFO | Checking stock prices...
2026-02-20 12:13:45,413 | INFO | Checking Completed. Sleeping...
2026-02-20 12:14:45,413 | INFO | Checking stock prices...
2026-02-20 12:14:51,907 | INFO | Checking Completed. Sleeping...
2026-02-20 12:15:51,907 | INFO | Checking stock prices...
2026-02-20 12:15:59,127 | INFO | Checking Completed. Sleeping...
2026-02-20 12:16:59,129 | INFO | Checking stock prices...
2026-02-20 12:17:06,334 | INFO | Checking Completed. Sleeping...
2026-02-20 12:18:06,335 | INFO | Checking stock prices...
2026-02-20 12:18:16,120 | INFO | Checking Completed. Sleeping...
2026-02-20 12:19:16,120 | INFO | Checking stock prices...
2026-02-20 12:19:25,980 | INFO | Checking Completed. Sleeping...
2026-02-20 12:20:25,981 | INFO | Checking stock prices...
2026-02-20 12:20:34,917 | INFO | Checking Completed. Sleeping...
2026-02-20 12:21:34,918 | INFO | Checking stock prices...
2026-02-20 12:21:42,212 | INFO | Checking Completed. Sleeping...
2026-02-20 12:22:42,213 | INFO | Checking stock prices...
2026-02-20 12:22:50,123 | INFO | Checking Completed. Sleeping...
2026-02-20 12:23:50,124 | INFO | Checking stock prices...
2026-02-20 12:23:57,774 | INFO | Checking Completed. Sleeping...
2026-02-20 12:24:57,775 | INFO | Checking stock prices...
2026-02-20 12:25:04,860 | INFO | Checking Completed. Sleeping...
2026-02-20 12:26:04,861 | INFO | Checking stock prices...
2026-02-20 12:26:12,184 | INFO | Checking Completed. Sleeping...
2026-02-20 12:27:12,185 | INFO | Checking stock prices...
2026-02-20 12:27:18,988 | INFO | Checking Completed. Sleeping...
2026-02-20 12:28:18,989 | INFO | Checking stock prices...
2026-02-20 12:28:25,470 | INFO | Checking Completed. Sleeping...
2026-02-20 12:49:45,949 | INFO | Checking stock prices...
2026-02-20 12:49:52,528 | INFO | Checking Completed. Sleeping...
2026-02-20 12:50:52,529 | INFO | Checking stock prices...
2026-02-20 12:51:00,137 | INFO | Checking Completed. Sleeping...
2026-02-20 12:52:00,138 | INFO | Checking stock prices...
2026-02-20 12:52:06,983 | INFO | Checking Completed. Sleeping...
2026-02-20 20:49:10,581 | INFO | Checking stock prices...
2026-02-20 20:49:10,584 | INFO | Market closed during runtime — shutting down
2026-02-20 20:49:10,586 | INFO | Stock alert service stopped
