2026-06-01 13:35:15,523 | INFO | Stock alert service started
2026-06-01 13:35:15,524 | INFO | Market is open — starting monitoring
2026-06-01 13:35:25,532 | INFO | Checking stock prices...
2026-06-01 13:35:33,502 | ERROR | Row error : Unsupported exchange: 
2026-06-01 13:35:33,503 | ERROR | Row error : Unsupported exchange: 
2026-06-01 13:35:33,994 | INFO | Checking Completed. Sleeping...
2026-06-01 13:36:33,995 | INFO | Checking stock prices...
2026-06-01 13:36:42,930 | ERROR | Row error : Unsupported exchange: 
2026-06-01 13:36:42,931 | ERROR | Row error : Unsupported exchange: 
2026-06-01 13:36:43,517 | INFO | Checking Completed. Sleeping...
2026-06-01 13:37:43,518 | INFO | Checking stock prices...
2026-06-01 13:37:50,314 | ERROR | Row error : Unsupported exchange: 
2026-06-01 13:37:50,314 | ERROR | Row error : Unsupported exchange: 
2026-06-01 13:37:50,801 | INFO | Checking Completed. Sleeping...
2026-06-01 13:38:50,802 | INFO | Checking stock prices...
2026-06-01 13:38:57,410 | ERROR | Row error : Unsupported exchange: 
2026-06-01 13:38:57,410 | ERROR | Row error : Unsupported exchange: 
2026-06-01 13:38:57,876 | INFO | Checking Completed. Sleeping...
2026-06-01 13:39:57,877 | INFO | Checking stock prices...
2026-06-01 13:40:04,735 | ERROR | Row error : Unsupported exchange: 
2026-06-01 13:40:04,735 | ERROR | Row error : Unsupported exchange: 
2026-06-01 13:40:05,207 | INFO | Checking Completed. Sleeping...
2026-06-01 13:41:05,208 | INFO | Checking stock prices...
2026-06-01 13:41:12,554 | ERROR | Row error : Unsupported exchange: 
2026-06-01 13:41:12,555 | ERROR | Row error : Unsupported exchange: 
2026-06-01 13:41:13,047 | INFO | Checking Completed. Sleeping...
2026-06-01 13:42:13,048 | INFO | Checking stock prices...
2026-06-01 13:42:20,291 | ERROR | Row error : Unsupported exchange: 
2026-06-01 13:42:20,292 | ERROR | Row error : Unsupported exchange: 
2026-06-01 13:42:20,720 | INFO | Checking Completed. Sleeping...
2026-06-01 13:43:20,720 | INFO | Checking stock prices...
2026-06-01 13:43:27,992 | ERROR | Row error : Unsupported exchange: 
2026-06-01 13:43:27,993 | ERROR | Row error : Unsupported exchange: 
2026-06-01 13:43:28,487 | INFO | Checking Completed. Sleeping...
2026-06-01 13:44:28,488 | INFO | Checking stock prices...
2026-06-01 13:44:35,000 | ERROR | Row error : Unsupported exchange: 
2026-06-01 13:44:35,001 | ERROR | Row error : Unsupported exchange: 
2026-06-01 13:44:35,476 | INFO | Checking Completed. Sleeping...
2026-06-01 13:45:35,477 | INFO | Checking stock prices...
2026-06-01 13:45:46,681 | ERROR | Row error : Unsupported exchange: 
2026-06-01 13:45:46,681 | ERROR | Row error : Unsupported exchange: 
2026-06-01 13:45:47,176 | INFO | Checking Completed. Sleeping...
2026-06-01 13:46:47,177 | INFO | Checking stock prices...
2026-06-01 13:46:54,376 | ERROR | Row error : Unsupported exchange: 
2026-06-01 13:46:54,377 | ERROR | Row error : Unsupported exchange: 
2026-06-01 13:46:54,864 | INFO | Checking Completed. Sleeping...
2026-06-01 13:47:54,865 | INFO | Checking stock prices...
2026-06-01 13:48:01,441 | ERROR | Row error : Unsupported exchange: 
2026-06-01 13:48:01,442 | ERROR | Row error : Unsupported exchange: 
2026-06-01 13:48:01,938 | INFO | Checking Completed. Sleeping...
2026-06-01 13:49:01,939 | INFO | Checking stock prices...
2026-06-01 13:49:08,825 | ERROR | Row error : Unsupported exchange: 
2026-06-01 13:49:08,826 | ERROR | Row error : Unsupported exchange: 
2026-06-01 13:49:09,316 | INFO | Checking Completed. Sleeping...
2026-06-01 13:50:09,317 | INFO | Checking stock prices...
2026-06-01 13:50:17,024 | ERROR | Row error : Unsupported exchange: 
2026-06-01 13:50:17,024 | ERROR | Row error : Unsupported exchange: 
2026-06-01 13:50:17,518 | INFO | Checking Completed. Sleeping...
2026-06-01 13:51:17,519 | INFO | Checking stock prices...
2026-06-01 13:51:24,202 | ERROR | Row error : Unsupported exchange: 
2026-06-01 13:51:24,203 | ERROR | Row error : Unsupported exchange: 
2026-06-01 13:51:24,899 | INFO | Checking Completed. Sleeping...
2026-06-01 13:52:24,900 | INFO | Checking stock prices...
2026-06-01 13:52:34,179 | ERROR | Row error : Unsupported exchange: 
2026-06-01 13:52:34,180 | ERROR | Row error : Unsupported exchange: 
2026-06-01 13:52:34,736 | INFO | Checking Completed. Sleeping...
2026-06-01 13:53:34,737 | INFO | Checking stock prices...
2026-06-01 13:53:41,727 | ERROR | Row error : Unsupported exchange: 
2026-06-01 13:53:41,728 | ERROR | Row error : Unsupported exchange: 
2026-06-01 13:53:42,187 | INFO | Checking Completed. Sleeping...
2026-06-01 13:54:42,188 | INFO | Checking stock prices...
2026-06-01 13:54:50,744 | ERROR | Row error : Unsupported exchange: 
2026-06-01 13:54:50,745 | ERROR | Row error : Unsupported exchange: 
2026-06-01 13:54:51,237 | INFO | Checking Completed. Sleeping...
2026-06-01 13:55:51,238 | INFO | Checking stock prices...
2026-06-01 13:55:57,461 | ERROR | Row error : Unsupported exchange: 
2026-06-01 13:55:57,462 | ERROR | Row error : Unsupported exchange: 
2026-06-01 13:55:57,954 | INFO | Checking Completed. Sleeping...
2026-06-01 13:56:57,955 | INFO | Checking stock prices...
2026-06-01 13:57:04,580 | ERROR | Row error : Unsupported exchange: 
2026-06-01 13:57:04,580 | ERROR | Row error : Unsupported exchange: 
2026-06-01 13:57:05,068 | INFO | Checking Completed. Sleeping...
2026-06-01 13:58:05,082 | INFO | Checking stock prices...
2026-06-01 13:58:11,700 | ERROR | Row error : Unsupported exchange: 
2026-06-01 13:58:11,701 | ERROR | Row error : Unsupported exchange: 
2026-06-01 13:58:12,151 | INFO | Checking Completed. Sleeping...
2026-06-01 13:59:12,152 | INFO | Checking stock prices...
2026-06-01 13:59:18,674 | ERROR | Row error : Unsupported exchange: 
2026-06-01 13:59:18,675 | ERROR | Row error : Unsupported exchange: 
2026-06-01 13:59:19,144 | INFO | Checking Completed. Sleeping...
2026-06-01 14:00:19,145 | INFO | Checking stock prices...
2026-06-01 14:00:29,837 | ERROR | Row error : Unsupported exchange: 
2026-06-01 14:00:29,837 | ERROR | Row error : Unsupported exchange: 
2026-06-01 14:00:30,265 | INFO | Checking Completed. Sleeping...
2026-06-01 14:01:30,266 | INFO | Checking stock prices...
2026-06-01 14:01:37,037 | ERROR | Row error : Unsupported exchange: 
2026-06-01 14:01:37,038 | ERROR | Row error : Unsupported exchange: 
2026-06-01 14:01:37,545 | INFO | Checking Completed. Sleeping...
2026-06-01 14:02:37,545 | INFO | Checking stock prices...
2026-06-01 14:02:45,581 | ERROR | Row error : Unsupported exchange: 
2026-06-01 14:02:45,582 | ERROR | Row error : Unsupported exchange: 
2026-06-01 14:02:46,076 | INFO | Checking Completed. Sleeping...
2026-06-01 14:03:46,077 | INFO | Checking stock prices...
2026-06-01 14:03:54,385 | ERROR | Row error : Unsupported exchange: 
2026-06-01 14:03:54,386 | ERROR | Row error : Unsupported exchange: 
2026-06-01 14:03:54,895 | INFO | Checking Completed. Sleeping...
2026-06-01 14:04:54,896 | INFO | Checking stock prices...
2026-06-01 14:05:01,367 | ERROR | Row error : Unsupported exchange: 
2026-06-01 14:05:01,368 | ERROR | Row error : Unsupported exchange: 
2026-06-01 14:05:01,846 | INFO | Checking Completed. Sleeping...
2026-06-01 14:06:01,847 | INFO | Checking stock prices...
2026-06-01 14:06:09,057 | ERROR | Row error : Unsupported exchange: 
2026-06-01 14:06:09,057 | ERROR | Row error : Unsupported exchange: 
2026-06-01 14:06:09,549 | INFO | Checking Completed. Sleeping...
2026-06-01 14:07:09,550 | INFO | Checking stock prices...
2026-06-01 14:07:16,090 | ERROR | Row error : Unsupported exchange: 
2026-06-01 14:07:16,090 | ERROR | Row error : Unsupported exchange: 
2026-06-01 14:07:16,541 | INFO | Checking Completed. Sleeping...
2026-06-01 14:08:16,542 | INFO | Checking stock prices...
2026-06-01 14:08:23,924 | ERROR | Row error : Unsupported exchange: 
2026-06-01 14:08:23,925 | ERROR | Row error : Unsupported exchange: 
2026-06-01 14:08:24,412 | INFO | Checking Completed. Sleeping...
2026-06-01 14:09:24,413 | INFO | Checking stock prices...
2026-06-01 14:09:31,755 | ERROR | Row error : Unsupported exchange: 
2026-06-01 14:09:31,755 | ERROR | Row error : Unsupported exchange: 
2026-06-01 14:09:32,195 | INFO | Checking Completed. Sleeping...
2026-06-01 14:10:32,196 | INFO | Checking stock prices...
2026-06-01 14:10:38,585 | ERROR | Row error : Unsupported exchange: 
2026-06-01 14:10:38,586 | ERROR | Row error : Unsupported exchange: 
2026-06-01 14:10:39,071 | INFO | Checking Completed. Sleeping...
2026-06-01 14:11:39,072 | INFO | Checking stock prices...
2026-06-01 14:11:46,219 | ERROR | Row error : Unsupported exchange: 
2026-06-01 14:11:46,219 | ERROR | Row error : Unsupported exchange: 
2026-06-01 14:11:46,656 | INFO | Checking Completed. Sleeping...
2026-06-01 14:12:46,657 | INFO | Checking stock prices...
2026-06-01 14:12:53,786 | ERROR | Row error : Unsupported exchange: 
2026-06-01 14:12:53,787 | ERROR | Row error : Unsupported exchange: 
2026-06-01 14:12:54,242 | INFO | Checking Completed. Sleeping...
2026-06-01 14:13:54,242 | INFO | Checking stock prices...
2026-06-01 14:14:00,889 | ERROR | Row error : Unsupported exchange: 
2026-06-01 14:14:00,890 | ERROR | Row error : Unsupported exchange: 
2026-06-01 14:14:01,395 | INFO | Checking Completed. Sleeping...
2026-06-01 14:15:01,396 | INFO | Checking stock prices...
2026-06-01 14:15:08,151 | ERROR | Row error : Unsupported exchange: 
2026-06-01 14:15:08,152 | ERROR | Row error : Unsupported exchange: 
2026-06-01 14:15:08,652 | INFO | Checking Completed. Sleeping...
2026-06-01 14:16:08,653 | INFO | Checking stock prices...
2026-06-01 14:16:15,088 | ERROR | Row error : Unsupported exchange: 
2026-06-01 14:16:15,088 | ERROR | Row error : Unsupported exchange: 
2026-06-01 14:16:15,514 | INFO | Checking Completed. Sleeping...
2026-06-01 14:17:15,515 | INFO | Checking stock prices...
2026-06-01 14:17:22,499 | ERROR | Row error : Unsupported exchange: 
2026-06-01 14:17:22,500 | ERROR | Row error : Unsupported exchange: 
2026-06-01 14:17:22,944 | INFO | Checking Completed. Sleeping...
2026-06-01 14:18:22,945 | INFO | Checking stock prices...
2026-06-01 14:18:29,802 | ERROR | Row error : Unsupported exchange: 
2026-06-01 14:18:29,802 | ERROR | Row error : Unsupported exchange: 
2026-06-01 14:18:30,326 | INFO | Checking Completed. Sleeping...
2026-06-01 14:19:30,327 | INFO | Checking stock prices...
2026-06-01 14:19:36,025 | ERROR | Row error : Unsupported exchange: 
2026-06-01 14:19:36,026 | ERROR | Row error : Unsupported exchange: 
2026-06-01 14:19:36,479 | INFO | Checking Completed. Sleeping...
2026-06-01 14:20:36,479 | INFO | Checking stock prices...
2026-06-01 14:20:44,680 | ERROR | Row error : Unsupported exchange: 
2026-06-01 14:20:44,685 | ERROR | Row error : Unsupported exchange: 
2026-06-01 14:20:45,245 | INFO | Checking Completed. Sleeping...
2026-06-01 14:21:45,249 | INFO | Checking stock prices...
2026-06-01 14:21:54,100 | ERROR | Row error : Unsupported exchange: 
2026-06-01 14:21:54,101 | ERROR | Row error : Unsupported exchange: 
2026-06-01 14:21:54,623 | INFO | Checking Completed. Sleeping...
2026-06-01 14:22:54,625 | INFO | Checking stock prices...
2026-06-01 14:23:09,906 | ERROR | Row error : Unsupported exchange: 
2026-06-01 14:23:09,907 | ERROR | Row error : Unsupported exchange: 
2026-06-01 14:23:10,391 | INFO | Checking Completed. Sleeping...
2026-06-01 14:24:10,393 | INFO | Checking stock prices...
2026-06-01 14:24:21,378 | ERROR | Row error : Unsupported exchange: 
2026-06-01 14:24:21,378 | ERROR | Row error : Unsupported exchange: 
2026-06-01 14:24:21,808 | INFO | Checking Completed. Sleeping...
2026-06-01 14:25:21,809 | INFO | Checking stock prices...
2026-06-01 14:25:28,346 | ERROR | Row error : Unsupported exchange: 
2026-06-01 14:25:28,347 | ERROR | Row error : Unsupported exchange: 
2026-06-01 14:25:28,810 | INFO | Checking Completed. Sleeping...
2026-06-01 14:26:28,810 | INFO | Checking stock prices...
2026-06-01 14:26:36,941 | ERROR | Row error : Unsupported exchange: 
2026-06-01 14:26:36,941 | ERROR | Row error : Unsupported exchange: 
2026-06-01 14:26:37,419 | INFO | Checking Completed. Sleeping...
2026-06-01 14:27:37,420 | INFO | Checking stock prices...
2026-06-01 14:27:44,549 | ERROR | Row error : Unsupported exchange: 
2026-06-01 14:27:44,549 | ERROR | Row error : Unsupported exchange: 
2026-06-01 14:27:45,139 | INFO | Checking Completed. Sleeping...
2026-06-01 14:28:45,141 | INFO | Checking stock prices...
2026-06-01 14:28:54,379 | ERROR | Row error : Unsupported exchange: 
2026-06-01 14:28:54,380 | ERROR | Row error : Unsupported exchange: 
2026-06-01 14:28:54,876 | INFO | Checking Completed. Sleeping...
2026-06-01 14:29:54,876 | INFO | Checking stock prices...
2026-06-01 14:30:03,259 | ERROR | Row error : Unsupported exchange: 
2026-06-01 14:30:03,261 | ERROR | Row error : Unsupported exchange: 
2026-06-01 14:30:03,792 | INFO | Checking Completed. Sleeping...
2026-06-01 14:31:03,793 | INFO | Checking stock prices...
2026-06-01 14:31:10,887 | ERROR | Row error : Unsupported exchange: 
2026-06-01 14:31:10,888 | ERROR | Row error : Unsupported exchange: 
2026-06-01 14:31:11,377 | INFO | Checking Completed. Sleeping...
2026-06-01 14:32:11,378 | INFO | Checking stock prices...
2026-06-01 14:32:32,908 | ERROR | Row error : Unsupported exchange: 
2026-06-01 14:32:32,913 | ERROR | Row error : Unsupported exchange: 
2026-06-01 14:32:33,401 | INFO | Checking Completed. Sleeping...
2026-06-01 14:33:33,405 | INFO | Checking stock prices...
2026-06-01 14:33:39,830 | ERROR | Row error : Unsupported exchange: 
2026-06-01 14:33:39,830 | ERROR | Row error : Unsupported exchange: 
2026-06-01 14:33:40,537 | INFO | Checking Completed. Sleeping...
2026-06-01 14:34:40,539 | INFO | Checking stock prices...
2026-06-01 14:34:46,846 | ERROR | Row error : Unsupported exchange: 
2026-06-01 14:34:46,847 | ERROR | Row error : Unsupported exchange: 
2026-06-01 14:34:47,650 | INFO | Checking Completed. Sleeping...
2026-06-01 14:35:47,651 | INFO | Checking stock prices...
2026-06-01 14:35:54,085 | ERROR | Row error : Unsupported exchange: 
2026-06-01 14:35:54,085 | ERROR | Row error : Unsupported exchange: 
2026-06-01 14:35:54,516 | INFO | Checking Completed. Sleeping...
2026-06-01 14:36:54,518 | INFO | Checking stock prices...
2026-06-01 14:37:02,259 | ERROR | Row error : Unsupported exchange: 
2026-06-01 14:37:02,259 | ERROR | Row error : Unsupported exchange: 
2026-06-01 14:37:03,024 | INFO | Checking Completed. Sleeping...
2026-06-01 14:38:03,025 | INFO | Checking stock prices...
2026-06-01 14:38:09,499 | ERROR | Row error : Unsupported exchange: 
2026-06-01 14:38:09,500 | ERROR | Row error : Unsupported exchange: 
2026-06-01 14:38:09,913 | INFO | Checking Completed. Sleeping...
2026-06-01 14:39:09,914 | INFO | Checking stock prices...
2026-06-01 14:39:19,440 | ERROR | Row error : Unsupported exchange: 
2026-06-01 14:39:19,440 | ERROR | Row error : Unsupported exchange: 
2026-06-01 14:39:19,889 | INFO | Checking Completed. Sleeping...
2026-06-01 14:40:19,890 | INFO | Checking stock prices...
2026-06-01 14:40:26,057 | ERROR | Row error : Unsupported exchange: 
2026-06-01 14:40:26,058 | ERROR | Row error : Unsupported exchange: 
2026-06-01 14:40:26,549 | INFO | Checking Completed. Sleeping...
2026-06-01 14:41:26,550 | INFO | Checking stock prices...
2026-06-01 14:41:33,040 | ERROR | Row error : Unsupported exchange: 
2026-06-01 14:41:33,040 | ERROR | Row error : Unsupported exchange: 
2026-06-01 14:41:33,498 | INFO | Checking Completed. Sleeping...
2026-06-01 14:42:33,499 | INFO | Checking stock prices...
2026-06-01 14:42:40,770 | ERROR | Row error : Unsupported exchange: 
2026-06-01 14:42:40,771 | ERROR | Row error : Unsupported exchange: 
2026-06-01 14:42:41,231 | INFO | Checking Completed. Sleeping...
2026-06-01 14:43:41,232 | INFO | Checking stock prices...
2026-06-01 14:43:48,007 | ERROR | Row error : Unsupported exchange: 
2026-06-01 14:43:48,007 | ERROR | Row error : Unsupported exchange: 
2026-06-01 14:43:48,741 | INFO | Checking Completed. Sleeping...
2026-06-01 14:44:48,742 | INFO | Checking stock prices...
2026-06-01 14:44:55,113 | ERROR | Row error : Unsupported exchange: 
2026-06-01 14:44:55,115 | ERROR | Row error : Unsupported exchange: 
2026-06-01 14:44:55,914 | INFO | Checking Completed. Sleeping...
2026-06-01 14:45:55,915 | INFO | Checking stock prices...
2026-06-01 14:46:02,769 | ERROR | Row error : Unsupported exchange: 
2026-06-01 14:46:02,769 | ERROR | Row error : Unsupported exchange: 
2026-06-01 14:46:03,195 | INFO | Checking Completed. Sleeping...
2026-06-01 14:47:03,196 | INFO | Checking stock prices...
2026-06-01 14:47:10,082 | ERROR | Row error : Unsupported exchange: 
2026-06-01 14:47:10,082 | ERROR | Row error : Unsupported exchange: 
2026-06-01 14:47:10,883 | INFO | Checking Completed. Sleeping...
2026-06-01 14:48:10,884 | INFO | Checking stock prices...
2026-06-01 14:48:18,179 | ERROR | Row error : Unsupported exchange: 
2026-06-01 14:48:18,179 | ERROR | Row error : Unsupported exchange: 
2026-06-01 14:48:18,634 | INFO | Checking Completed. Sleeping...
2026-06-01 14:49:18,635 | INFO | Checking stock prices...
2026-06-01 14:49:25,763 | ERROR | Row error : Unsupported exchange: 
2026-06-01 14:49:25,763 | ERROR | Row error : Unsupported exchange: 
2026-06-01 14:49:26,625 | INFO | Checking Completed. Sleeping...
2026-06-01 14:50:26,626 | INFO | Checking stock prices...
2026-06-01 14:50:33,334 | ERROR | Row error : Unsupported exchange: 
2026-06-01 14:50:33,335 | ERROR | Row error : Unsupported exchange: 
2026-06-01 14:50:33,784 | INFO | Checking Completed. Sleeping...
2026-06-01 14:51:33,785 | INFO | Checking stock prices...
2026-06-01 14:51:40,731 | ERROR | Row error : Unsupported exchange: 
2026-06-01 14:51:40,732 | ERROR | Row error : Unsupported exchange: 
2026-06-01 14:51:41,165 | INFO | Checking Completed. Sleeping...
2026-06-01 14:52:41,166 | INFO | Checking stock prices...
2026-06-01 14:52:41,242 | WARNING | Retrying (Retry(total=2, connect=None, read=None, redirect=None, status=None)) after connection broken by 'NameResolutionError("<urllib3.connection.HTTPSConnection object at 0x00000235F6AFDBD0>: Failed to resolve 'oauth2.googleapis.com' ([Errno 11001] getaddrinfo failed)")': /token
2026-06-01 14:52:41,245 | WARNING | Retrying (Retry(total=1, connect=None, read=None, redirect=None, status=None)) after connection broken by 'NameResolutionError("<urllib3.connection.HTTPSConnection object at 0x00000235F6AFF390>: Failed to resolve 'oauth2.googleapis.com' ([Errno 11001] getaddrinfo failed)")': /token
2026-06-01 14:52:41,248 | WARNING | Retrying (Retry(total=0, connect=None, read=None, redirect=None, status=None)) after connection broken by 'NameResolutionError("<urllib3.connection.HTTPSConnection object at 0x00000235F6AFF4D0>: Failed to resolve 'oauth2.googleapis.com' ([Errno 11001] getaddrinfo failed)")': /token
2026-06-01 14:52:41,255 | ERROR | Failed to read Google Sheet: HTTPSConnectionPool(host='oauth2.googleapis.com', port=443): Max retries exceeded with url: /token (Caused by NameResolutionError("<urllib3.connection.HTTPSConnection object at 0x00000235F6AFE350>: Failed to resolve 'oauth2.googleapis.com' ([Errno 11001] getaddrinfo failed)"))
2026-06-01 14:52:41,266 | INFO | Checking Completed. Sleeping...
2026-06-01 14:59:11,269 | INFO | Checking stock prices...
2026-06-01 14:59:17,748 | ERROR | Row error : Unsupported exchange: 
2026-06-01 14:59:17,748 | ERROR | Row error : Unsupported exchange: 
2026-06-01 14:59:18,174 | INFO | Checking Completed. Sleeping...
2026-06-01 15:00:18,175 | INFO | Checking stock prices...
2026-06-01 15:00:23,541 | ERROR | Row error : Unsupported exchange: 
2026-06-01 15:00:23,542 | ERROR | Row error : Unsupported exchange: 
2026-06-01 15:00:24,186 | INFO | Checking Completed. Sleeping...
2026-06-01 15:01:24,188 | INFO | Checking stock prices...
2026-06-01 15:01:29,767 | ERROR | Row error : Unsupported exchange: 
2026-06-01 15:01:29,767 | ERROR | Row error : Unsupported exchange: 
2026-06-01 15:01:30,212 | INFO | Checking Completed. Sleeping...
2026-06-01 15:02:30,213 | INFO | Checking stock prices...
2026-06-01 15:02:36,033 | ERROR | Row error : Unsupported exchange: 
2026-06-01 15:02:36,033 | ERROR | Row error : Unsupported exchange: 
2026-06-01 15:02:36,458 | INFO | Checking Completed. Sleeping...
2026-06-01 15:03:36,459 | INFO | Checking stock prices...
2026-06-01 15:03:42,755 | ERROR | Row error : Unsupported exchange: 
2026-06-01 15:03:42,756 | ERROR | Row error : Unsupported exchange: 
2026-06-01 15:03:43,215 | INFO | Checking Completed. Sleeping...
2026-06-01 15:04:43,216 | INFO | Checking stock prices...
2026-06-01 15:04:49,058 | ERROR | Row error : Unsupported exchange: 
2026-06-01 15:04:49,059 | ERROR | Row error : Unsupported exchange: 
2026-06-01 15:04:49,458 | INFO | Checking Completed. Sleeping...
2026-06-01 15:05:49,459 | INFO | Checking stock prices...
2026-06-01 15:05:56,020 | ERROR | Row error : Unsupported exchange: 
2026-06-01 15:05:56,021 | ERROR | Row error : Unsupported exchange: 
2026-06-01 15:05:56,502 | INFO | Checking Completed. Sleeping...
2026-06-01 15:06:56,503 | INFO | Checking stock prices...
2026-06-01 15:07:07,244 | ERROR | Row error : Unsupported exchange: 
2026-06-01 15:07:07,244 | ERROR | Row error : Unsupported exchange: 
2026-06-01 15:07:07,937 | INFO | Checking Completed. Sleeping...
2026-06-01 15:08:07,938 | INFO | Checking stock prices...
2026-06-01 15:08:14,423 | ERROR | Row error : Unsupported exchange: 
2026-06-01 15:08:14,423 | ERROR | Row error : Unsupported exchange: 
2026-06-01 15:08:14,882 | INFO | Checking Completed. Sleeping...
2026-06-01 15:09:14,883 | INFO | Checking stock prices...
2026-06-01 15:09:22,200 | ERROR | Row error : Unsupported exchange: 
2026-06-01 15:09:22,201 | ERROR | Row error : Unsupported exchange: 
2026-06-01 15:09:22,619 | INFO | Checking Completed. Sleeping...
2026-06-01 15:10:22,620 | INFO | Checking stock prices...
2026-06-01 15:10:29,469 | ERROR | Row error : Unsupported exchange: 
2026-06-01 15:10:29,470 | ERROR | Row error : Unsupported exchange: 
2026-06-01 15:10:29,900 | INFO | Checking Completed. Sleeping...
2026-06-01 15:11:29,901 | INFO | Checking stock prices...
2026-06-01 15:11:35,697 | ERROR | Row error : Unsupported exchange: 
2026-06-01 15:11:35,698 | ERROR | Row error : Unsupported exchange: 
2026-06-01 15:11:36,177 | INFO | Checking Completed. Sleeping...
2026-06-01 15:12:36,178 | INFO | Checking stock prices...
2026-06-01 15:12:42,472 | ERROR | Row error : Unsupported exchange: 
2026-06-01 15:12:42,473 | ERROR | Row error : Unsupported exchange: 
2026-06-01 15:12:42,888 | INFO | Checking Completed. Sleeping...
2026-06-01 15:13:42,889 | INFO | Checking stock prices...
2026-06-01 15:13:48,902 | ERROR | Row error : Unsupported exchange: 
2026-06-01 15:13:48,903 | ERROR | Row error : Unsupported exchange: 
2026-06-01 15:13:49,356 | INFO | Checking Completed. Sleeping...
2026-06-01 15:14:49,356 | INFO | Checking stock prices...
2026-06-01 15:14:55,168 | ERROR | Row error : Unsupported exchange: 
2026-06-01 15:14:55,168 | ERROR | Row error : Unsupported exchange: 
2026-06-01 15:14:55,588 | INFO | Checking Completed. Sleeping...
2026-06-01 15:15:55,589 | INFO | Checking stock prices...
2026-06-01 15:16:01,297 | ERROR | Row error : Unsupported exchange: 
2026-06-01 15:16:01,298 | ERROR | Row error : Unsupported exchange: 
2026-06-01 15:16:01,702 | INFO | Checking Completed. Sleeping...
2026-06-01 15:17:01,703 | INFO | Checking stock prices...
2026-06-01 15:17:07,958 | ERROR | Row error : Unsupported exchange: 
2026-06-01 15:17:07,958 | ERROR | Row error : Unsupported exchange: 
2026-06-01 15:17:08,344 | INFO | Checking Completed. Sleeping...
2026-06-01 15:18:08,345 | INFO | Checking stock prices...
2026-06-01 15:18:13,768 | ERROR | Row error : Unsupported exchange: 
2026-06-01 15:18:13,769 | ERROR | Row error : Unsupported exchange: 
2026-06-01 15:18:14,172 | INFO | Checking Completed. Sleeping...
2026-06-01 15:19:14,173 | INFO | Checking stock prices...
2026-06-01 15:19:20,157 | ERROR | Row error : Unsupported exchange: 
2026-06-01 15:19:20,157 | ERROR | Row error : Unsupported exchange: 
2026-06-01 15:19:20,639 | INFO | Checking Completed. Sleeping...
2026-06-01 15:20:20,640 | INFO | Checking stock prices...
2026-06-01 15:20:27,188 | ERROR | Row error : Unsupported exchange: 
2026-06-01 15:20:27,188 | ERROR | Row error : Unsupported exchange: 
2026-06-01 15:20:27,697 | INFO | Checking Completed. Sleeping...
2026-06-01 15:21:27,697 | INFO | Checking stock prices...
2026-06-01 15:21:34,182 | ERROR | Row error : Unsupported exchange: 
2026-06-01 15:21:34,183 | ERROR | Row error : Unsupported exchange: 
2026-06-01 15:21:34,840 | INFO | Checking Completed. Sleeping...
2026-06-01 15:22:34,841 | INFO | Checking stock prices...
2026-06-01 15:22:41,292 | ERROR | Row error : Unsupported exchange: 
2026-06-01 15:22:41,293 | ERROR | Row error : Unsupported exchange: 
2026-06-01 15:22:41,738 | INFO | Checking Completed. Sleeping...
2026-06-01 15:23:41,739 | INFO | Checking stock prices...
2026-06-01 15:23:47,415 | ERROR | Row error : Unsupported exchange: 
2026-06-01 15:23:47,416 | ERROR | Row error : Unsupported exchange: 
2026-06-01 15:23:47,813 | INFO | Checking Completed. Sleeping...
2026-06-01 15:24:47,814 | INFO | Checking stock prices...
2026-06-01 15:25:01,426 | ERROR | Row error : Unsupported exchange: 
2026-06-01 15:25:01,427 | ERROR | Row error : Unsupported exchange: 
2026-06-01 15:25:01,834 | INFO | Checking Completed. Sleeping...
2026-06-01 15:26:01,834 | INFO | Checking stock prices...
2026-06-01 15:26:10,065 | ERROR | Row error : Unsupported exchange: 
2026-06-01 15:26:10,065 | ERROR | Row error : Unsupported exchange: 
2026-06-01 15:26:10,476 | INFO | Checking Completed. Sleeping...
2026-06-01 15:27:10,477 | INFO | Checking stock prices...
2026-06-01 15:27:16,495 | ERROR | Row error : Unsupported exchange: 
2026-06-01 15:27:16,496 | ERROR | Row error : Unsupported exchange: 
2026-06-01 15:27:16,907 | INFO | Checking Completed. Sleeping...
2026-06-01 15:28:16,908 | INFO | Checking stock prices...
2026-06-01 15:28:22,647 | ERROR | Row error : Unsupported exchange: 
2026-06-01 15:28:22,647 | ERROR | Row error : Unsupported exchange: 
2026-06-01 15:28:23,121 | INFO | Checking Completed. Sleeping...
2026-06-01 15:29:23,121 | INFO | Checking stock prices...
2026-06-01 15:29:30,710 | ERROR | Row error : Unsupported exchange: 
2026-06-01 15:29:30,710 | ERROR | Row error : Unsupported exchange: 
2026-06-01 15:29:31,141 | INFO | Checking Completed. Sleeping...
2026-06-01 15:30:31,142 | INFO | Checking stock prices...
2026-06-01 15:30:31,142 | INFO | Market closed during runtime — shutting down
2026-06-01 15:30:31,144 | INFO | Stock alert service stopped
