2026-03-02 13:12:56,522 | INFO | Stock alert service started
2026-03-02 13:12:56,524 | INFO | Market is open — starting monitoring
2026-03-02 13:13:06,530 | INFO | Checking stock prices...
2026-03-02 13:13:11,603 | INFO | ALERT | Eternal | LOW | Last Exit Price: 294 | Price: 240.39999389648438 | Alert: 248.0
2026-03-02 13:13:24,489 | INFO | Checking Completed. Sleeping...
2026-03-02 13:14:24,510 | INFO | Checking stock prices...
2026-03-02 13:14:31,008 | INFO | Checking Completed. Sleeping...
2026-03-02 13:15:31,008 | INFO | Checking stock prices...
2026-03-02 13:15:37,338 | INFO | Checking Completed. Sleeping...
2026-03-02 13:16:37,339 | INFO | Checking stock prices...
2026-03-02 13:16:43,485 | INFO | Checking Completed. Sleeping...
2026-03-02 13:17:43,486 | INFO | Checking stock prices...
2026-03-02 13:17:49,674 | INFO | Checking Completed. Sleeping...
2026-03-02 13:18:49,675 | INFO | Checking stock prices...
2026-03-02 13:18:57,580 | INFO | Checking Completed. Sleeping...
2026-03-02 13:19:57,581 | INFO | Checking stock prices...
2026-03-02 13:20:03,712 | INFO | Checking Completed. Sleeping...
2026-03-02 13:21:03,713 | INFO | Checking stock prices...
2026-03-02 13:21:09,884 | INFO | Checking Completed. Sleeping...
2026-03-02 13:22:09,885 | INFO | Checking stock prices...
2026-03-02 13:22:16,003 | INFO | Checking Completed. Sleeping...
2026-03-02 13:23:16,004 | INFO | Checking stock prices...
2026-03-02 13:23:22,263 | INFO | Checking Completed. Sleeping...
2026-03-02 13:24:22,263 | INFO | Checking stock prices...
2026-03-02 13:24:28,463 | INFO | Checking Completed. Sleeping...
2026-03-02 13:25:28,464 | INFO | Checking stock prices...
2026-03-02 13:25:34,488 | INFO | Checking Completed. Sleeping...
2026-03-02 13:26:34,489 | INFO | Checking stock prices...
2026-03-02 13:26:40,713 | INFO | Checking Completed. Sleeping...
2026-03-02 13:27:40,714 | INFO | Checking stock prices...
2026-03-02 13:27:47,043 | INFO | Checking Completed. Sleeping...
2026-03-02 13:28:47,044 | INFO | Checking stock prices...
2026-03-02 13:28:53,221 | INFO | Checking Completed. Sleeping...
2026-03-02 13:29:53,222 | INFO | Checking stock prices...
2026-03-02 13:29:59,533 | INFO | Checking Completed. Sleeping...
2026-03-02 13:30:59,534 | INFO | Checking stock prices...
2026-03-02 13:31:05,826 | INFO | Checking Completed. Sleeping...
2026-03-02 13:32:05,827 | INFO | Checking stock prices...
2026-03-02 13:32:12,033 | INFO | Checking Completed. Sleeping...
2026-03-02 13:33:12,034 | INFO | Checking stock prices...
2026-03-02 13:33:18,134 | INFO | Checking Completed. Sleeping...
2026-03-02 13:34:18,135 | INFO | Checking stock prices...
2026-03-02 13:34:24,302 | INFO | Checking Completed. Sleeping...
2026-03-02 13:35:24,303 | INFO | Checking stock prices...
2026-03-02 13:35:30,681 | INFO | Checking Completed. Sleeping...
2026-03-02 13:36:30,682 | INFO | Checking stock prices...
2026-03-02 13:36:36,839 | INFO | Checking Completed. Sleeping...
2026-03-02 13:37:36,840 | INFO | Checking stock prices...
2026-03-02 13:37:42,950 | INFO | Checking Completed. Sleeping...
2026-03-02 13:38:42,951 | INFO | Checking stock prices...
2026-03-02 13:38:49,049 | INFO | Checking Completed. Sleeping...
2026-03-02 13:39:49,050 | INFO | Checking stock prices...
2026-03-02 13:39:55,147 | INFO | Checking Completed. Sleeping...
2026-03-02 13:40:55,148 | INFO | Checking stock prices...
2026-03-02 13:41:02,024 | INFO | Checking Completed. Sleeping...
2026-03-02 13:42:02,025 | INFO | Checking stock prices...
2026-03-02 13:42:08,445 | INFO | Checking Completed. Sleeping...
2026-03-02 13:43:08,445 | INFO | Checking stock prices...
2026-03-02 13:43:14,846 | INFO | Checking Completed. Sleeping...
2026-03-02 13:44:14,847 | INFO | Checking stock prices...
2026-03-02 13:44:21,165 | INFO | Checking Completed. Sleeping...
2026-03-02 13:45:21,166 | INFO | Checking stock prices...
2026-03-02 13:45:27,355 | INFO | Checking Completed. Sleeping...
2026-03-02 13:46:27,356 | INFO | Checking stock prices...
2026-03-02 13:46:33,570 | INFO | Checking Completed. Sleeping...
2026-03-02 13:47:33,571 | INFO | Checking stock prices...
2026-03-02 13:47:37,065 | INFO | ALERT | Eternal | LOW | Last Exit Price: 294 | Price: 240.0 | Alert: 240.0
2026-03-02 13:47:49,892 | INFO | Checking Completed. Sleeping...
2026-03-02 13:48:49,893 | INFO | Checking stock prices...
2026-03-02 13:48:56,325 | INFO | Checking Completed. Sleeping...
2026-03-02 13:49:56,326 | INFO | Checking stock prices...
2026-03-02 13:50:02,720 | INFO | Checking Completed. Sleeping...
2026-03-02 13:51:02,720 | INFO | Checking stock prices...
2026-03-02 13:51:09,480 | INFO | Checking Completed. Sleeping...
2026-03-02 13:52:09,481 | INFO | Checking stock prices...
2026-03-02 13:52:15,727 | INFO | Checking Completed. Sleeping...
2026-03-02 13:53:15,728 | INFO | Checking stock prices...
2026-03-02 13:53:22,467 | INFO | Checking Completed. Sleeping...
2026-03-02 13:54:22,468 | INFO | Checking stock prices...
2026-03-02 13:54:28,791 | INFO | Checking Completed. Sleeping...
2026-03-02 13:55:28,792 | INFO | Checking stock prices...
2026-03-02 13:55:34,987 | INFO | Checking Completed. Sleeping...
2026-03-02 13:56:34,988 | INFO | Checking stock prices...
2026-03-02 13:56:41,102 | INFO | Checking Completed. Sleeping...
2026-03-02 13:57:41,103 | INFO | Checking stock prices...
2026-03-02 13:57:47,319 | INFO | Checking Completed. Sleeping...
2026-03-02 13:58:47,320 | INFO | Checking stock prices...
2026-03-02 13:58:53,490 | INFO | Checking Completed. Sleeping...
2026-03-02 13:59:53,491 | INFO | Checking stock prices...
2026-03-02 13:59:59,869 | INFO | Checking Completed. Sleeping...
2026-03-02 14:00:59,870 | INFO | Checking stock prices...
2026-03-02 14:01:06,397 | INFO | Checking Completed. Sleeping...
2026-03-02 14:02:06,398 | INFO | Checking stock prices...
2026-03-02 14:02:13,349 | INFO | Checking Completed. Sleeping...
2026-03-02 14:03:13,350 | INFO | Checking stock prices...
2026-03-02 14:03:20,169 | INFO | Checking Completed. Sleeping...
2026-03-02 14:04:20,171 | INFO | Checking stock prices...
2026-03-02 14:04:26,983 | INFO | Checking Completed. Sleeping...
2026-03-02 14:05:26,983 | INFO | Checking stock prices...
2026-03-02 14:05:33,340 | INFO | Checking Completed. Sleeping...
2026-03-02 14:06:33,341 | INFO | Checking stock prices...
2026-03-02 14:06:39,639 | INFO | Checking Completed. Sleeping...
2026-03-02 14:07:39,640 | INFO | Checking stock prices...
2026-03-02 14:07:45,947 | INFO | Checking Completed. Sleeping...
2026-03-02 14:08:45,947 | INFO | Checking stock prices...
2026-03-02 14:08:52,029 | INFO | Checking Completed. Sleeping...
2026-03-02 14:09:52,029 | INFO | Checking stock prices...
2026-03-02 14:09:58,271 | INFO | Checking Completed. Sleeping...
2026-03-02 14:10:58,272 | INFO | Checking stock prices...
2026-03-02 14:11:05,666 | INFO | Checking Completed. Sleeping...
2026-03-02 14:12:05,668 | INFO | Checking stock prices...
2026-03-02 14:12:12,332 | INFO | Checking Completed. Sleeping...
2026-03-02 14:13:12,333 | INFO | Checking stock prices...
2026-03-02 14:13:18,469 | INFO | Checking Completed. Sleeping...
2026-03-02 14:14:18,470 | INFO | Checking stock prices...
2026-03-02 14:14:25,170 | INFO | Checking Completed. Sleeping...
2026-03-02 14:15:25,171 | INFO | Checking stock prices...
2026-03-02 14:15:31,659 | INFO | Checking Completed. Sleeping...
2026-03-02 14:16:31,660 | INFO | Checking stock prices...
2026-03-02 14:16:37,750 | INFO | Checking Completed. Sleeping...
2026-03-02 14:17:37,751 | INFO | Checking stock prices...
2026-03-02 14:17:43,935 | INFO | Checking Completed. Sleeping...
2026-03-02 14:18:43,936 | INFO | Checking stock prices...
2026-03-02 14:18:50,103 | INFO | Checking Completed. Sleeping...
2026-03-02 14:19:50,103 | INFO | Checking stock prices...
2026-03-02 14:19:56,614 | INFO | Checking Completed. Sleeping...
2026-03-02 14:20:56,614 | INFO | Checking stock prices...
2026-03-02 14:21:02,941 | INFO | Checking Completed. Sleeping...
2026-03-02 14:22:02,942 | INFO | Checking stock prices...
2026-03-02 14:22:09,240 | INFO | Checking Completed. Sleeping...
2026-03-02 14:23:09,241 | INFO | Checking stock prices...
2026-03-02 14:23:15,438 | INFO | Checking Completed. Sleeping...
2026-03-02 14:24:15,439 | INFO | Checking stock prices...
2026-03-02 14:24:21,597 | INFO | Checking Completed. Sleeping...
2026-03-02 14:25:21,599 | INFO | Checking stock prices...
2026-03-02 14:25:28,641 | INFO | Checking Completed. Sleeping...
2026-03-02 14:26:28,642 | INFO | Checking stock prices...
2026-03-02 14:26:34,814 | INFO | Checking Completed. Sleeping...
2026-03-02 14:27:34,814 | INFO | Checking stock prices...
2026-03-02 14:27:41,097 | INFO | Checking Completed. Sleeping...
2026-03-02 14:28:41,098 | INFO | Checking stock prices...
2026-03-02 14:28:47,065 | INFO | Checking Completed. Sleeping...
2026-03-02 14:29:47,066 | INFO | Checking stock prices...
2026-03-02 14:29:52,945 | INFO | Checking Completed. Sleeping...
2026-03-02 14:30:52,946 | INFO | Checking stock prices...
2026-03-02 14:30:59,081 | INFO | Checking Completed. Sleeping...
2026-03-02 14:31:59,082 | INFO | Checking stock prices...
2026-03-02 14:32:04,829 | INFO | Checking Completed. Sleeping...
2026-03-02 14:33:04,829 | INFO | Checking stock prices...
2026-03-02 14:33:12,365 | INFO | Checking Completed. Sleeping...
2026-03-02 14:34:12,365 | INFO | Checking stock prices...
2026-03-02 14:34:18,161 | INFO | Checking Completed. Sleeping...
2026-03-02 14:35:18,161 | INFO | Checking stock prices...
2026-03-02 14:35:23,848 | INFO | Checking Completed. Sleeping...
2026-03-02 14:36:23,849 | INFO | Checking stock prices...
2026-03-02 14:36:29,932 | INFO | Checking Completed. Sleeping...
2026-03-02 14:37:29,933 | INFO | Checking stock prices...
2026-03-02 14:37:35,870 | INFO | Checking Completed. Sleeping...
2026-03-02 14:38:35,871 | INFO | Checking stock prices...
2026-03-02 14:38:41,658 | INFO | Checking Completed. Sleeping...
2026-03-02 14:39:41,659 | INFO | Checking stock prices...
2026-03-02 14:39:48,852 | INFO | Checking Completed. Sleeping...
2026-03-02 14:40:48,853 | INFO | Checking stock prices...
2026-03-02 14:40:54,552 | INFO | Checking Completed. Sleeping...
2026-03-02 14:41:54,553 | INFO | Checking stock prices...
2026-03-02 14:42:01,047 | INFO | Checking Completed. Sleeping...
2026-03-02 14:43:01,048 | INFO | Checking stock prices...
2026-03-02 14:43:06,857 | INFO | Checking Completed. Sleeping...
2026-03-02 14:44:06,858 | INFO | Checking stock prices...
2026-03-02 14:44:12,674 | INFO | Checking Completed. Sleeping...
2026-03-02 14:45:12,675 | INFO | Checking stock prices...
2026-03-02 14:45:18,624 | INFO | Checking Completed. Sleeping...
2026-03-02 14:46:18,625 | INFO | Checking stock prices...
2026-03-02 14:46:24,620 | INFO | Checking Completed. Sleeping...
2026-03-02 14:47:24,621 | INFO | Checking stock prices...
2026-03-02 14:47:30,699 | INFO | Checking Completed. Sleeping...
2026-03-02 14:48:30,700 | INFO | Checking stock prices...
2026-03-02 14:48:36,628 | INFO | Checking Completed. Sleeping...
2026-03-02 14:49:36,629 | INFO | Checking stock prices...
2026-03-02 14:49:42,784 | INFO | Checking Completed. Sleeping...
2026-03-02 14:50:42,785 | INFO | Checking stock prices...
2026-03-02 14:50:48,858 | INFO | Checking Completed. Sleeping...
2026-03-02 14:51:48,859 | INFO | Checking stock prices...
2026-03-02 14:51:54,452 | INFO | Checking Completed. Sleeping...
2026-03-02 14:52:54,452 | INFO | Checking stock prices...
2026-03-02 14:53:00,180 | INFO | Checking Completed. Sleeping...
2026-03-02 14:54:00,181 | INFO | Checking stock prices...
2026-03-02 14:54:05,839 | INFO | Checking Completed. Sleeping...
2026-03-02 14:55:05,840 | INFO | Checking stock prices...
2026-03-02 14:55:11,794 | INFO | Checking Completed. Sleeping...
2026-03-02 14:56:11,794 | INFO | Checking stock prices...
2026-03-02 14:56:17,487 | INFO | Checking Completed. Sleeping...
2026-03-02 14:57:17,487 | INFO | Checking stock prices...
2026-03-02 14:57:23,012 | INFO | Checking Completed. Sleeping...
2026-03-02 14:58:23,012 | INFO | Checking stock prices...
2026-03-02 14:58:28,868 | INFO | Checking Completed. Sleeping...
2026-03-02 14:59:28,869 | INFO | Checking stock prices...
2026-03-02 16:39:29,068 | ERROR | Failed to read Google Sheet: ('invalid_grant: Invalid JWT: Token must be a short-lived token (60 minutes) and in a reasonable timeframe. Check your iat and exp values in the JWT claim.', {'error': 'invalid_grant', 'error_description': 'Invalid JWT: Token must be a short-lived token (60 minutes) and in a reasonable timeframe. Check your iat and exp values in the JWT claim.'})
2026-03-02 16:39:29,077 | INFO | Checking Completed. Sleeping...
