2026-02-13 13:33:40,530 | INFO | Stock alert service started
2026-02-13 13:33:40,532 | INFO | Market is open — starting monitoring
2026-02-13 13:33:50,540 | INFO | Checking stock prices...
2026-02-13 13:33:58,312 | INFO | Checking Completed. Sleeping...
2026-02-13 13:34:58,313 | INFO | Checking stock prices...
2026-02-13 13:35:04,740 | INFO | Checking Completed. Sleeping...
2026-02-13 13:36:04,742 | INFO | Checking stock prices...
2026-02-13 13:36:11,063 | INFO | Checking Completed. Sleeping...
2026-02-13 13:37:11,064 | INFO | Checking stock prices...
2026-02-13 13:37:17,198 | INFO | Checking Completed. Sleeping...
2026-02-13 13:38:17,199 | INFO | Checking stock prices...
2026-02-13 13:38:23,463 | INFO | Checking Completed. Sleeping...
2026-02-13 13:39:23,464 | INFO | Checking stock prices...
2026-02-13 13:39:30,055 | INFO | Checking Completed. Sleeping...
2026-02-13 13:40:30,056 | INFO | Checking stock prices...
2026-02-13 13:40:36,960 | INFO | Checking Completed. Sleeping...
2026-02-13 13:41:36,961 | INFO | Checking stock prices...
2026-02-13 13:41:43,347 | INFO | Checking Completed. Sleeping...
2026-02-13 13:42:43,348 | INFO | Checking stock prices...
2026-02-13 13:42:49,820 | INFO | Checking Completed. Sleeping...
2026-02-13 13:43:49,821 | INFO | Checking stock prices...
2026-02-13 13:43:56,121 | INFO | Checking Completed. Sleeping...
2026-02-13 13:44:56,122 | INFO | Checking stock prices...
2026-02-13 13:45:02,775 | INFO | Checking Completed. Sleeping...
2026-02-13 13:46:02,776 | INFO | Checking stock prices...
2026-02-13 13:46:09,142 | INFO | Checking Completed. Sleeping...
2026-02-13 13:47:09,142 | INFO | Checking stock prices...
2026-02-13 13:47:15,464 | INFO | Checking Completed. Sleeping...
2026-02-13 13:48:15,465 | INFO | Checking stock prices...
2026-02-13 13:48:21,942 | INFO | Checking Completed. Sleeping...
2026-02-13 13:49:21,943 | INFO | Checking stock prices...
2026-02-13 13:49:29,262 | INFO | Checking Completed. Sleeping...
2026-02-13 13:50:29,262 | INFO | Checking stock prices...
2026-02-13 13:50:35,688 | INFO | Checking Completed. Sleeping...
2026-02-13 13:51:35,689 | INFO | Checking stock prices...
2026-02-13 13:51:45,698 | INFO | Checking Completed. Sleeping...
2026-02-13 13:52:45,699 | INFO | Checking stock prices...
2026-02-13 13:52:52,379 | INFO | Checking Completed. Sleeping...
2026-02-13 13:53:52,380 | INFO | Checking stock prices...
2026-02-13 13:53:58,540 | INFO | Checking Completed. Sleeping...
2026-02-13 13:54:58,541 | INFO | Checking stock prices...
2026-02-13 13:55:04,590 | INFO | Checking Completed. Sleeping...
2026-02-13 13:56:04,590 | INFO | Checking stock prices...
2026-02-13 13:56:11,194 | INFO | Checking Completed. Sleeping...
2026-02-13 13:57:11,195 | INFO | Checking stock prices...
2026-02-13 13:57:17,500 | INFO | Checking Completed. Sleeping...
2026-02-13 13:58:17,501 | INFO | Checking stock prices...
2026-02-13 13:58:24,013 | INFO | Checking Completed. Sleeping...
2026-02-13 13:59:24,014 | INFO | Checking stock prices...
2026-02-13 13:59:30,662 | INFO | Checking Completed. Sleeping...
2026-02-13 14:00:30,663 | INFO | Checking stock prices...
2026-02-13 14:00:36,621 | INFO | Checking Completed. Sleeping...
2026-02-13 14:01:36,622 | INFO | Checking stock prices...
2026-02-13 14:01:43,063 | INFO | Checking Completed. Sleeping...
2026-02-13 14:02:43,063 | INFO | Checking stock prices...
2026-02-13 14:02:49,234 | INFO | Checking Completed. Sleeping...
2026-02-13 14:03:49,235 | INFO | Checking stock prices...
2026-02-13 14:03:55,900 | INFO | Checking Completed. Sleeping...
2026-02-13 14:04:55,901 | INFO | Checking stock prices...
2026-02-13 14:05:03,009 | INFO | Checking Completed. Sleeping...
2026-02-13 14:06:03,009 | INFO | Checking stock prices...
2026-02-13 14:06:09,167 | INFO | Checking Completed. Sleeping...
2026-02-13 14:07:09,168 | INFO | Checking stock prices...
2026-02-13 14:07:15,938 | INFO | Checking Completed. Sleeping...
2026-02-13 14:08:15,938 | INFO | Checking stock prices...
2026-02-13 14:08:22,133 | INFO | Checking Completed. Sleeping...
2026-02-13 14:09:22,134 | INFO | Checking stock prices...
2026-02-13 14:09:28,621 | INFO | Checking Completed. Sleeping...
2026-02-13 14:10:28,622 | INFO | Checking stock prices...
2026-02-13 14:10:34,616 | INFO | Checking Completed. Sleeping...
2026-02-13 14:11:34,617 | INFO | Checking stock prices...
2026-02-13 14:11:43,872 | INFO | Checking Completed. Sleeping...
2026-02-13 14:12:43,873 | INFO | Checking stock prices...
2026-02-13 14:12:50,349 | INFO | Checking Completed. Sleeping...
2026-02-13 14:13:50,351 | INFO | Checking stock prices...
2026-02-13 14:13:56,604 | INFO | Checking Completed. Sleeping...
2026-02-13 14:14:56,605 | INFO | Checking stock prices...
2026-02-13 14:15:02,811 | INFO | Checking Completed. Sleeping...
2026-02-13 14:16:02,812 | INFO | Checking stock prices...
2026-02-13 14:16:09,533 | INFO | Checking Completed. Sleeping...
2026-02-13 14:17:09,534 | INFO | Checking stock prices...
2026-02-13 14:17:15,728 | INFO | Checking Completed. Sleeping...
2026-02-13 14:18:15,729 | INFO | Checking stock prices...
2026-02-13 14:18:21,857 | INFO | Checking Completed. Sleeping...
2026-02-13 14:19:21,858 | INFO | Checking stock prices...
2026-02-13 14:19:28,668 | INFO | Checking Completed. Sleeping...
2026-02-13 14:20:28,669 | INFO | Checking stock prices...
2026-02-13 14:20:35,169 | INFO | Checking Completed. Sleeping...
2026-02-13 14:21:35,170 | INFO | Checking stock prices...
2026-02-13 14:21:41,761 | INFO | Checking Completed. Sleeping...
2026-02-13 14:22:41,763 | INFO | Checking stock prices...
2026-02-13 14:22:48,100 | INFO | Checking Completed. Sleeping...
2026-02-13 14:23:48,101 | INFO | Checking stock prices...
2026-02-13 14:23:54,531 | INFO | Checking Completed. Sleeping...
2026-02-13 14:24:54,532 | INFO | Checking stock prices...
2026-02-13 14:25:00,740 | INFO | Checking Completed. Sleeping...
2026-02-13 14:26:00,741 | INFO | Checking stock prices...
2026-02-13 14:26:07,318 | INFO | Checking Completed. Sleeping...
2026-02-13 14:27:07,319 | INFO | Checking stock prices...
2026-02-13 14:27:13,575 | INFO | Checking Completed. Sleeping...
2026-02-13 14:28:13,576 | INFO | Checking stock prices...
2026-02-13 14:28:19,674 | INFO | Checking Completed. Sleeping...
2026-02-13 14:29:19,675 | INFO | Checking stock prices...
2026-02-13 14:29:25,913 | INFO | Checking Completed. Sleeping...
2026-02-13 14:30:25,914 | INFO | Checking stock prices...
2026-02-13 14:30:32,290 | INFO | Checking Completed. Sleeping...
2026-02-13 14:31:32,291 | INFO | Checking stock prices...
2026-02-13 14:31:38,495 | INFO | Checking Completed. Sleeping...
2026-02-13 14:32:38,496 | INFO | Checking stock prices...
2026-02-13 14:32:44,437 | INFO | Checking Completed. Sleeping...
2026-02-13 14:33:44,437 | INFO | Checking stock prices...
2026-02-13 14:33:50,633 | INFO | Checking Completed. Sleeping...
2026-02-13 14:34:50,634 | INFO | Checking stock prices...
2026-02-13 14:34:57,088 | INFO | Checking Completed. Sleeping...
2026-02-13 14:35:57,089 | INFO | Checking stock prices...
2026-02-13 14:36:03,292 | INFO | Checking Completed. Sleeping...
2026-02-13 14:37:03,293 | INFO | Checking stock prices...
2026-02-13 14:37:12,340 | INFO | Checking Completed. Sleeping...
2026-02-13 14:38:12,341 | INFO | Checking stock prices...
2026-02-13 14:38:18,522 | INFO | Checking Completed. Sleeping...
2026-02-13 14:39:18,523 | INFO | Checking stock prices...
2026-02-13 14:39:24,707 | INFO | Checking Completed. Sleeping...
2026-02-13 14:40:24,708 | INFO | Checking stock prices...
2026-02-13 14:40:30,897 | INFO | Checking Completed. Sleeping...
2026-02-13 14:41:30,898 | INFO | Checking stock prices...
2026-02-13 14:41:37,209 | INFO | Checking Completed. Sleeping...
2026-02-13 14:42:37,210 | INFO | Checking stock prices...
2026-02-13 14:42:43,324 | INFO | Checking Completed. Sleeping...
2026-02-13 14:43:43,325 | INFO | Checking stock prices...
2026-02-13 14:43:49,612 | INFO | Checking Completed. Sleeping...
2026-02-13 14:44:49,613 | INFO | Checking stock prices...
2026-02-13 14:44:55,879 | INFO | Checking Completed. Sleeping...
2026-02-13 14:45:55,879 | INFO | Checking stock prices...
2026-02-13 14:46:02,406 | INFO | Checking Completed. Sleeping...
2026-02-13 14:47:02,406 | INFO | Checking stock prices...
2026-02-13 14:47:08,567 | INFO | Checking Completed. Sleeping...
2026-02-13 14:48:08,568 | INFO | Checking stock prices...
2026-02-13 14:48:14,938 | INFO | Checking Completed. Sleeping...
2026-02-13 14:49:14,939 | INFO | Checking stock prices...
2026-02-13 14:49:21,376 | INFO | Checking Completed. Sleeping...
2026-02-13 14:50:21,377 | INFO | Checking stock prices...
2026-02-13 14:50:27,394 | INFO | Checking Completed. Sleeping...
2026-02-13 14:51:27,395 | INFO | Checking stock prices...
2026-02-13 14:51:33,664 | INFO | Checking Completed. Sleeping...
2026-02-13 14:52:33,665 | INFO | Checking stock prices...
2026-02-13 14:52:39,701 | INFO | Checking Completed. Sleeping...
2026-02-13 14:53:39,701 | INFO | Checking stock prices...
2026-02-13 14:53:46,179 | INFO | Checking Completed. Sleeping...
2026-02-13 14:54:46,180 | INFO | Checking stock prices...
2026-02-13 14:54:52,249 | INFO | Checking Completed. Sleeping...
2026-02-13 14:55:52,250 | INFO | Checking stock prices...
2026-02-13 14:55:58,357 | INFO | Checking Completed. Sleeping...
2026-02-13 14:56:58,358 | INFO | Checking stock prices...
2026-02-13 14:57:04,952 | INFO | Checking Completed. Sleeping...
2026-02-13 14:58:04,953 | INFO | Checking stock prices...
2026-02-13 14:58:11,023 | INFO | Checking Completed. Sleeping...
2026-02-13 14:59:11,023 | INFO | Checking stock prices...
2026-02-13 14:59:17,068 | INFO | Checking Completed. Sleeping...
2026-02-13 15:00:17,069 | INFO | Checking stock prices...
2026-02-13 15:00:23,377 | INFO | Checking Completed. Sleeping...
2026-02-13 15:01:23,378 | INFO | Checking stock prices...
2026-02-13 15:01:30,052 | INFO | Checking Completed. Sleeping...
2026-02-13 15:02:30,053 | INFO | Checking stock prices...
2026-02-13 15:02:36,297 | INFO | Checking Completed. Sleeping...
2026-02-13 15:03:36,297 | INFO | Checking stock prices...
2026-02-13 15:03:43,299 | INFO | Checking Completed. Sleeping...
2026-02-13 15:04:43,300 | INFO | Checking stock prices...
2026-02-13 15:04:49,756 | INFO | Checking Completed. Sleeping...
2026-02-13 15:05:49,757 | INFO | Checking stock prices...
2026-02-13 15:05:56,054 | INFO | Checking Completed. Sleeping...
2026-02-13 15:06:56,055 | INFO | Checking stock prices...
2026-02-13 15:07:02,561 | INFO | Checking Completed. Sleeping...
2026-02-13 15:08:02,562 | INFO | Checking stock prices...
2026-02-13 15:08:09,090 | INFO | Checking Completed. Sleeping...
2026-02-13 15:09:09,091 | INFO | Checking stock prices...
2026-02-13 15:09:15,512 | INFO | Checking Completed. Sleeping...
2026-02-13 15:10:15,513 | INFO | Checking stock prices...
2026-02-13 15:10:21,691 | INFO | Checking Completed. Sleeping...
2026-02-13 15:11:21,692 | INFO | Checking stock prices...
2026-02-13 15:11:28,038 | INFO | Checking Completed. Sleeping...
2026-02-13 15:12:28,039 | INFO | Checking stock prices...
2026-02-13 15:12:34,302 | INFO | Checking Completed. Sleeping...
2026-02-13 15:13:34,303 | INFO | Checking stock prices...
2026-02-13 15:13:40,798 | INFO | Checking Completed. Sleeping...
2026-02-13 15:14:40,799 | INFO | Checking stock prices...
2026-02-13 15:14:47,139 | INFO | Checking Completed. Sleeping...
2026-02-13 15:15:47,140 | INFO | Checking stock prices...
2026-02-13 15:15:54,712 | INFO | Checking Completed. Sleeping...
2026-02-13 15:16:54,712 | INFO | Checking stock prices...
2026-02-13 15:17:01,265 | INFO | Checking Completed. Sleeping...
2026-02-13 15:18:01,266 | INFO | Checking stock prices...
2026-02-13 15:18:07,676 | INFO | Checking Completed. Sleeping...
2026-02-13 15:19:07,676 | INFO | Checking stock prices...
2026-02-13 15:19:13,827 | INFO | Checking Completed. Sleeping...
2026-02-13 15:20:13,829 | INFO | Checking stock prices...
2026-02-13 15:20:20,147 | INFO | Checking Completed. Sleeping...
2026-02-13 15:21:20,148 | INFO | Checking stock prices...
2026-02-13 15:21:26,604 | INFO | Checking Completed. Sleeping...
2026-02-13 15:22:26,605 | INFO | Checking stock prices...
2026-02-13 15:22:32,516 | INFO | Checking Completed. Sleeping...
2026-02-13 15:23:32,517 | INFO | Checking stock prices...
2026-02-13 15:23:38,713 | INFO | Checking Completed. Sleeping...
2026-02-13 15:24:38,714 | INFO | Checking stock prices...
2026-02-13 15:24:44,606 | INFO | Checking Completed. Sleeping...
2026-02-13 15:25:44,607 | INFO | Checking stock prices...
2026-02-13 15:25:50,632 | INFO | Checking Completed. Sleeping...
2026-02-13 15:26:50,633 | INFO | Checking stock prices...
2026-02-13 15:26:57,150 | INFO | Checking Completed. Sleeping...
2026-02-13 15:27:57,150 | INFO | Checking stock prices...
2026-02-13 15:28:03,715 | INFO | Checking Completed. Sleeping...
2026-02-13 15:29:03,716 | INFO | Checking stock prices...
2026-02-13 15:29:10,579 | INFO | Checking Completed. Sleeping...
2026-02-13 15:30:10,580 | INFO | Checking stock prices...
2026-02-13 15:30:10,581 | INFO | Market closed during runtime — shutting down
2026-02-13 15:30:10,582 | INFO | Stock alert service stopped
