2026-04-17 14:55:34,519 | INFO | Stock alert service started
2026-04-17 14:55:34,520 | INFO | Market is open — starting monitoring
2026-04-17 14:55:44,526 | INFO | Checking stock prices...
2026-04-17 14:55:48,750 | INFO | ALERT | Bharat Heavy Electronics | HIGH | Last Exit Price: 276 | Price: 315.8399963378906 | Alert: 300.0
2026-04-17 14:55:59,492 | INFO | ALERT | Adani Power | HIGH | Last Exit Price: 0 | Price: 199.2899932861328 | Alert: 160.0
2026-04-17 14:56:10,942 | ERROR | Row error : Unsupported exchange: 
2026-04-17 14:56:10,942 | ERROR | Row error : Unsupported exchange: 
2026-04-17 14:56:11,371 | INFO | Checking Completed. Sleeping...
2026-04-17 14:57:11,372 | INFO | Checking stock prices...
2026-04-17 14:57:15,179 | INFO | ALERT | Bharat Heavy Electronics | HIGH | Last Exit Price: 276 | Price: 316.25 | Alert: 300.0
2026-04-17 14:57:26,127 | INFO | ALERT | Adani Power | HIGH | Last Exit Price: 0 | Price: 199.25 | Alert: 160.0
2026-04-17 14:57:37,647 | ERROR | Row error : Unsupported exchange: 
2026-04-17 14:57:37,648 | ERROR | Row error : Unsupported exchange: 
2026-04-17 14:57:38,062 | INFO | Checking Completed. Sleeping...
2026-04-17 14:58:38,063 | INFO | Checking stock prices...
2026-04-17 14:58:40,983 | INFO | ALERT | Bharat Heavy Electronics | HIGH | Last Exit Price: 276 | Price: 316.0199890136719 | Alert: 300.0
2026-04-17 14:58:53,160 | ERROR | Row error : Unsupported exchange: 
2026-04-17 14:58:53,161 | ERROR | Row error : Unsupported exchange: 
2026-04-17 14:58:53,570 | INFO | Checking Completed. Sleeping...
2026-04-17 14:59:53,571 | INFO | Checking stock prices...
2026-04-17 14:59:56,555 | INFO | ALERT | Bharat Heavy Electronics | HIGH | Last Exit Price: 276 | Price: 315.6700134277344 | Alert: 300.0
2026-04-17 15:00:08,799 | ERROR | Row error : Unsupported exchange: 
2026-04-17 15:00:08,799 | ERROR | Row error : Unsupported exchange: 
2026-04-17 15:00:09,207 | INFO | Checking Completed. Sleeping...
2026-04-17 15:01:09,207 | INFO | Checking stock prices...
2026-04-17 15:01:14,522 | ERROR | Row error : Unsupported exchange: 
2026-04-17 15:01:14,522 | ERROR | Row error : Unsupported exchange: 
2026-04-17 15:01:14,954 | INFO | Checking Completed. Sleeping...
2026-04-17 15:02:14,955 | INFO | Checking stock prices...
2026-04-17 15:02:20,358 | ERROR | Row error : Unsupported exchange: 
2026-04-17 15:02:20,358 | ERROR | Row error : Unsupported exchange: 
2026-04-17 15:02:20,792 | INFO | Checking Completed. Sleeping...
2026-04-17 15:03:20,792 | INFO | Checking stock prices...
2026-04-17 15:03:26,152 | ERROR | Row error : Unsupported exchange: 
2026-04-17 15:03:26,152 | ERROR | Row error : Unsupported exchange: 
2026-04-17 15:03:26,623 | INFO | Checking Completed. Sleeping...
2026-04-17 15:04:26,624 | INFO | Checking stock prices...
2026-04-17 15:04:31,762 | ERROR | Row error : Unsupported exchange: 
2026-04-17 15:04:31,763 | ERROR | Row error : Unsupported exchange: 
2026-04-17 15:04:32,243 | INFO | Checking Completed. Sleeping...
2026-04-17 15:05:32,244 | INFO | Checking stock prices...
2026-04-17 15:05:37,689 | ERROR | Row error : Unsupported exchange: 
2026-04-17 15:05:37,689 | ERROR | Row error : Unsupported exchange: 
2026-04-17 15:05:38,204 | INFO | Checking Completed. Sleeping...
2026-04-17 15:06:38,204 | INFO | Checking stock prices...
2026-04-17 15:06:43,567 | ERROR | Row error : Unsupported exchange: 
2026-04-17 15:06:43,568 | ERROR | Row error : Unsupported exchange: 
2026-04-17 15:06:43,979 | INFO | Checking Completed. Sleeping...
2026-04-17 15:07:43,980 | INFO | Checking stock prices...
2026-04-17 15:07:49,196 | ERROR | Row error : Unsupported exchange: 
2026-04-17 15:07:49,197 | ERROR | Row error : Unsupported exchange: 
2026-04-17 15:07:49,635 | INFO | Checking Completed. Sleeping...
2026-04-17 15:08:49,636 | INFO | Checking stock prices...
2026-04-17 15:08:54,782 | ERROR | Row error : Unsupported exchange: 
2026-04-17 15:08:54,783 | ERROR | Row error : Unsupported exchange: 
2026-04-17 15:08:55,201 | INFO | Checking Completed. Sleeping...
2026-04-17 15:09:55,201 | INFO | Checking stock prices...
2026-04-17 15:10:00,405 | ERROR | Row error : Unsupported exchange: 
2026-04-17 15:10:00,406 | ERROR | Row error : Unsupported exchange: 
2026-04-17 15:10:00,814 | INFO | Checking Completed. Sleeping...
2026-04-17 15:11:00,815 | INFO | Checking stock prices...
2026-04-17 15:11:05,853 | ERROR | Row error : Unsupported exchange: 
2026-04-17 15:11:05,854 | ERROR | Row error : Unsupported exchange: 
2026-04-17 15:11:06,254 | INFO | Checking Completed. Sleeping...
2026-04-17 15:12:06,255 | INFO | Checking stock prices...
2026-04-17 15:12:11,950 | ERROR | Row error : Unsupported exchange: 
2026-04-17 15:12:11,951 | ERROR | Row error : Unsupported exchange: 
2026-04-17 15:12:12,427 | INFO | Checking Completed. Sleeping...
2026-04-17 15:13:12,429 | INFO | Checking stock prices...
2026-04-17 15:13:19,425 | ERROR | Row error : Unsupported exchange: 
2026-04-17 15:13:19,425 | ERROR | Row error : Unsupported exchange: 
2026-04-17 15:13:19,839 | INFO | Checking Completed. Sleeping...
2026-04-17 15:14:19,840 | INFO | Checking stock prices...
2026-04-17 15:14:25,349 | ERROR | Row error : Unsupported exchange: 
2026-04-17 15:14:25,349 | ERROR | Row error : Unsupported exchange: 
2026-04-17 15:14:25,755 | INFO | Checking Completed. Sleeping...
2026-04-17 15:15:25,755 | INFO | Checking stock prices...
2026-04-17 15:15:30,912 | ERROR | Row error : Unsupported exchange: 
2026-04-17 15:15:30,913 | ERROR | Row error : Unsupported exchange: 
2026-04-17 15:15:31,328 | INFO | Checking Completed. Sleeping...
2026-04-17 15:16:31,329 | INFO | Checking stock prices...
2026-04-17 15:16:36,577 | ERROR | Row error : Unsupported exchange: 
2026-04-17 15:16:36,577 | ERROR | Row error : Unsupported exchange: 
2026-04-17 15:16:36,984 | INFO | Checking Completed. Sleeping...
2026-04-17 15:17:36,985 | INFO | Checking stock prices...
2026-04-17 15:17:42,278 | ERROR | Row error : Unsupported exchange: 
2026-04-17 15:17:42,278 | ERROR | Row error : Unsupported exchange: 
2026-04-17 15:17:42,710 | INFO | Checking Completed. Sleeping...
2026-04-17 15:18:42,710 | INFO | Checking stock prices...
2026-04-17 15:18:47,799 | ERROR | Row error : Unsupported exchange: 
2026-04-17 15:18:47,799 | ERROR | Row error : Unsupported exchange: 
2026-04-17 15:18:48,244 | INFO | Checking Completed. Sleeping...
2026-04-17 15:19:48,245 | INFO | Checking stock prices...
2026-04-17 15:19:53,369 | ERROR | Row error : Unsupported exchange: 
2026-04-17 15:19:53,370 | ERROR | Row error : Unsupported exchange: 
2026-04-17 15:19:53,804 | INFO | Checking Completed. Sleeping...
2026-04-17 15:20:53,805 | INFO | Checking stock prices...
2026-04-17 15:20:58,980 | ERROR | Row error : Unsupported exchange: 
2026-04-17 15:20:58,981 | ERROR | Row error : Unsupported exchange: 
2026-04-17 15:20:59,479 | INFO | Checking Completed. Sleeping...
2026-04-17 15:21:59,480 | INFO | Checking stock prices...
2026-04-17 15:22:04,962 | ERROR | Row error : Unsupported exchange: 
2026-04-17 15:22:04,962 | ERROR | Row error : Unsupported exchange: 
2026-04-17 15:22:05,388 | INFO | Checking Completed. Sleeping...
2026-04-17 15:23:05,389 | INFO | Checking stock prices...
2026-04-17 15:23:10,851 | ERROR | Row error : Unsupported exchange: 
2026-04-17 15:23:10,852 | ERROR | Row error : Unsupported exchange: 
2026-04-17 15:23:11,292 | INFO | Checking Completed. Sleeping...
2026-04-17 15:24:11,293 | INFO | Checking stock prices...
2026-04-17 15:24:16,439 | ERROR | Row error : Unsupported exchange: 
2026-04-17 15:24:16,440 | ERROR | Row error : Unsupported exchange: 
2026-04-17 15:24:16,854 | INFO | Checking Completed. Sleeping...
2026-04-17 15:25:16,855 | INFO | Checking stock prices...
2026-04-17 15:25:22,158 | ERROR | Row error : Unsupported exchange: 
2026-04-17 15:25:22,159 | ERROR | Row error : Unsupported exchange: 
2026-04-17 15:25:22,676 | INFO | Checking Completed. Sleeping...
2026-04-17 15:26:22,677 | INFO | Checking stock prices...
2026-04-17 15:26:28,024 | ERROR | Row error : Unsupported exchange: 
2026-04-17 15:26:28,025 | ERROR | Row error : Unsupported exchange: 
2026-04-17 15:26:28,439 | INFO | Checking Completed. Sleeping...
2026-04-17 15:27:28,440 | INFO | Checking stock prices...
2026-04-17 15:27:33,854 | ERROR | Row error : Unsupported exchange: 
2026-04-17 15:27:33,855 | ERROR | Row error : Unsupported exchange: 
2026-04-17 15:27:34,285 | INFO | Checking Completed. Sleeping...
2026-04-17 15:28:34,285 | INFO | Checking stock prices...
2026-04-17 15:28:39,492 | ERROR | Row error : Unsupported exchange: 
2026-04-17 15:28:39,493 | ERROR | Row error : Unsupported exchange: 
2026-04-17 15:28:39,920 | INFO | Checking Completed. Sleeping...
2026-04-17 15:29:39,920 | INFO | Checking stock prices...
2026-04-17 15:29:45,112 | ERROR | Row error : Unsupported exchange: 
2026-04-17 15:29:45,112 | ERROR | Row error : Unsupported exchange: 
2026-04-17 15:29:45,520 | INFO | Checking Completed. Sleeping...
2026-04-17 15:30:45,521 | INFO | Checking stock prices...
2026-04-17 15:30:45,521 | INFO | Market closed during runtime — shutting down
2026-04-17 15:30:45,524 | INFO | Stock alert service stopped
