2026-01-29 14:02:00,505 | INFO | Stock alert service started
2026-01-29 14:02:00,506 | INFO | Market is open — starting monitoring
2026-01-29 14:02:00,506 | INFO | Checking stock prices...
2026-01-29 14:02:11,675 | INFO | Checking Completed. Sleeping...
2026-01-29 14:03:11,676 | INFO | Checking stock prices...
2026-01-29 14:03:19,811 | INFO | Checking Completed. Sleeping...
2026-01-29 14:04:19,812 | INFO | Checking stock prices...
2026-01-29 14:04:25,934 | ERROR | Row error : Unsupported exchange: 
2026-01-29 14:04:26,568 | INFO | Checking Completed. Sleeping...
2026-01-29 14:05:26,569 | INFO | Checking stock prices...
2026-01-29 14:05:32,482 | INFO | Checking Completed. Sleeping...
2026-01-29 14:06:32,483 | INFO | Checking stock prices...
2026-01-29 14:06:39,510 | ERROR | Row error Shadowdax Tech.: Unsupported exchange: 
2026-01-29 14:06:40,052 | INFO | Checking Completed. Sleeping...
2026-01-29 14:07:40,052 | INFO | Checking stock prices...
2026-01-29 14:07:46,988 | ERROR | Row error Shadowdax Tech.: could not convert string to float: ''
2026-01-29 14:07:47,528 | INFO | Checking Completed. Sleeping...
2026-01-29 14:08:47,529 | INFO | Checking stock prices...
2026-01-29 14:08:53,977 | INFO | Checking Completed. Sleeping...
2026-01-29 14:09:53,978 | INFO | Checking stock prices...
2026-01-29 14:10:00,003 | INFO | Checking Completed. Sleeping...
2026-01-29 14:11:00,004 | INFO | Checking stock prices...
2026-01-29 14:11:07,144 | INFO | Checking Completed. Sleeping...
2026-01-29 14:12:07,145 | INFO | Checking stock prices...
2026-01-29 14:12:13,699 | INFO | Checking Completed. Sleeping...
2026-01-29 14:13:13,700 | INFO | Checking stock prices...
2026-01-29 14:13:20,148 | INFO | Checking Completed. Sleeping...
2026-01-29 14:14:20,149 | INFO | Checking stock prices...
2026-01-29 14:14:26,626 | INFO | Checking Completed. Sleeping...
2026-01-29 14:15:26,627 | INFO | Checking stock prices...
2026-01-29 14:15:32,931 | INFO | Checking Completed. Sleeping...
2026-01-29 14:16:32,932 | INFO | Checking stock prices...
2026-01-29 14:16:41,809 | INFO | Checking Completed. Sleeping...
2026-01-29 14:17:41,809 | INFO | Checking stock prices...
2026-01-29 14:18:06,095 | INFO | Checking Completed. Sleeping...
2026-01-29 14:19:06,096 | INFO | Checking stock prices...
2026-01-29 14:19:12,637 | INFO | Checking Completed. Sleeping...
2026-01-29 14:20:12,638 | INFO | Checking stock prices...
2026-01-29 14:20:18,699 | INFO | Checking Completed. Sleeping...
2026-01-29 14:21:18,700 | INFO | Checking stock prices...
2026-01-29 14:21:25,200 | INFO | Checking Completed. Sleeping...
2026-01-29 14:22:25,201 | INFO | Checking stock prices...
2026-01-29 14:22:32,054 | INFO | Checking Completed. Sleeping...
2026-01-29 14:23:32,054 | INFO | Checking stock prices...
2026-01-29 14:23:39,450 | INFO | Checking Completed. Sleeping...
2026-01-29 14:24:39,452 | INFO | Checking stock prices...
2026-01-29 14:24:46,110 | INFO | Checking Completed. Sleeping...
2026-01-29 14:25:46,110 | INFO | Checking stock prices...
2026-01-29 14:25:52,603 | INFO | Checking Completed. Sleeping...
2026-01-29 14:26:52,604 | INFO | Checking stock prices...
2026-01-29 14:26:59,177 | INFO | Checking Completed. Sleeping...
2026-01-29 14:27:59,178 | INFO | Checking stock prices...
2026-01-29 14:28:09,205 | INFO | Checking Completed. Sleeping...
2026-01-29 14:29:09,206 | INFO | Checking stock prices...
2026-01-29 14:29:23,331 | INFO | Checking Completed. Sleeping...
2026-01-29 14:30:23,332 | INFO | Checking stock prices...
2026-01-29 14:30:29,592 | INFO | Checking Completed. Sleeping...
2026-01-29 14:31:29,592 | INFO | Checking stock prices...
2026-01-29 14:31:36,024 | INFO | Checking Completed. Sleeping...
2026-01-29 14:32:36,025 | INFO | Checking stock prices...
2026-01-29 14:32:42,128 | INFO | Checking Completed. Sleeping...
2026-01-29 14:33:42,128 | INFO | Checking stock prices...
2026-01-29 14:33:49,076 | INFO | Checking Completed. Sleeping...
2026-01-29 14:34:49,077 | INFO | Checking stock prices...
2026-01-29 14:34:55,031 | INFO | Checking Completed. Sleeping...
2026-01-29 14:35:55,032 | INFO | Checking stock prices...
2026-01-29 14:36:14,101 | INFO | Checking Completed. Sleeping...
2026-01-29 14:37:14,102 | INFO | Checking stock prices...
2026-01-29 14:37:21,028 | INFO | Checking Completed. Sleeping...
2026-01-29 14:38:21,029 | INFO | Checking stock prices...
2026-01-29 14:38:27,223 | INFO | Checking Completed. Sleeping...
2026-01-29 14:39:27,223 | INFO | Checking stock prices...
2026-01-29 14:39:33,683 | INFO | Checking Completed. Sleeping...
2026-01-29 14:40:33,684 | INFO | Checking stock prices...
2026-01-29 14:40:40,646 | INFO | Checking Completed. Sleeping...
2026-01-29 14:41:40,646 | INFO | Checking stock prices...
2026-01-29 14:41:47,005 | INFO | Checking Completed. Sleeping...
2026-01-29 14:42:47,005 | INFO | Checking stock prices...
2026-01-29 14:42:59,209 | INFO | Checking Completed. Sleeping...
2026-01-29 14:43:59,210 | INFO | Checking stock prices...
2026-01-29 14:44:05,208 | INFO | Checking Completed. Sleeping...
2026-01-29 14:45:05,209 | INFO | Checking stock prices...
2026-01-29 14:45:11,418 | INFO | Checking Completed. Sleeping...
2026-01-29 14:46:11,419 | INFO | Checking stock prices...
2026-01-29 14:46:18,006 | INFO | Checking Completed. Sleeping...
2026-01-29 14:47:18,007 | INFO | Checking stock prices...
2026-01-29 14:47:24,094 | INFO | Checking Completed. Sleeping...
2026-01-29 14:48:24,095 | INFO | Checking stock prices...
2026-01-29 14:48:30,121 | INFO | Checking Completed. Sleeping...
2026-01-29 14:49:30,121 | INFO | Checking stock prices...
2026-01-29 14:49:43,625 | INFO | Checking Completed. Sleeping...
2026-01-29 14:50:43,625 | INFO | Checking stock prices...
2026-01-29 14:50:49,532 | INFO | Checking Completed. Sleeping...
2026-01-29 14:51:49,532 | INFO | Checking stock prices...
2026-01-29 14:51:55,672 | INFO | Checking Completed. Sleeping...
2026-01-29 14:52:55,673 | INFO | Checking stock prices...
2026-01-29 14:53:01,388 | INFO | Checking Completed. Sleeping...
2026-01-29 14:54:01,389 | INFO | Checking stock prices...
2026-01-29 14:54:07,474 | INFO | Checking Completed. Sleeping...
2026-01-29 14:55:07,475 | INFO | Checking stock prices...
2026-01-29 14:55:13,605 | INFO | Checking Completed. Sleeping...
2026-01-29 14:56:13,606 | INFO | Checking stock prices...
2026-01-29 14:56:19,747 | INFO | Checking Completed. Sleeping...
2026-01-29 14:57:19,749 | INFO | Checking stock prices...
2026-01-29 14:57:25,998 | INFO | Checking Completed. Sleeping...
2026-01-29 14:58:25,999 | INFO | Checking stock prices...
2026-01-29 14:58:41,117 | INFO | Checking Completed. Sleeping...
2026-01-29 14:59:41,118 | INFO | Checking stock prices...
2026-01-29 14:59:47,357 | INFO | Checking Completed. Sleeping...
2026-01-29 15:00:47,358 | INFO | Checking stock prices...
2026-01-29 15:00:54,693 | INFO | Checking Completed. Sleeping...
2026-01-29 15:01:54,694 | INFO | Checking stock prices...
2026-01-29 15:02:00,546 | INFO | Checking Completed. Sleeping...
2026-01-29 15:03:00,547 | INFO | Checking stock prices...
2026-01-29 15:03:07,060 | INFO | Checking Completed. Sleeping...
2026-01-29 15:04:07,061 | INFO | Checking stock prices...
2026-01-29 15:04:17,648 | INFO | Checking Completed. Sleeping...
2026-01-29 15:05:17,648 | INFO | Checking stock prices...
2026-01-29 15:05:23,560 | INFO | Checking Completed. Sleeping...
2026-01-29 15:06:23,562 | INFO | Checking stock prices...
2026-01-29 15:06:31,575 | INFO | Checking Completed. Sleeping...
2026-01-29 15:07:31,576 | INFO | Checking stock prices...
2026-01-29 15:07:43,270 | INFO | Checking Completed. Sleeping...
2026-01-29 15:08:43,270 | INFO | Checking stock prices...
2026-01-29 15:08:49,529 | INFO | Checking Completed. Sleeping...
2026-01-29 15:09:49,529 | INFO | Checking stock prices...
2026-01-29 15:10:10,756 | INFO | Checking Completed. Sleeping...
2026-01-29 15:11:10,757 | INFO | Checking stock prices...
2026-01-29 15:11:17,329 | INFO | Checking Completed. Sleeping...
2026-01-29 15:12:17,330 | INFO | Checking stock prices...
2026-01-29 15:12:23,616 | INFO | Checking Completed. Sleeping...
2026-01-29 15:13:23,616 | INFO | Checking stock prices...
2026-01-29 15:13:29,951 | INFO | Checking Completed. Sleeping...
2026-01-29 15:14:29,951 | INFO | Checking stock prices...
2026-01-29 15:14:35,830 | INFO | Checking Completed. Sleeping...
2026-01-29 15:15:35,831 | INFO | Checking stock prices...
2026-01-29 15:15:42,120 | INFO | Checking Completed. Sleeping...
2026-01-29 15:16:42,121 | INFO | Checking stock prices...
2026-01-29 15:16:48,498 | INFO | Checking Completed. Sleeping...
2026-01-29 15:17:48,499 | INFO | Checking stock prices...
2026-01-29 15:17:55,295 | INFO | Checking Completed. Sleeping...
2026-01-29 15:18:55,296 | INFO | Checking stock prices...
2026-01-29 15:19:06,812 | INFO | Checking Completed. Sleeping...
2026-01-29 15:20:06,813 | INFO | Checking stock prices...
2026-01-29 15:20:36,873 | ERROR | Failed to read Google Sheet: APIError: [500]: Internal Error
2026-01-29 15:20:36,882 | INFO | Checking Completed. Sleeping...
2026-01-29 15:21:36,883 | INFO | Checking stock prices...
2026-01-29 15:21:43,818 | INFO | Checking Completed. Sleeping...
2026-01-29 15:22:43,819 | INFO | Checking stock prices...
2026-01-29 15:22:50,853 | INFO | Checking Completed. Sleeping...
2026-01-29 15:23:50,854 | INFO | Checking stock prices...
2026-01-29 15:23:56,901 | INFO | Checking Completed. Sleeping...
2026-01-29 15:24:56,902 | INFO | Checking stock prices...
2026-01-29 15:25:03,798 | INFO | Checking Completed. Sleeping...
2026-01-29 15:26:03,799 | INFO | Checking stock prices...
2026-01-29 15:26:18,022 | INFO | Checking Completed. Sleeping...
2026-01-29 15:27:18,023 | INFO | Checking stock prices...
2026-01-29 15:27:28,370 | INFO | Checking Completed. Sleeping...
2026-01-29 15:28:28,371 | INFO | Checking stock prices...
2026-01-29 15:28:34,529 | INFO | Checking Completed. Sleeping...
2026-01-29 15:29:34,531 | INFO | Checking stock prices...
2026-01-29 15:29:40,439 | INFO | Checking Completed. Sleeping...
2026-01-29 15:30:40,440 | INFO | Checking stock prices...
2026-01-29 15:30:40,441 | INFO | Market closed during runtime — shutting down
2026-01-29 15:30:40,441 | INFO | Stock alert service stopped
