2026-02-02 11:59:27,011 | INFO | Stock alert service started
2026-02-02 11:59:27,013 | INFO | Market is open — starting monitoring
2026-02-02 11:59:27,013 | INFO | Checking stock prices...
2026-02-02 11:59:36,713 | INFO | Checking Completed. Sleeping...
2026-02-02 12:00:36,713 | INFO | Checking stock prices...
2026-02-02 12:00:45,001 | INFO | Checking Completed. Sleeping...
2026-02-02 12:01:45,002 | INFO | Checking stock prices...
2026-02-02 12:01:53,419 | INFO | Checking Completed. Sleeping...
2026-02-02 12:02:53,420 | INFO | Checking stock prices...
2026-02-02 12:03:07,993 | INFO | Checking Completed. Sleeping...
2026-02-02 12:04:07,994 | INFO | Checking stock prices...
2026-02-02 12:04:21,037 | INFO | Checking Completed. Sleeping...
2026-02-02 12:05:21,039 | INFO | Checking stock prices...
2026-02-02 12:05:32,152 | INFO | Checking Completed. Sleeping...
2026-02-02 12:06:32,152 | INFO | Checking stock prices...
2026-02-02 12:06:41,171 | INFO | Checking Completed. Sleeping...
2026-02-02 12:07:41,172 | INFO | Checking stock prices...
2026-02-02 12:07:50,105 | INFO | Checking Completed. Sleeping...
2026-02-02 12:08:50,106 | INFO | Checking stock prices...
2026-02-02 12:08:58,650 | INFO | Checking Completed. Sleeping...
2026-02-02 12:09:58,651 | INFO | Checking stock prices...
2026-02-02 12:10:08,536 | INFO | Checking Completed. Sleeping...
2026-02-02 12:11:08,537 | INFO | Checking stock prices...
2026-02-02 12:11:18,538 | INFO | Checking Completed. Sleeping...
2026-02-02 12:12:18,539 | INFO | Checking stock prices...
2026-02-02 12:12:28,982 | INFO | Checking Completed. Sleeping...
2026-02-02 12:13:28,984 | INFO | Checking stock prices...
2026-02-02 12:13:36,933 | INFO | Checking Completed. Sleeping...
2026-02-02 12:14:36,934 | INFO | Checking stock prices...
2026-02-02 12:14:45,432 | INFO | Checking Completed. Sleeping...
2026-02-02 12:15:45,433 | INFO | Checking stock prices...
2026-02-02 12:15:53,080 | INFO | Checking Completed. Sleeping...
2026-02-02 12:16:53,081 | INFO | Checking stock prices...
2026-02-02 12:17:03,061 | INFO | Checking Completed. Sleeping...
2026-02-02 12:18:03,062 | INFO | Checking stock prices...
2026-02-02 12:18:11,642 | INFO | Checking Completed. Sleeping...
2026-02-02 12:19:11,643 | INFO | Checking stock prices...
2026-02-02 12:19:20,337 | INFO | Checking Completed. Sleeping...
2026-02-02 12:20:20,338 | INFO | Checking stock prices...
2026-02-02 12:20:30,436 | INFO | Checking Completed. Sleeping...
2026-02-02 12:21:30,437 | INFO | Checking stock prices...
2026-02-02 12:21:38,048 | INFO | Checking Completed. Sleeping...
2026-02-02 12:22:38,049 | INFO | Checking stock prices...
2026-02-02 12:22:46,621 | INFO | Checking Completed. Sleeping...
2026-02-02 12:23:46,622 | INFO | Checking stock prices...
2026-02-02 12:23:54,987 | INFO | Checking Completed. Sleeping...
2026-02-02 12:24:54,988 | INFO | Checking stock prices...
2026-02-02 12:25:03,004 | INFO | Checking Completed. Sleeping...
2026-02-02 12:26:03,005 | INFO | Checking stock prices...
2026-02-02 12:26:10,714 | INFO | Checking Completed. Sleeping...
2026-02-02 12:27:10,715 | INFO | Checking stock prices...
2026-02-02 12:27:18,611 | INFO | Checking Completed. Sleeping...
2026-02-02 12:28:18,611 | INFO | Checking stock prices...
2026-02-02 12:28:27,928 | INFO | Checking Completed. Sleeping...
2026-02-02 12:29:27,929 | INFO | Checking stock prices...
2026-02-02 12:29:36,194 | INFO | Checking Completed. Sleeping...
2026-02-02 12:30:36,195 | INFO | Checking stock prices...
2026-02-02 12:30:46,839 | INFO | Checking Completed. Sleeping...
2026-02-02 12:31:46,840 | INFO | Checking stock prices...
2026-02-02 12:31:55,191 | INFO | Checking Completed. Sleeping...
2026-02-02 12:32:55,191 | INFO | Checking stock prices...
2026-02-02 12:33:03,851 | INFO | Checking Completed. Sleeping...
2026-02-02 12:34:03,852 | INFO | Checking stock prices...
2026-02-02 12:34:12,237 | INFO | Checking Completed. Sleeping...
2026-02-02 12:35:12,238 | INFO | Checking stock prices...
2026-02-02 12:35:21,634 | INFO | Checking Completed. Sleeping...
2026-02-02 12:36:21,635 | INFO | Checking stock prices...
2026-02-02 12:36:29,539 | INFO | Checking Completed. Sleeping...
2026-02-02 12:37:29,540 | INFO | Checking stock prices...
2026-02-02 12:37:36,946 | INFO | Checking Completed. Sleeping...
2026-02-02 12:38:36,947 | INFO | Checking stock prices...
2026-02-02 12:38:45,004 | INFO | Checking Completed. Sleeping...
2026-02-02 12:39:45,005 | INFO | Checking stock prices...
2026-02-02 12:39:53,409 | INFO | Checking Completed. Sleeping...
2026-02-02 12:40:53,410 | INFO | Checking stock prices...
2026-02-02 12:41:02,356 | INFO | Checking Completed. Sleeping...
2026-02-02 12:42:02,357 | INFO | Checking stock prices...
2026-02-02 12:42:11,224 | INFO | Checking Completed. Sleeping...
2026-02-02 12:43:11,225 | INFO | Checking stock prices...
2026-02-02 12:43:20,232 | INFO | Checking Completed. Sleeping...
2026-02-02 12:44:20,233 | INFO | Checking stock prices...
2026-02-02 12:44:29,002 | INFO | Checking Completed. Sleeping...
2026-02-02 12:45:29,003 | INFO | Checking stock prices...
2026-02-02 12:45:37,123 | INFO | Checking Completed. Sleeping...
2026-02-02 12:46:37,124 | INFO | Checking stock prices...
2026-02-02 12:46:44,368 | INFO | Checking Completed. Sleeping...
2026-02-02 12:47:44,369 | INFO | Checking stock prices...
2026-02-02 12:47:52,611 | INFO | Checking Completed. Sleeping...
2026-02-02 12:48:52,613 | INFO | Checking stock prices...
2026-02-02 12:49:02,676 | INFO | Checking Completed. Sleeping...
2026-02-02 12:50:02,677 | INFO | Checking stock prices...
2026-02-02 12:50:10,734 | INFO | Checking Completed. Sleeping...
2026-02-02 12:51:10,735 | INFO | Checking stock prices...
2026-02-02 12:51:19,579 | INFO | Checking Completed. Sleeping...
2026-02-02 12:52:19,580 | INFO | Checking stock prices...
2026-02-02 12:52:27,187 | INFO | Checking Completed. Sleeping...
2026-02-02 12:53:27,188 | INFO | Checking stock prices...
2026-02-02 12:53:35,262 | INFO | Checking Completed. Sleeping...
2026-02-02 12:54:35,263 | INFO | Checking stock prices...
2026-02-02 12:54:45,132 | INFO | Checking Completed. Sleeping...
2026-02-02 12:55:45,133 | INFO | Checking stock prices...
2026-02-02 12:55:54,049 | INFO | Checking Completed. Sleeping...
2026-02-02 12:56:54,050 | INFO | Checking stock prices...
2026-02-02 12:57:02,088 | INFO | Checking Completed. Sleeping...
2026-02-02 12:58:02,089 | INFO | Checking stock prices...
2026-02-02 12:58:13,828 | INFO | Checking Completed. Sleeping...
2026-02-02 12:59:13,829 | INFO | Checking stock prices...
2026-02-02 12:59:23,256 | INFO | Checking Completed. Sleeping...
2026-02-02 13:00:23,257 | INFO | Checking stock prices...
2026-02-02 13:00:31,181 | INFO | Checking Completed. Sleeping...
2026-02-02 13:01:31,182 | INFO | Checking stock prices...
2026-02-02 13:01:40,128 | INFO | Checking Completed. Sleeping...
2026-02-02 13:02:40,129 | INFO | Checking stock prices...
2026-02-02 13:02:47,959 | INFO | Checking Completed. Sleeping...
2026-02-02 13:03:47,960 | INFO | Checking stock prices...
2026-02-02 13:03:56,799 | INFO | Checking Completed. Sleeping...
2026-02-02 13:04:56,799 | INFO | Checking stock prices...
2026-02-02 13:05:04,821 | INFO | Checking Completed. Sleeping...
2026-02-02 13:06:04,822 | INFO | Checking stock prices...
2026-02-02 13:06:16,223 | INFO | Checking Completed. Sleeping...
2026-02-02 13:07:16,224 | INFO | Checking stock prices...
2026-02-02 13:07:25,982 | INFO | Checking Completed. Sleeping...
2026-02-02 13:08:25,983 | INFO | Checking stock prices...
2026-02-02 13:08:34,989 | INFO | Checking Completed. Sleeping...
2026-02-02 13:09:34,990 | INFO | Checking stock prices...
2026-02-02 13:09:42,736 | INFO | Checking Completed. Sleeping...
2026-02-02 13:10:42,737 | INFO | Checking stock prices...
2026-02-02 13:10:52,016 | INFO | Checking Completed. Sleeping...
2026-02-02 13:11:52,016 | INFO | Checking stock prices...
2026-02-02 13:12:00,013 | INFO | Checking Completed. Sleeping...
2026-02-02 13:13:00,014 | INFO | Checking stock prices...
2026-02-02 13:13:09,952 | INFO | Checking Completed. Sleeping...
2026-02-02 13:14:09,954 | INFO | Checking stock prices...
2026-02-02 13:14:23,337 | INFO | Checking Completed. Sleeping...
2026-02-02 13:15:23,338 | INFO | Checking stock prices...
2026-02-02 13:15:34,508 | INFO | Checking Completed. Sleeping...
2026-02-02 13:16:34,509 | INFO | Checking stock prices...
2026-02-02 13:16:45,389 | INFO | Checking Completed. Sleeping...
2026-02-02 13:17:45,390 | INFO | Checking stock prices...
2026-02-02 13:17:57,498 | INFO | Checking Completed. Sleeping...
2026-02-02 13:18:57,499 | INFO | Checking stock prices...
2026-02-02 13:19:08,696 | INFO | Checking Completed. Sleeping...
2026-02-02 13:20:08,697 | INFO | Checking stock prices...
2026-02-02 13:20:19,178 | INFO | Checking Completed. Sleeping...
2026-02-02 13:21:19,178 | INFO | Checking stock prices...
2026-02-02 13:21:30,188 | INFO | Checking Completed. Sleeping...
2026-02-02 13:22:30,189 | INFO | Checking stock prices...
2026-02-02 13:22:41,972 | INFO | Checking Completed. Sleeping...
2026-02-02 13:23:41,973 | INFO | Checking stock prices...
2026-02-02 13:23:54,575 | INFO | Checking Completed. Sleeping...
2026-02-02 13:24:54,576 | INFO | Checking stock prices...
2026-02-02 13:25:05,745 | INFO | Checking Completed. Sleeping...
2026-02-02 13:26:05,746 | INFO | Checking stock prices...
2026-02-02 13:26:17,539 | INFO | Checking Completed. Sleeping...
2026-02-02 13:27:17,540 | INFO | Checking stock prices...
2026-02-02 13:27:27,959 | INFO | Checking Completed. Sleeping...
2026-02-02 13:28:27,960 | INFO | Checking stock prices...
2026-02-02 13:28:39,384 | INFO | Checking Completed. Sleeping...
2026-02-02 13:29:39,385 | INFO | Checking stock prices...
2026-02-02 13:29:51,346 | INFO | Checking Completed. Sleeping...
2026-02-02 13:30:51,347 | INFO | Checking stock prices...
2026-02-02 13:31:03,840 | INFO | Checking Completed. Sleeping...
2026-02-02 13:32:03,841 | INFO | Checking stock prices...
2026-02-02 13:32:15,551 | INFO | Checking Completed. Sleeping...
2026-02-02 13:33:15,552 | INFO | Checking stock prices...
2026-02-02 13:33:26,307 | INFO | Checking Completed. Sleeping...
2026-02-02 13:34:26,307 | INFO | Checking stock prices...
2026-02-02 13:34:37,303 | INFO | Checking Completed. Sleeping...
2026-02-02 13:35:37,304 | INFO | Checking stock prices...
2026-02-02 13:35:47,458 | INFO | Checking Completed. Sleeping...
2026-02-02 13:36:47,459 | INFO | Checking stock prices...
2026-02-02 13:36:57,414 | INFO | Checking Completed. Sleeping...
2026-02-02 13:37:57,415 | INFO | Checking stock prices...
2026-02-02 13:38:08,246 | INFO | Checking Completed. Sleeping...
2026-02-02 13:39:08,247 | INFO | Checking stock prices...
2026-02-02 13:39:19,095 | INFO | Checking Completed. Sleeping...
2026-02-02 13:40:19,095 | INFO | Checking stock prices...
2026-02-02 13:40:29,059 | INFO | Checking Completed. Sleeping...
2026-02-02 13:41:29,060 | INFO | Checking stock prices...
2026-02-02 13:41:40,919 | INFO | Checking Completed. Sleeping...
2026-02-02 13:42:40,920 | INFO | Checking stock prices...
2026-02-02 13:42:51,543 | INFO | Checking Completed. Sleeping...
2026-02-02 13:43:51,544 | INFO | Checking stock prices...
2026-02-02 13:44:02,102 | INFO | Checking Completed. Sleeping...
2026-02-02 13:45:02,102 | INFO | Checking stock prices...
2026-02-02 13:45:11,896 | INFO | Checking Completed. Sleeping...
2026-02-02 13:46:11,897 | INFO | Checking stock prices...
2026-02-02 13:46:22,468 | INFO | Checking Completed. Sleeping...
2026-02-02 13:47:22,469 | INFO | Checking stock prices...
2026-02-02 13:47:33,531 | INFO | Checking Completed. Sleeping...
2026-02-02 13:48:33,532 | INFO | Checking stock prices...
2026-02-02 13:48:44,373 | INFO | Checking Completed. Sleeping...
2026-02-02 13:49:44,374 | INFO | Checking stock prices...
2026-02-02 13:49:56,103 | INFO | Checking Completed. Sleeping...
2026-02-02 13:50:56,105 | INFO | Checking stock prices...
2026-02-02 13:51:07,310 | INFO | Checking Completed. Sleeping...
2026-02-02 13:52:07,311 | INFO | Checking stock prices...
2026-02-02 13:52:18,026 | INFO | Checking Completed. Sleeping...
2026-02-02 13:53:18,026 | INFO | Checking stock prices...
2026-02-02 13:53:28,463 | INFO | Checking Completed. Sleeping...
2026-02-02 13:54:28,464 | INFO | Checking stock prices...
2026-02-02 13:54:39,284 | INFO | Checking Completed. Sleeping...
2026-02-02 13:55:39,285 | INFO | Checking stock prices...
2026-02-02 13:55:48,990 | INFO | Checking Completed. Sleeping...
2026-02-02 13:56:48,991 | INFO | Checking stock prices...
2026-02-02 13:56:59,920 | INFO | Checking Completed. Sleeping...
2026-02-02 13:57:59,921 | INFO | Checking stock prices...
2026-02-02 13:58:09,918 | INFO | ALERT | ITC | LOW | Last Exit Price: 0 | Price: 314.1499938964844 | Alert: 450.0
2026-02-02 13:58:20,352 | INFO | Checking Completed. Sleeping...
2026-02-02 13:59:20,352 | INFO | Checking stock prices...
2026-02-02 13:59:30,850 | INFO | Checking Completed. Sleeping...
2026-02-02 14:00:30,851 | INFO | Checking stock prices...
2026-02-02 14:00:40,596 | INFO | Checking Completed. Sleeping...
2026-02-02 14:01:40,597 | INFO | Checking stock prices...
2026-02-02 14:01:53,652 | INFO | Checking Completed. Sleeping...
2026-02-02 14:02:53,653 | INFO | Checking stock prices...
2026-02-02 14:03:04,610 | INFO | Checking Completed. Sleeping...
2026-02-02 14:04:04,611 | INFO | Checking stock prices...
2026-02-02 14:04:14,858 | INFO | Checking Completed. Sleeping...
2026-02-02 14:05:14,859 | INFO | Checking stock prices...
2026-02-02 14:05:27,142 | INFO | Checking Completed. Sleeping...
2026-02-02 14:06:27,143 | INFO | Checking stock prices...
2026-02-02 14:06:43,546 | INFO | Checking Completed. Sleeping...
2026-02-02 14:07:43,547 | INFO | Checking stock prices...
2026-02-02 14:07:54,813 | INFO | Checking Completed. Sleeping...
2026-02-02 14:08:54,814 | INFO | Checking stock prices...
2026-02-02 14:09:06,386 | INFO | Checking Completed. Sleeping...
2026-02-02 14:10:06,386 | INFO | Checking stock prices...
2026-02-02 14:10:17,186 | INFO | Checking Completed. Sleeping...
2026-02-02 14:11:17,187 | INFO | Checking stock prices...
2026-02-02 14:11:28,655 | INFO | Checking Completed. Sleeping...
2026-02-02 14:12:28,656 | INFO | Checking stock prices...
2026-02-02 14:12:41,363 | INFO | Checking Completed. Sleeping...
2026-02-02 14:13:41,364 | INFO | Checking stock prices...
2026-02-02 14:13:51,815 | INFO | Checking Completed. Sleeping...
2026-02-02 14:14:51,816 | INFO | Checking stock prices...
2026-02-02 14:15:02,977 | INFO | Checking Completed. Sleeping...
2026-02-02 14:16:02,978 | INFO | Checking stock prices...
2026-02-02 14:16:13,723 | INFO | Checking Completed. Sleeping...
2026-02-02 14:17:13,724 | INFO | Checking stock prices...
2026-02-02 14:17:25,351 | INFO | Checking Completed. Sleeping...
2026-02-02 14:18:25,352 | INFO | Checking stock prices...
2026-02-02 14:18:36,851 | INFO | Checking Completed. Sleeping...
2026-02-02 14:19:36,852 | INFO | Checking stock prices...
2026-02-02 14:19:48,332 | INFO | Checking Completed. Sleeping...
2026-02-02 14:20:48,333 | INFO | Checking stock prices...
2026-02-02 14:20:58,932 | INFO | Checking Completed. Sleeping...
2026-02-02 14:21:58,933 | INFO | Checking stock prices...
2026-02-02 14:22:10,092 | INFO | Checking Completed. Sleeping...
2026-02-02 14:23:10,092 | INFO | Checking stock prices...
2026-02-02 14:23:21,649 | INFO | Checking Completed. Sleeping...
2026-02-02 14:24:21,650 | INFO | Checking stock prices...
2026-02-02 14:24:34,628 | INFO | Checking Completed. Sleeping...
2026-02-02 14:25:34,629 | INFO | Checking stock prices...
2026-02-02 14:25:46,502 | INFO | Checking Completed. Sleeping...
2026-02-02 14:26:46,503 | INFO | Checking stock prices...
2026-02-02 14:26:57,956 | INFO | Checking Completed. Sleeping...
2026-02-02 14:27:57,957 | INFO | Checking stock prices...
2026-02-02 14:28:09,144 | INFO | Checking Completed. Sleeping...
2026-02-02 14:29:09,145 | INFO | Checking stock prices...
2026-02-02 14:29:21,674 | INFO | Checking Completed. Sleeping...
2026-02-02 14:30:21,675 | INFO | Checking stock prices...
2026-02-02 14:30:32,574 | INFO | Checking Completed. Sleeping...
2026-02-02 14:31:32,575 | INFO | Checking stock prices...
2026-02-02 14:31:44,611 | INFO | Checking Completed. Sleeping...
2026-02-02 14:32:44,612 | INFO | Checking stock prices...
2026-02-02 14:32:55,944 | INFO | Checking Completed. Sleeping...
2026-02-02 14:33:55,945 | INFO | Checking stock prices...
2026-02-02 14:34:07,605 | INFO | Checking Completed. Sleeping...
2026-02-02 14:35:07,606 | INFO | Checking stock prices...
2026-02-02 14:35:19,914 | INFO | Checking Completed. Sleeping...
2026-02-02 14:36:19,915 | INFO | Checking stock prices...
2026-02-02 14:36:33,247 | INFO | Checking Completed. Sleeping...
2026-02-02 14:37:33,248 | INFO | Checking stock prices...
2026-02-02 14:37:44,890 | INFO | Checking Completed. Sleeping...
2026-02-02 14:38:44,891 | INFO | Checking stock prices...
2026-02-02 14:38:55,267 | INFO | Checking Completed. Sleeping...
2026-02-02 14:39:55,268 | INFO | Checking stock prices...
2026-02-02 14:40:06,744 | INFO | Checking Completed. Sleeping...
2026-02-02 14:41:06,745 | INFO | Checking stock prices...
2026-02-02 14:41:18,194 | INFO | Checking Completed. Sleeping...
2026-02-02 14:42:18,195 | INFO | Checking stock prices...
2026-02-02 14:42:29,255 | INFO | Checking Completed. Sleeping...
2026-02-02 14:43:29,256 | INFO | Checking stock prices...
2026-02-02 14:43:40,314 | INFO | Checking Completed. Sleeping...
2026-02-02 14:44:40,315 | INFO | Checking stock prices...
2026-02-02 14:44:51,945 | INFO | Checking Completed. Sleeping...
2026-02-02 14:45:51,946 | INFO | Checking stock prices...
2026-02-02 14:46:03,719 | INFO | Checking Completed. Sleeping...
2026-02-02 14:47:03,721 | INFO | Checking stock prices...
2026-02-02 14:47:14,327 | INFO | Checking Completed. Sleeping...
2026-02-02 14:48:14,328 | INFO | Checking stock prices...
2026-02-02 14:48:26,161 | INFO | Checking Completed. Sleeping...
2026-02-02 14:49:26,162 | INFO | Checking stock prices...
2026-02-02 14:49:38,703 | INFO | Checking Completed. Sleeping...
2026-02-02 14:50:38,704 | INFO | Checking stock prices...
2026-02-02 14:50:51,841 | INFO | Checking Completed. Sleeping...
2026-02-02 14:51:51,842 | INFO | Checking stock prices...
2026-02-02 14:52:05,954 | INFO | Checking Completed. Sleeping...
2026-02-02 14:53:05,955 | INFO | Checking stock prices...
2026-02-02 14:53:17,856 | INFO | Checking Completed. Sleeping...
2026-02-02 14:54:17,857 | INFO | Checking stock prices...
2026-02-02 14:54:29,175 | INFO | Checking Completed. Sleeping...
2026-02-02 14:55:29,176 | INFO | Checking stock prices...
2026-02-02 14:55:41,542 | INFO | Checking Completed. Sleeping...
2026-02-02 14:56:41,543 | INFO | Checking stock prices...
2026-02-02 14:56:52,220 | INFO | Checking Completed. Sleeping...
2026-02-02 14:57:52,221 | INFO | Checking stock prices...
2026-02-02 14:58:03,096 | INFO | Checking Completed. Sleeping...
2026-02-02 14:59:03,097 | INFO | Checking stock prices...
2026-02-02 14:59:13,896 | INFO | Checking Completed. Sleeping...
2026-02-02 15:00:13,896 | INFO | Checking stock prices...
2026-02-02 15:00:25,409 | INFO | Checking Completed. Sleeping...
2026-02-02 15:01:25,410 | INFO | Checking stock prices...
2026-02-02 15:01:36,443 | INFO | Checking Completed. Sleeping...
2026-02-02 15:02:36,444 | INFO | Checking stock prices...
2026-02-02 15:02:48,200 | INFO | Checking Completed. Sleeping...
2026-02-02 15:03:48,200 | INFO | Checking stock prices...
2026-02-02 15:03:58,883 | INFO | Checking Completed. Sleeping...
2026-02-02 15:04:58,884 | INFO | Checking stock prices...
2026-02-02 15:05:09,545 | INFO | Checking Completed. Sleeping...
2026-02-02 15:06:09,546 | INFO | Checking stock prices...
2026-02-02 15:06:20,454 | INFO | Checking Completed. Sleeping...
2026-02-02 15:07:20,455 | INFO | Checking stock prices...
2026-02-02 15:07:32,158 | INFO | Checking Completed. Sleeping...
2026-02-02 15:08:32,159 | INFO | Checking stock prices...
2026-02-02 15:08:42,341 | INFO | Checking Completed. Sleeping...
2026-02-02 15:09:42,342 | INFO | Checking stock prices...
2026-02-02 15:09:53,871 | INFO | Checking Completed. Sleeping...
2026-02-02 15:10:53,872 | INFO | Checking stock prices...
2026-02-02 15:11:06,271 | INFO | Checking Completed. Sleeping...
2026-02-02 15:12:06,272 | INFO | Checking stock prices...
2026-02-02 15:12:18,156 | INFO | Checking Completed. Sleeping...
2026-02-02 15:13:18,157 | INFO | Checking stock prices...
2026-02-02 15:13:29,190 | INFO | Checking Completed. Sleeping...
2026-02-02 15:14:29,191 | INFO | Checking stock prices...
2026-02-02 15:14:41,190 | INFO | Checking Completed. Sleeping...
2026-02-02 15:15:41,191 | INFO | Checking stock prices...
2026-02-02 15:15:53,132 | INFO | Checking Completed. Sleeping...
2026-02-02 15:16:53,133 | INFO | Checking stock prices...
2026-02-02 15:17:03,334 | INFO | Checking Completed. Sleeping...
2026-02-02 15:18:03,335 | INFO | Checking stock prices...
2026-02-02 15:18:14,426 | INFO | Checking Completed. Sleeping...
2026-02-02 15:19:14,427 | INFO | Checking stock prices...
2026-02-02 15:19:25,176 | INFO | Checking Completed. Sleeping...
2026-02-02 15:20:25,177 | INFO | Checking stock prices...
2026-02-02 15:20:35,219 | INFO | Checking Completed. Sleeping...
2026-02-02 15:21:35,219 | INFO | Checking stock prices...
2026-02-02 15:21:47,116 | INFO | Checking Completed. Sleeping...
2026-02-02 15:22:47,117 | INFO | Checking stock prices...
2026-02-02 15:22:59,084 | INFO | Checking Completed. Sleeping...
2026-02-02 15:23:59,085 | INFO | Checking stock prices...
2026-02-02 15:24:12,224 | INFO | Checking Completed. Sleeping...
2026-02-02 15:25:12,224 | INFO | Checking stock prices...
2026-02-02 15:25:24,187 | INFO | Checking Completed. Sleeping...
2026-02-02 15:26:24,188 | INFO | Checking stock prices...
2026-02-02 15:26:35,573 | INFO | Checking Completed. Sleeping...
2026-02-02 15:27:35,574 | INFO | Checking stock prices...
2026-02-02 15:27:47,253 | INFO | Checking Completed. Sleeping...
2026-02-02 15:28:47,254 | INFO | Checking stock prices...
2026-02-02 15:28:59,756 | INFO | Checking Completed. Sleeping...
2026-02-02 15:29:59,757 | INFO | Checking stock prices...
2026-02-02 15:30:11,336 | INFO | Checking Completed. Sleeping...
2026-02-02 15:31:11,336 | INFO | Checking stock prices...
2026-02-02 15:31:11,338 | INFO | Market closed during runtime — shutting down
2026-02-02 15:31:11,339 | INFO | Stock alert service stopped
2026-02-02 16:44:33,408 | INFO | Stock alert service started
2026-02-02 16:44:33,409 | INFO | Market is closed — shutting down application
2026-02-02 16:46:04,706 | INFO | Stock alert service started
2026-02-02 16:46:04,706 | INFO | Market is closed — shutting down application
2026-02-02 16:46:36,727 | INFO | Stock alert service started
2026-02-02 16:46:36,727 | INFO | Market is closed — shutting down application
2026-02-02 16:47:39,296 | INFO | Stock alert service started
2026-02-02 16:47:39,296 | INFO | Market is closed — shutting down application
2026-02-02 16:48:21,488 | INFO | Stock alert service started
2026-02-02 16:48:21,489 | INFO | Market is open — starting monitoring
2026-02-02 16:49:03,869 | INFO | Stock alert service started
2026-02-02 16:49:03,869 | INFO | Market is closed — shutting down application
2026-02-02 16:49:25,172 | INFO | Stock alert service started
2026-02-02 16:49:25,172 | INFO | Market is open — starting monitoring
2026-02-02 16:49:35,176 | INFO | Checking stock prices...
2026-02-02 16:49:47,384 | INFO | Checking Completed. Sleeping...
2026-02-02 16:50:47,385 | INFO | Checking stock prices...
2026-02-02 16:50:47,385 | INFO | Market closed during runtime — shutting down
2026-02-02 16:50:47,385 | INFO | Stock alert service stopped
