2026-02-01 13:00:13,611 | INFO | Stock alert service started
2026-02-01 13:00:13,612 | INFO | Market is closed — shutting down application
2026-02-01 14:20:42,612 | INFO | Stock alert service started
2026-02-01 14:20:42,613 | INFO | Market is open — starting monitoring
2026-02-01 14:20:42,613 | INFO | Checking stock prices...
2026-02-01 14:20:52,492 | INFO | Checking Completed. Sleeping...
2026-02-01 14:21:52,495 | INFO | Checking stock prices...
2026-02-01 14:21:58,885 | INFO | Checking Completed. Sleeping...
2026-02-01 14:22:58,885 | INFO | Checking stock prices...
2026-02-01 14:23:06,946 | INFO | Checking Completed. Sleeping...
2026-02-01 14:24:06,947 | INFO | Checking stock prices...
2026-02-01 14:24:13,952 | INFO | Checking Completed. Sleeping...
2026-02-01 14:25:13,953 | INFO | Checking stock prices...
2026-02-01 14:25:20,509 | INFO | Checking Completed. Sleeping...
2026-02-01 14:26:20,510 | INFO | Checking stock prices...
2026-02-01 14:26:26,944 | INFO | Checking Completed. Sleeping...
2026-02-01 14:27:26,944 | INFO | Checking stock prices...
2026-02-01 14:27:33,296 | INFO | Checking Completed. Sleeping...
2026-02-01 14:28:33,296 | INFO | Checking stock prices...
2026-02-01 14:28:40,386 | INFO | Checking Completed. Sleeping...
2026-02-01 14:29:40,387 | INFO | Checking stock prices...
2026-02-01 14:29:48,058 | INFO | Checking Completed. Sleeping...
2026-02-01 14:30:48,058 | INFO | Checking stock prices...
2026-02-01 14:30:56,003 | INFO | Checking Completed. Sleeping...
2026-02-01 14:31:56,004 | INFO | Checking stock prices...
2026-02-01 14:32:02,380 | INFO | Checking Completed. Sleeping...
2026-02-01 14:33:02,380 | INFO | Checking stock prices...
2026-02-01 14:33:10,638 | INFO | Checking Completed. Sleeping...
2026-02-01 14:34:10,639 | INFO | Checking stock prices...
2026-02-01 14:34:17,453 | INFO | Checking Completed. Sleeping...
2026-02-01 14:35:17,454 | INFO | Checking stock prices...
2026-02-01 14:35:23,677 | INFO | Checking Completed. Sleeping...
2026-02-01 14:36:23,678 | INFO | Checking stock prices...
2026-02-01 14:36:30,116 | INFO | Checking Completed. Sleeping...
2026-02-01 14:37:30,117 | INFO | Checking stock prices...
2026-02-01 14:37:36,696 | INFO | Checking Completed. Sleeping...
2026-02-01 14:38:36,697 | INFO | Checking stock prices...
2026-02-01 14:38:44,207 | INFO | Checking Completed. Sleeping...
2026-02-01 14:39:44,208 | INFO | Checking stock prices...
2026-02-01 14:39:50,880 | INFO | Checking Completed. Sleeping...
2026-02-01 14:40:50,881 | INFO | Checking stock prices...
2026-02-01 14:40:57,602 | INFO | Checking Completed. Sleeping...
2026-02-01 14:41:57,602 | INFO | Checking stock prices...
2026-02-01 14:42:04,091 | INFO | Checking Completed. Sleeping...
2026-02-01 14:43:04,091 | INFO | Checking stock prices...
2026-02-01 14:43:11,632 | INFO | Checking Completed. Sleeping...
2026-02-01 14:44:11,635 | INFO | Checking stock prices...
2026-02-01 14:44:18,339 | INFO | Checking Completed. Sleeping...
2026-02-01 14:45:18,339 | INFO | Checking stock prices...
2026-02-01 14:45:24,943 | INFO | Checking Completed. Sleeping...
2026-02-01 14:46:24,945 | INFO | Checking stock prices...
2026-02-01 14:46:31,491 | INFO | Checking Completed. Sleeping...
2026-02-01 14:47:31,492 | INFO | Checking stock prices...
2026-02-01 14:47:38,412 | INFO | Checking Completed. Sleeping...
2026-02-01 14:48:38,413 | INFO | Checking stock prices...
2026-02-01 14:48:45,236 | INFO | Checking Completed. Sleeping...
2026-02-01 14:49:45,237 | INFO | Checking stock prices...
2026-02-01 14:49:52,036 | INFO | Checking Completed. Sleeping...
2026-02-01 14:50:52,037 | INFO | Checking stock prices...
2026-02-01 14:50:58,884 | INFO | Checking Completed. Sleeping...
2026-02-01 14:51:58,885 | INFO | Checking stock prices...
2026-02-01 14:52:05,289 | INFO | Checking Completed. Sleeping...
2026-02-01 14:53:05,291 | INFO | Checking stock prices...
2026-02-01 14:53:11,847 | INFO | Checking Completed. Sleeping...
2026-02-01 14:54:11,848 | INFO | Checking stock prices...
2026-02-01 14:54:18,034 | INFO | Checking Completed. Sleeping...
2026-02-01 14:55:18,036 | INFO | Checking stock prices...
2026-02-01 14:55:24,605 | INFO | Checking Completed. Sleeping...
2026-02-01 14:56:24,606 | INFO | Checking stock prices...
2026-02-01 14:56:31,850 | INFO | Checking Completed. Sleeping...
2026-02-01 14:57:31,852 | INFO | Checking stock prices...
2026-02-01 14:57:38,563 | INFO | Checking Completed. Sleeping...
2026-02-01 14:58:38,564 | INFO | Checking stock prices...
2026-02-01 14:58:45,432 | INFO | Checking Completed. Sleeping...
2026-02-01 14:59:45,433 | INFO | Checking stock prices...
2026-02-01 14:59:51,972 | INFO | Checking Completed. Sleeping...
2026-02-01 15:00:51,973 | INFO | Checking stock prices...
2026-02-01 15:00:58,994 | INFO | Checking Completed. Sleeping...
2026-02-01 15:01:58,995 | INFO | Checking stock prices...
2026-02-01 15:02:06,173 | INFO | Checking Completed. Sleeping...
2026-02-01 15:03:06,174 | INFO | Checking stock prices...
2026-02-01 15:03:13,818 | INFO | Checking Completed. Sleeping...
2026-02-01 15:04:13,820 | INFO | Checking stock prices...
2026-02-01 15:04:20,494 | INFO | Checking Completed. Sleeping...
2026-02-01 15:05:20,495 | INFO | Checking stock prices...
2026-02-01 15:05:27,374 | INFO | Checking Completed. Sleeping...
2026-02-01 15:06:27,375 | INFO | Checking stock prices...
2026-02-01 15:06:34,442 | INFO | Checking Completed. Sleeping...
2026-02-01 15:07:34,443 | INFO | Checking stock prices...
2026-02-01 15:07:42,221 | INFO | Checking Completed. Sleeping...
2026-02-01 15:08:42,222 | INFO | Checking stock prices...
2026-02-01 15:08:49,108 | INFO | Checking Completed. Sleeping...
2026-02-01 15:09:49,110 | INFO | Checking stock prices...
2026-02-01 15:09:56,456 | INFO | Checking Completed. Sleeping...
2026-02-01 15:10:56,457 | INFO | Checking stock prices...
2026-02-01 15:11:03,194 | INFO | Checking Completed. Sleeping...
2026-02-01 15:12:03,195 | INFO | Checking stock prices...
2026-02-01 15:12:09,663 | INFO | Checking Completed. Sleeping...
2026-02-01 15:13:09,664 | INFO | Checking stock prices...
2026-02-01 15:13:16,121 | INFO | Checking Completed. Sleeping...
2026-02-01 15:14:16,122 | INFO | Checking stock prices...
2026-02-01 15:14:23,135 | INFO | Checking Completed. Sleeping...
2026-02-01 15:15:23,136 | INFO | Checking stock prices...
2026-02-01 15:15:29,438 | INFO | Checking Completed. Sleeping...
