2026-02-17 15:42:02,835 | INFO | Stock alert service started
2026-02-17 15:42:02,838 | INFO | Market is closed — shutting down application
2026-02-17 15:44:29,064 | INFO | Stock alert service started
2026-02-17 15:44:29,065 | INFO | Market is closed — shutting down application
2026-02-17 15:47:33,916 | INFO | Stock alert service started
2026-02-17 15:47:33,917 | INFO | Market is open — starting monitoring
2026-02-17 15:47:43,925 | INFO | Checking stock prices...
2026-02-17 15:47:50,936 | INFO | Checking Completed. Sleeping...
2026-02-17 15:48:50,937 | INFO | Checking stock prices...
2026-02-17 15:48:56,887 | INFO | Checking Completed. Sleeping...
2026-02-17 15:49:56,888 | INFO | Checking stock prices...
2026-02-17 15:50:02,457 | INFO | Checking Completed. Sleeping...
2026-02-17 15:51:02,458 | INFO | Checking stock prices...
2026-02-17 15:51:08,136 | INFO | Checking Completed. Sleeping...
2026-02-17 15:52:08,137 | INFO | Checking stock prices...
2026-02-17 15:52:13,638 | INFO | Checking Completed. Sleeping...
2026-02-17 15:53:13,639 | INFO | Checking stock prices...
2026-02-17 15:53:19,429 | INFO | Checking Completed. Sleeping...
2026-02-17 15:54:19,430 | INFO | Checking stock prices...
2026-02-17 15:54:25,208 | INFO | Checking Completed. Sleeping...
2026-02-17 15:55:25,209 | INFO | Checking stock prices...
2026-02-17 15:55:30,863 | INFO | Checking Completed. Sleeping...
2026-02-17 15:56:30,864 | INFO | Checking stock prices...
2026-02-17 15:56:36,665 | INFO | Checking Completed. Sleeping...
2026-02-17 15:57:36,666 | INFO | Checking stock prices...
2026-02-17 15:57:42,448 | INFO | Checking Completed. Sleeping...
