2026-02-19 13:57:13,757 | INFO | Stock alert service started
2026-02-19 13:57:13,758 | INFO | Market is open — starting monitoring
2026-02-19 13:57:23,764 | INFO | Checking stock prices...
2026-02-19 13:57:30,865 | INFO | Checking Completed. Sleeping...
2026-02-19 13:58:30,866 | INFO | Checking stock prices...
2026-02-19 13:58:37,224 | INFO | Checking Completed. Sleeping...
2026-02-19 13:59:37,225 | INFO | Checking stock prices...
2026-02-19 13:59:44,155 | INFO | Checking Completed. Sleeping...
2026-02-19 14:00:44,156 | INFO | Checking stock prices...
2026-02-19 14:00:49,804 | INFO | Checking Completed. Sleeping...
2026-02-19 14:01:49,805 | INFO | Checking stock prices...
2026-02-19 14:01:55,958 | INFO | Checking Completed. Sleeping...
2026-02-19 14:02:55,961 | INFO | Checking stock prices...
2026-02-19 14:03:02,804 | INFO | Checking Completed. Sleeping...
2026-02-19 14:04:02,805 | INFO | Checking stock prices...
2026-02-19 14:04:10,533 | INFO | Checking Completed. Sleeping...
2026-02-19 14:05:10,534 | INFO | Checking stock prices...
2026-02-19 14:05:17,220 | INFO | Checking Completed. Sleeping...
2026-02-19 14:06:17,222 | INFO | Checking stock prices...
2026-02-19 14:06:23,556 | INFO | Checking Completed. Sleeping...
2026-02-19 14:07:23,557 | INFO | Checking stock prices...
2026-02-19 14:07:30,147 | INFO | Checking Completed. Sleeping...
2026-02-19 14:08:30,148 | INFO | Checking stock prices...
2026-02-19 14:08:36,697 | INFO | Checking Completed. Sleeping...
2026-02-19 14:09:36,698 | INFO | Checking stock prices...
2026-02-19 14:09:42,996 | INFO | Checking Completed. Sleeping...
2026-02-19 14:10:42,997 | INFO | Checking stock prices...
2026-02-19 14:10:49,424 | INFO | Checking Completed. Sleeping...
2026-02-19 14:11:49,425 | INFO | Checking stock prices...
2026-02-19 14:11:55,669 | INFO | Checking Completed. Sleeping...
2026-02-19 14:12:55,670 | INFO | Checking stock prices...
2026-02-19 14:13:01,496 | INFO | Checking Completed. Sleeping...
2026-02-19 14:14:01,497 | INFO | Checking stock prices...
2026-02-19 14:14:07,903 | INFO | Checking Completed. Sleeping...
2026-02-19 14:15:07,905 | INFO | Checking stock prices...
2026-02-19 14:15:15,292 | INFO | Checking Completed. Sleeping...
2026-02-19 14:16:15,293 | INFO | Checking stock prices...
2026-02-19 14:16:21,265 | INFO | Checking Completed. Sleeping...
2026-02-19 14:17:21,266 | INFO | Checking stock prices...
2026-02-19 14:17:27,399 | INFO | Checking Completed. Sleeping...
2026-02-19 14:18:27,400 | INFO | Checking stock prices...
2026-02-19 14:18:33,627 | INFO | Checking Completed. Sleeping...
2026-02-19 14:19:33,628 | INFO | Checking stock prices...
2026-02-19 14:19:40,080 | INFO | Checking Completed. Sleeping...
2026-02-19 14:20:40,081 | INFO | Checking stock prices...
2026-02-19 14:20:46,315 | INFO | Checking Completed. Sleeping...
2026-02-19 14:21:46,316 | INFO | Checking stock prices...
2026-02-19 14:21:52,511 | INFO | Checking Completed. Sleeping...
2026-02-19 14:22:52,512 | INFO | Checking stock prices...
2026-02-19 14:22:58,284 | INFO | Checking Completed. Sleeping...
2026-02-19 14:23:58,285 | INFO | Checking stock prices...
2026-02-19 14:24:04,675 | INFO | Checking Completed. Sleeping...
2026-02-19 14:25:04,676 | INFO | Checking stock prices...
2026-02-19 14:25:11,744 | INFO | Checking Completed. Sleeping...
2026-02-19 14:26:11,745 | INFO | Checking stock prices...
2026-02-19 14:26:17,872 | INFO | Checking Completed. Sleeping...
2026-02-19 14:27:17,872 | INFO | Checking stock prices...
2026-02-19 14:27:23,959 | INFO | Checking Completed. Sleeping...
2026-02-19 14:28:23,960 | INFO | Checking stock prices...
2026-02-19 14:28:30,705 | INFO | Checking Completed. Sleeping...
2026-02-19 14:29:30,706 | INFO | Checking stock prices...
2026-02-19 14:29:37,808 | INFO | Checking Completed. Sleeping...
2026-02-19 14:30:37,808 | INFO | Checking stock prices...
2026-02-19 14:30:44,974 | INFO | Checking Completed. Sleeping...
2026-02-19 14:31:44,974 | INFO | Checking stock prices...
2026-02-19 14:31:51,876 | INFO | Checking Completed. Sleeping...
2026-02-19 14:32:51,877 | INFO | Checking stock prices...
2026-02-19 14:32:58,164 | INFO | Checking Completed. Sleeping...
2026-02-19 14:33:58,164 | INFO | Checking stock prices...
2026-02-19 14:34:04,090 | INFO | Checking Completed. Sleeping...
2026-02-19 14:35:04,091 | INFO | Checking stock prices...
2026-02-19 14:35:09,968 | INFO | Checking Completed. Sleeping...
2026-02-19 14:36:09,970 | INFO | Checking stock prices...
2026-02-19 14:36:15,885 | INFO | Checking Completed. Sleeping...
2026-02-19 14:37:15,886 | INFO | Checking stock prices...
2026-02-19 14:37:22,104 | INFO | Checking Completed. Sleeping...
2026-02-19 14:38:22,105 | INFO | Checking stock prices...
2026-02-19 14:38:28,699 | INFO | Checking Completed. Sleeping...
2026-02-19 14:39:28,701 | INFO | Checking stock prices...
2026-02-19 14:39:35,063 | INFO | Checking Completed. Sleeping...
2026-02-19 14:40:35,063 | INFO | Checking stock prices...
2026-02-19 14:40:41,459 | INFO | Checking Completed. Sleeping...
2026-02-19 14:41:41,460 | INFO | Checking stock prices...
2026-02-19 14:41:47,587 | INFO | Checking Completed. Sleeping...
2026-02-19 14:42:47,589 | INFO | Checking stock prices...
2026-02-19 14:42:53,610 | INFO | Checking Completed. Sleeping...
2026-02-19 14:43:53,611 | INFO | Checking stock prices...
2026-02-19 14:44:01,223 | INFO | Checking Completed. Sleeping...
2026-02-19 14:45:01,224 | INFO | Checking stock prices...
2026-02-19 14:45:04,905 | INFO | ALERT | NHPC | LOW | Last Exit Price: 83 | Price: 74.69999694824219 | Alert: 74.7
2026-02-19 14:45:16,987 | INFO | Checking Completed. Sleeping...
2026-02-19 14:46:16,988 | INFO | Checking stock prices...
2026-02-19 14:46:23,329 | INFO | Checking Completed. Sleeping...
2026-02-19 14:47:23,330 | INFO | Checking stock prices...
2026-02-19 14:47:29,259 | INFO | Checking Completed. Sleeping...
2026-02-19 14:48:29,260 | INFO | Checking stock prices...
2026-02-19 14:48:35,875 | INFO | Checking Completed. Sleeping...
2026-02-19 14:49:35,876 | INFO | Checking stock prices...
2026-02-19 14:49:42,488 | INFO | Checking Completed. Sleeping...
2026-02-19 14:50:42,490 | INFO | Checking stock prices...
2026-02-19 14:50:48,470 | INFO | Checking Completed. Sleeping...
2026-02-19 14:51:48,471 | INFO | Checking stock prices...
2026-02-19 14:51:54,408 | INFO | Checking Completed. Sleeping...
2026-02-19 14:52:54,409 | INFO | Checking stock prices...
2026-02-19 14:53:00,554 | INFO | Checking Completed. Sleeping...
2026-02-19 14:54:00,556 | INFO | Checking stock prices...
2026-02-19 14:54:06,771 | INFO | Checking Completed. Sleeping...
2026-02-19 14:55:06,772 | INFO | Checking stock prices...
2026-02-19 14:55:13,131 | INFO | Checking Completed. Sleeping...
2026-02-19 14:56:13,133 | INFO | Checking stock prices...
2026-02-19 14:56:19,566 | INFO | Checking Completed. Sleeping...
2026-02-19 14:57:19,568 | INFO | Checking stock prices...
2026-02-19 14:57:26,073 | INFO | Checking Completed. Sleeping...
2026-02-19 14:58:26,074 | INFO | Checking stock prices...
2026-02-19 14:58:31,951 | INFO | Checking Completed. Sleeping...
2026-02-19 14:59:31,952 | INFO | Checking stock prices...
2026-02-19 14:59:38,006 | INFO | Checking Completed. Sleeping...
2026-02-19 15:00:38,008 | INFO | Checking stock prices...
2026-02-19 15:00:44,618 | INFO | Checking Completed. Sleeping...
2026-02-19 15:01:44,619 | INFO | Checking stock prices...
2026-02-19 15:01:48,795 | INFO | ALERT | NHPC | LOW | Last Exit Price: 83 | Price: 74.66000366210938 | Alert: 74.7
2026-02-19 15:02:01,512 | INFO | Checking Completed. Sleeping...
2026-02-19 15:03:01,513 | INFO | Checking stock prices...
2026-02-19 15:03:07,867 | INFO | Checking Completed. Sleeping...
2026-02-19 15:04:07,868 | INFO | Checking stock prices...
2026-02-19 15:04:13,874 | INFO | Checking Completed. Sleeping...
2026-02-19 15:05:13,875 | INFO | Checking stock prices...
2026-02-19 15:05:19,784 | INFO | Checking Completed. Sleeping...
2026-02-19 15:06:19,785 | INFO | Checking stock prices...
2026-02-19 15:06:25,829 | INFO | Checking Completed. Sleeping...
2026-02-19 15:07:25,831 | INFO | Checking stock prices...
2026-02-19 15:07:32,017 | INFO | Checking Completed. Sleeping...
2026-02-19 15:08:32,018 | INFO | Checking stock prices...
2026-02-19 15:08:38,518 | INFO | Checking Completed. Sleeping...
2026-02-19 15:09:38,519 | INFO | Checking stock prices...
2026-02-19 15:09:45,016 | INFO | Checking Completed. Sleeping...
2026-02-19 15:10:45,017 | INFO | Checking stock prices...
2026-02-19 15:10:52,493 | INFO | Checking Completed. Sleeping...
2026-02-19 15:11:52,494 | INFO | Checking stock prices...
2026-02-19 15:11:58,671 | INFO | Checking Completed. Sleeping...
2026-02-19 15:12:58,672 | INFO | Checking stock prices...
2026-02-19 15:13:04,920 | INFO | Checking Completed. Sleeping...
2026-02-19 15:14:04,921 | INFO | Checking stock prices...
2026-02-19 15:14:10,767 | INFO | Checking Completed. Sleeping...
2026-02-19 15:15:10,768 | INFO | Checking stock prices...
2026-02-19 15:15:16,781 | INFO | Checking Completed. Sleeping...
2026-02-19 15:16:16,782 | INFO | Checking stock prices...
2026-02-19 15:16:22,519 | INFO | Checking Completed. Sleeping...
2026-02-19 15:17:22,520 | INFO | Checking stock prices...
2026-02-19 15:17:28,318 | INFO | Checking Completed. Sleeping...
2026-02-19 15:18:28,319 | INFO | Checking stock prices...
2026-02-19 15:18:35,786 | INFO | Checking Completed. Sleeping...
2026-02-19 15:19:35,787 | INFO | Checking stock prices...
2026-02-19 15:19:41,831 | INFO | Checking Completed. Sleeping...
2026-02-19 15:20:41,832 | INFO | Checking stock prices...
2026-02-19 15:20:48,719 | INFO | Checking Completed. Sleeping...
2026-02-19 15:21:48,720 | INFO | Checking stock prices...
2026-02-19 15:21:54,274 | INFO | Checking Completed. Sleeping...
2026-02-19 15:22:54,275 | INFO | Checking stock prices...
2026-02-19 15:23:00,211 | INFO | Checking Completed. Sleeping...
2026-02-19 15:24:00,212 | INFO | Checking stock prices...
2026-02-19 15:24:06,220 | INFO | Checking Completed. Sleeping...
2026-02-19 15:25:06,221 | INFO | Checking stock prices...
2026-02-19 15:25:12,080 | INFO | Checking Completed. Sleeping...
2026-02-19 15:26:12,081 | INFO | Checking stock prices...
2026-02-19 15:26:18,171 | INFO | Checking Completed. Sleeping...
2026-02-19 15:27:18,172 | INFO | Checking stock prices...
2026-02-19 15:27:24,049 | INFO | Checking Completed. Sleeping...
2026-02-19 15:28:24,052 | INFO | Checking stock prices...
2026-02-19 15:28:30,692 | INFO | Checking Completed. Sleeping...
2026-02-19 15:29:30,693 | INFO | Checking stock prices...
2026-02-19 15:29:38,262 | INFO | Checking Completed. Sleeping...
2026-02-19 15:30:38,262 | INFO | Checking stock prices...
2026-02-19 15:30:38,263 | INFO | Market closed during runtime — shutting down
2026-02-19 15:30:38,265 | INFO | Stock alert service stopped
