2026-05-29 15:24:22,402 | INFO | Stock alert service started
2026-05-29 15:24:22,405 | INFO | Market is open — starting monitoring
2026-05-29 15:24:32,418 | INFO | Checking stock prices...
2026-05-29 15:24:40,101 | INFO | ALERT | Vedanta | LOW | Last Exit Price: 567 | Price: 352.0 | Alert: 500.0
2026-05-29 15:24:50,858 | INFO | ALERT | ITC | LOW | Last Exit Price: 0 | Price: 286.54998779296875 | Alert: 301.0
2026-05-29 15:25:00,978 | ERROR | Row error : Unsupported exchange: 
2026-05-29 15:25:00,979 | ERROR | Row error : Unsupported exchange: 
2026-05-29 15:25:01,474 | INFO | Checking Completed. Sleeping...
2026-05-29 15:26:01,475 | INFO | Checking stock prices...
2026-05-29 15:26:07,226 | INFO | ALERT | Vedanta | LOW | Last Exit Price: 567 | Price: 351.29998779296875 | Alert: 500.0
2026-05-29 15:26:17,670 | INFO | ALERT | ITC | LOW | Last Exit Price: 0 | Price: 286.3999938964844 | Alert: 301.0
2026-05-29 15:26:27,785 | ERROR | Row error : Unsupported exchange: 
2026-05-29 15:26:27,785 | ERROR | Row error : Unsupported exchange: 
2026-05-29 15:26:28,221 | INFO | Checking Completed. Sleeping...
2026-05-29 15:27:28,222 | INFO | Checking stock prices...
2026-05-29 15:27:34,171 | INFO | ALERT | ITC | LOW | Last Exit Price: 0 | Price: 286.45001220703125 | Alert: 301.0
2026-05-29 15:27:44,378 | ERROR | Row error : Unsupported exchange: 
2026-05-29 15:27:44,378 | ERROR | Row error : Unsupported exchange: 
2026-05-29 15:27:44,816 | INFO | Checking Completed. Sleeping...
2026-05-29 15:28:44,817 | INFO | Checking stock prices...
2026-05-29 15:28:50,480 | INFO | ALERT | ITC | LOW | Last Exit Price: 0 | Price: 286.95001220703125 | Alert: 301.0
2026-05-29 15:29:00,706 | ERROR | Row error : Unsupported exchange: 
2026-05-29 15:29:00,706 | ERROR | Row error : Unsupported exchange: 
2026-05-29 15:29:01,230 | INFO | Checking Completed. Sleeping...
2026-05-29 15:30:01,231 | INFO | Checking stock prices...
2026-05-29 15:30:01,231 | INFO | Market closed during runtime — shutting down
2026-05-29 15:30:01,231 | INFO | Stock alert service stopped
